[8.309s] DEBUG:colcon:Command line arguments: ['/usr/bin/colcon', 'build', '--symlink-install']
[8.310s] DEBUG:colcon:Parsed command line arguments: Namespace(ament_cmake_args=None, base_paths=['.'], build_base='build', catkin_cmake_args=None, catkin_skip_building_tests=False, cmake_args=None, cmake_clean_cache=False, cmake_clean_first=False, cmake_force_configure=False, cmake_target=None, cmake_target_skip_unavailable=False, continue_on_error=False, event_handlers=None, executor='parallel', ignore_user_meta=False, install_base='install', log_base=None, log_level=None, main=<bound method BuildVerb.main of <colcon_core.verb.build.BuildVerb object at 0x7f6c43181d60>>, merge_install=False, metas=['./colcon.meta'], packages_above=None, packages_above_and_dependencies=None, packages_above_depth=None, packages_end=None, packages_ignore=None, packages_ignore_regex=None, packages_select=None, packages_select_build_failed=False, packages_select_by_dep=None, packages_select_regex=None, packages_select_test_failures=False, packages_skip=None, packages_skip_build_finished=False, packages_skip_by_dep=None, packages_skip_regex=None, packages_skip_test_passed=False, packages_skip_up_to=None, packages_start=None, packages_up_to=None, packages_up_to_regex=None, parallel_workers=8, paths=None, symlink_install=True, test_result_base=None, verb_extension=<colcon_core.verb.build.BuildVerb object at 0x7f6c43181d60>, verb_name='build', verb_parser=<colcon_defaults.argument_parser.defaults.DefaultArgumentsDecorator object at 0x7f6c42e11910>)
[9.131s] Level 1:colcon.colcon_core.package_discovery:discover_packages(colcon_meta) check parameters
[9.132s] Level 1:colcon.colcon_core.package_discovery:discover_packages(recursive) check parameters
[9.134s] Level 1:colcon.colcon_core.package_discovery:discover_packages(ignore) check parameters
[9.134s] Level 1:colcon.colcon_core.package_discovery:discover_packages(path) check parameters
[9.134s] Level 1:colcon.colcon_core.package_discovery:discover_packages(colcon_meta) discover
[9.135s] Level 1:colcon.colcon_core.package_discovery:discover_packages(recursive) discover
[9.135s] INFO:colcon.colcon_core.package_discovery:Crawling recursively for packages in '/home/racecar/racecar_ws/src/lab6_path_planning/path_planning'
[9.137s] Level 1:colcon.colcon_core.package_identification:_identify(.) by extensions ['ignore', 'ignore_ament_install']
[9.138s] Level 1:colcon.colcon_core.package_identification:_identify(.) by extension 'ignore'
[9.138s] Level 1:colcon.colcon_core.package_identification:_identify(.) by extension 'ignore_ament_install'
[9.140s] Level 1:colcon.colcon_core.package_identification:_identify(.) by extensions ['colcon_pkg']
[9.140s] Level 1:colcon.colcon_core.package_identification:_identify(.) by extension 'colcon_pkg'
[9.140s] Level 1:colcon.colcon_core.package_identification:_identify(.) by extensions ['colcon_meta']
[9.141s] Level 1:colcon.colcon_core.package_identification:_identify(.) by extension 'colcon_meta'
[9.141s] Level 1:colcon.colcon_core.package_identification:_identify(.) by extensions ['ros']
[9.141s] Level 1:colcon.colcon_core.package_identification:_identify(.) by extension 'ros'
[9.200s] Level 1:colcon.colcon_core.package_identification:_identify(.) by extensions ['cmake', 'python']
[9.200s] Level 1:colcon.colcon_core.package_identification:_identify(.) by extension 'cmake'
[9.201s] Level 1:colcon.colcon_core.package_identification:_identify(.) by extension 'python'
[9.201s] Level 1:colcon.colcon_core.package_identification:_identify(.) by extensions ['python_setup_py']
[9.202s] Level 1:colcon.colcon_core.package_identification:_identify(.) by extension 'python_setup_py'
[9.205s] Level 1:colcon.colcon_core.package_identification:_identify(__pycache__) by extensions ['ignore', 'ignore_ament_install']
[9.206s] Level 1:colcon.colcon_core.package_identification:_identify(__pycache__) by extension 'ignore'
[9.207s] Level 1:colcon.colcon_core.package_identification:_identify(__pycache__) by extension 'ignore_ament_install'
[9.209s] Level 1:colcon.colcon_core.package_identification:_identify(__pycache__) by extensions ['colcon_pkg']
[9.209s] Level 1:colcon.colcon_core.package_identification:_identify(__pycache__) by extension 'colcon_pkg'
[9.210s] Level 1:colcon.colcon_core.package_identification:_identify(__pycache__) by extensions ['colcon_meta']
[9.210s] Level 1:colcon.colcon_core.package_identification:_identify(__pycache__) by extension 'colcon_meta'
[9.213s] Level 1:colcon.colcon_core.package_identification:_identify(__pycache__) by extensions ['ros']
[9.213s] Level 1:colcon.colcon_core.package_identification:_identify(__pycache__) by extension 'ros'
[9.219s] Level 1:colcon.colcon_core.package_identification:_identify(__pycache__) by extensions ['cmake', 'python']
[9.220s] Level 1:colcon.colcon_core.package_identification:_identify(__pycache__) by extension 'cmake'
[9.224s] Level 1:colcon.colcon_core.package_identification:_identify(__pycache__) by extension 'python'
[9.226s] Level 1:colcon.colcon_core.package_identification:_identify(__pycache__) by extensions ['python_setup_py']
[9.226s] Level 1:colcon.colcon_core.package_identification:_identify(__pycache__) by extension 'python_setup_py'
[9.230s] Level 1:colcon.colcon_core.package_identification:_identify(build) by extensions ['ignore', 'ignore_ament_install']
[9.231s] Level 1:colcon.colcon_core.package_identification:_identify(build) by extension 'ignore'
[9.234s] Level 1:colcon.colcon_core.package_identification:_identify(build) ignored
[9.242s] Level 1:colcon.colcon_core.package_identification:_identify(install) by extensions ['ignore', 'ignore_ament_install']
[9.243s] Level 1:colcon.colcon_core.package_identification:_identify(install) by extension 'ignore'
[9.246s] Level 1:colcon.colcon_core.package_identification:_identify(install) ignored
[9.258s] Level 1:colcon.colcon_core.package_identification:_identify(log) by extensions ['ignore', 'ignore_ament_install']
[9.259s] Level 1:colcon.colcon_core.package_identification:_identify(log) by extension 'ignore'
[9.260s] Level 1:colcon.colcon_core.package_identification:_identify(log) ignored
[9.261s] Level 1:colcon.colcon_core.package_discovery:discover_packages(recursive) using defaults
[9.261s] Level 1:colcon.colcon_core.package_discovery:discover_packages(ignore) discover
[9.262s] Level 1:colcon.colcon_core.package_discovery:discover_packages(ignore) using defaults
[9.262s] Level 1:colcon.colcon_core.package_discovery:discover_packages(path) discover
[9.262s] Level 1:colcon.colcon_core.package_discovery:discover_packages(path) using defaults
[10.200s] INFO:colcon.colcon_core.executor:Executing jobs using 'parallel' executor
[10.288s] DEBUG:colcon.colcon_parallel_executor.executor.parallel:run_until_complete
[10.289s] DEBUG:colcon.colcon_parallel_executor.executor.parallel:closing loop
[10.289s] DEBUG:colcon.colcon_parallel_executor.executor.parallel:loop closed
[10.289s] DEBUG:colcon.colcon_parallel_executor.executor.parallel:run_until_complete finished with '0'
[10.289s] DEBUG:colcon.colcon_core.event_reactor:joining thread
[10.518s] INFO:colcon.colcon_core.plugin_system:Skipping extension 'colcon_notification.desktop_notification.notify_send': Could not find 'notify-send'
[10.518s] INFO:colcon.colcon_core.plugin_system:Skipping extension 'colcon_notification.desktop_notification.terminal_notifier': Not used on non-Darwin systems
[10.519s] INFO:colcon.colcon_core.plugin_system:Skipping extension 'colcon_notification.desktop_notification.win32': Not used on non-Windows systems
[10.519s] INFO:colcon.colcon_notification.desktop_notification:Sending desktop notification using 'notify2'
[10.689s] DEBUG:colcon.colcon_notification.desktop_notification.notify2:Failed to initialize notify2: org.freedesktop.DBus.Error.ServiceUnknown: The name org.freedesktop.Notifications was not provided by any .service files
[10.690s] DEBUG:colcon.colcon_core.event_reactor:joined thread
[10.873s] INFO:colcon.colcon_core.plugin_system:Skipping extension 'colcon_core.shell.bat': Not used on non-Windows systems
[10.874s] INFO:colcon.colcon_core.shell:Creating prefix script '/home/racecar/racecar_ws/src/lab6_path_planning/path_planning/install/local_setup.ps1'
[10.885s] INFO:colcon.colcon_core.shell:Creating prefix util module '/home/racecar/racecar_ws/src/lab6_path_planning/path_planning/install/_local_setup_util_ps1.py'
[10.895s] INFO:colcon.colcon_core.shell:Creating prefix chain script '/home/racecar/racecar_ws/src/lab6_path_planning/path_planning/install/setup.ps1'
[11.089s] INFO:colcon.colcon_core.shell:Creating prefix script '/home/racecar/racecar_ws/src/lab6_path_planning/path_planning/install/local_setup.sh'
[11.094s] INFO:colcon.colcon_core.shell:Creating prefix util module '/home/racecar/racecar_ws/src/lab6_path_planning/path_planning/install/_local_setup_util_sh.py'
[11.100s] INFO:colcon.colcon_core.shell:Creating prefix chain script '/home/racecar/racecar_ws/src/lab6_path_planning/path_planning/install/setup.sh'
[11.277s] INFO:colcon.colcon_core.shell:Creating prefix script '/home/racecar/racecar_ws/src/lab6_path_planning/path_planning/install/local_setup.bash'
[11.284s] INFO:colcon.colcon_core.shell:Creating prefix chain script '/home/racecar/racecar_ws/src/lab6_path_planning/path_planning/install/setup.bash'
[11.447s] INFO:colcon.colcon_core.shell:Creating prefix script '/home/racecar/racecar_ws/src/lab6_path_planning/path_planning/install/local_setup.zsh'
[11.452s] INFO:colcon.colcon_core.shell:Creating prefix chain script '/home/racecar/racecar_ws/src/lab6_path_planning/path_planning/install/setup.zsh'
