[7.834s] DEBUG:colcon:Command line arguments: ['/usr/bin/colcon', 'build', '--symlink-install']
[7.835s] DEBUG:colcon:Parsed command line arguments: Namespace(ament_cmake_args=None, base_paths=['.'], build_base='build', catkin_cmake_args=None, catkin_skip_building_tests=False, cmake_args=None, cmake_clean_cache=False, cmake_clean_first=False, cmake_force_configure=False, cmake_target=None, cmake_target_skip_unavailable=False, continue_on_error=False, event_handlers=None, executor='parallel', ignore_user_meta=False, install_base='install', log_base=None, log_level=None, main=<bound method BuildVerb.main of <colcon_core.verb.build.BuildVerb object at 0x7f35c7a10d60>>, merge_install=False, metas=['./colcon.meta'], packages_above=None, packages_above_and_dependencies=None, packages_above_depth=None, packages_end=None, packages_ignore=None, packages_ignore_regex=None, packages_select=None, packages_select_build_failed=False, packages_select_by_dep=None, packages_select_regex=None, packages_select_test_failures=False, packages_skip=None, packages_skip_build_finished=False, packages_skip_by_dep=None, packages_skip_regex=None, packages_skip_test_passed=False, packages_skip_up_to=None, packages_start=None, packages_up_to=None, packages_up_to_regex=None, parallel_workers=8, paths=None, symlink_install=True, test_result_base=None, verb_extension=<colcon_core.verb.build.BuildVerb object at 0x7f35c7a10d60>, verb_name='build', verb_parser=<colcon_defaults.argument_parser.defaults.DefaultArgumentsDecorator object at 0x7f35c76a0a90>)
[8.431s] Level 1:colcon.colcon_core.package_discovery:discover_packages(colcon_meta) check parameters
[8.431s] Level 1:colcon.colcon_core.package_discovery:discover_packages(recursive) check parameters
[8.432s] Level 1:colcon.colcon_core.package_discovery:discover_packages(ignore) check parameters
[8.432s] Level 1:colcon.colcon_core.package_discovery:discover_packages(path) check parameters
[8.432s] Level 1:colcon.colcon_core.package_discovery:discover_packages(colcon_meta) discover
[8.432s] Level 1:colcon.colcon_core.package_discovery:discover_packages(recursive) discover
[8.432s] INFO:colcon.colcon_core.package_discovery:Crawling recursively for packages in '/home/racecar/racecar_ws/src/lab6_path_planning/path_planning'
[8.434s] Level 1:colcon.colcon_core.package_identification:_identify(.) by extensions ['ignore', 'ignore_ament_install']
[8.434s] Level 1:colcon.colcon_core.package_identification:_identify(.) by extension 'ignore'
[8.434s] Level 1:colcon.colcon_core.package_identification:_identify(.) by extension 'ignore_ament_install'
[8.435s] Level 1:colcon.colcon_core.package_identification:_identify(.) by extensions ['colcon_pkg']
[8.435s] Level 1:colcon.colcon_core.package_identification:_identify(.) by extension 'colcon_pkg'
[8.435s] Level 1:colcon.colcon_core.package_identification:_identify(.) by extensions ['colcon_meta']
[8.435s] Level 1:colcon.colcon_core.package_identification:_identify(.) by extension 'colcon_meta'
[8.435s] Level 1:colcon.colcon_core.package_identification:_identify(.) by extensions ['ros']
[8.435s] Level 1:colcon.colcon_core.package_identification:_identify(.) by extension 'ros'
[8.476s] Level 1:colcon.colcon_core.package_identification:_identify(.) by extensions ['cmake', 'python']
[8.476s] Level 1:colcon.colcon_core.package_identification:_identify(.) by extension 'cmake'
[8.477s] Level 1:colcon.colcon_core.package_identification:_identify(.) by extension 'python'
[8.477s] Level 1:colcon.colcon_core.package_identification:_identify(.) by extensions ['python_setup_py']
[8.477s] Level 1:colcon.colcon_core.package_identification:_identify(.) by extension 'python_setup_py'
[8.483s] Level 1:colcon.colcon_core.package_identification:_identify(__pycache__) by extensions ['ignore', 'ignore_ament_install']
[8.484s] Level 1:colcon.colcon_core.package_identification:_identify(__pycache__) by extension 'ignore'
[8.485s] Level 1:colcon.colcon_core.package_identification:_identify(__pycache__) by extension 'ignore_ament_install'
[8.487s] Level 1:colcon.colcon_core.package_identification:_identify(__pycache__) by extensions ['colcon_pkg']
[8.487s] Level 1:colcon.colcon_core.package_identification:_identify(__pycache__) by extension 'colcon_pkg'
[8.489s] Level 1:colcon.colcon_core.package_identification:_identify(__pycache__) by extensions ['colcon_meta']
[8.489s] Level 1:colcon.colcon_core.package_identification:_identify(__pycache__) by extension 'colcon_meta'
[8.495s] Level 1:colcon.colcon_core.package_identification:_identify(__pycache__) by extensions ['ros']
[8.496s] Level 1:colcon.colcon_core.package_identification:_identify(__pycache__) by extension 'ros'
[8.500s] Level 1:colcon.colcon_core.package_identification:_identify(__pycache__) by extensions ['cmake', 'python']
[8.500s] Level 1:colcon.colcon_core.package_identification:_identify(__pycache__) by extension 'cmake'
[8.501s] Level 1:colcon.colcon_core.package_identification:_identify(__pycache__) by extension 'python'
[8.501s] Level 1:colcon.colcon_core.package_identification:_identify(__pycache__) by extensions ['python_setup_py']
[8.501s] Level 1:colcon.colcon_core.package_identification:_identify(__pycache__) by extension 'python_setup_py'
[8.504s] Level 1:colcon.colcon_core.package_identification:_identify(build) by extensions ['ignore', 'ignore_ament_install']
[8.504s] Level 1:colcon.colcon_core.package_identification:_identify(build) by extension 'ignore'
[8.506s] Level 1:colcon.colcon_core.package_identification:_identify(build) ignored
[8.508s] Level 1:colcon.colcon_core.package_identification:_identify(install) by extensions ['ignore', 'ignore_ament_install']
[8.508s] Level 1:colcon.colcon_core.package_identification:_identify(install) by extension 'ignore'
[8.512s] Level 1:colcon.colcon_core.package_identification:_identify(install) ignored
[8.518s] Level 1:colcon.colcon_core.package_identification:_identify(log) by extensions ['ignore', 'ignore_ament_install']
[8.519s] Level 1:colcon.colcon_core.package_identification:_identify(log) by extension 'ignore'
[8.522s] Level 1:colcon.colcon_core.package_identification:_identify(log) ignored
[8.524s] Level 1:colcon.colcon_core.package_discovery:discover_packages(recursive) using defaults
[8.524s] Level 1:colcon.colcon_core.package_discovery:discover_packages(ignore) discover
[8.524s] Level 1:colcon.colcon_core.package_discovery:discover_packages(ignore) using defaults
[8.525s] Level 1:colcon.colcon_core.package_discovery:discover_packages(path) discover
[8.525s] Level 1:colcon.colcon_core.package_discovery:discover_packages(path) using defaults
[9.264s] INFO:colcon.colcon_core.executor:Executing jobs using 'parallel' executor
[9.392s] DEBUG:colcon.colcon_parallel_executor.executor.parallel:run_until_complete
[9.393s] DEBUG:colcon.colcon_parallel_executor.executor.parallel:closing loop
[9.393s] DEBUG:colcon.colcon_parallel_executor.executor.parallel:loop closed
[9.394s] DEBUG:colcon.colcon_parallel_executor.executor.parallel:run_until_complete finished with '0'
[9.395s] DEBUG:colcon.colcon_core.event_reactor:joining thread
[9.619s] INFO:colcon.colcon_core.plugin_system:Skipping extension 'colcon_notification.desktop_notification.notify_send': Could not find 'notify-send'
[9.619s] INFO:colcon.colcon_core.plugin_system:Skipping extension 'colcon_notification.desktop_notification.terminal_notifier': Not used on non-Darwin systems
[9.620s] INFO:colcon.colcon_core.plugin_system:Skipping extension 'colcon_notification.desktop_notification.win32': Not used on non-Windows systems
[9.620s] INFO:colcon.colcon_notification.desktop_notification:Sending desktop notification using 'notify2'
[9.790s] DEBUG:colcon.colcon_notification.desktop_notification.notify2:Failed to initialize notify2: org.freedesktop.DBus.Error.ServiceUnknown: The name org.freedesktop.Notifications was not provided by any .service files
[9.791s] DEBUG:colcon.colcon_core.event_reactor:joined thread
[9.942s] INFO:colcon.colcon_core.plugin_system:Skipping extension 'colcon_core.shell.bat': Not used on non-Windows systems
[9.942s] INFO:colcon.colcon_core.shell:Creating prefix script '/home/racecar/racecar_ws/src/lab6_path_planning/path_planning/install/local_setup.ps1'
[9.951s] INFO:colcon.colcon_core.shell:Creating prefix util module '/home/racecar/racecar_ws/src/lab6_path_planning/path_planning/install/_local_setup_util_ps1.py'
[9.964s] INFO:colcon.colcon_core.shell:Creating prefix chain script '/home/racecar/racecar_ws/src/lab6_path_planning/path_planning/install/setup.ps1'
[10.138s] INFO:colcon.colcon_core.shell:Creating prefix script '/home/racecar/racecar_ws/src/lab6_path_planning/path_planning/install/local_setup.sh'
[10.146s] INFO:colcon.colcon_core.shell:Creating prefix util module '/home/racecar/racecar_ws/src/lab6_path_planning/path_planning/install/_local_setup_util_sh.py'
[10.153s] INFO:colcon.colcon_core.shell:Creating prefix chain script '/home/racecar/racecar_ws/src/lab6_path_planning/path_planning/install/setup.sh'
[10.326s] INFO:colcon.colcon_core.shell:Creating prefix script '/home/racecar/racecar_ws/src/lab6_path_planning/path_planning/install/local_setup.bash'
[10.333s] INFO:colcon.colcon_core.shell:Creating prefix chain script '/home/racecar/racecar_ws/src/lab6_path_planning/path_planning/install/setup.bash'
[10.489s] INFO:colcon.colcon_core.shell:Creating prefix script '/home/racecar/racecar_ws/src/lab6_path_planning/path_planning/install/local_setup.zsh'
[10.495s] INFO:colcon.colcon_core.shell:Creating prefix chain script '/home/racecar/racecar_ws/src/lab6_path_planning/path_planning/install/setup.zsh'
