[10.207s] DEBUG:colcon:Command line arguments: ['/usr/bin/colcon', 'build', '--symlink-install']
[10.208s] DEBUG:colcon:Parsed command line arguments: Namespace(ament_cmake_args=None, base_paths=['.'], build_base='build', catkin_cmake_args=None, catkin_skip_building_tests=False, cmake_args=None, cmake_clean_cache=False, cmake_clean_first=False, cmake_force_configure=False, cmake_target=None, cmake_target_skip_unavailable=False, continue_on_error=False, event_handlers=None, executor='parallel', ignore_user_meta=False, install_base='install', log_base=None, log_level=None, main=<bound method BuildVerb.main of <colcon_core.verb.build.BuildVerb object at 0x7fe753546340>>, merge_install=False, metas=['./colcon.meta'], packages_above=None, packages_above_and_dependencies=None, packages_above_depth=None, packages_end=None, packages_ignore=None, packages_ignore_regex=None, packages_select=None, packages_select_build_failed=False, packages_select_by_dep=None, packages_select_regex=None, packages_select_test_failures=False, packages_skip=None, packages_skip_build_finished=False, packages_skip_by_dep=None, packages_skip_regex=None, packages_skip_test_passed=False, packages_skip_up_to=None, packages_start=None, packages_up_to=None, packages_up_to_regex=None, parallel_workers=8, paths=None, symlink_install=True, test_result_base=None, verb_extension=<colcon_core.verb.build.BuildVerb object at 0x7fe753546340>, verb_name='build', verb_parser=<colcon_defaults.argument_parser.defaults.DefaultArgumentsDecorator object at 0x7fe753125e50>)
[10.838s] Level 1:colcon.colcon_core.package_discovery:discover_packages(colcon_meta) check parameters
[10.840s] Level 1:colcon.colcon_core.package_discovery:discover_packages(recursive) check parameters
[10.841s] Level 1:colcon.colcon_core.package_discovery:discover_packages(ignore) check parameters
[10.842s] Level 1:colcon.colcon_core.package_discovery:discover_packages(path) check parameters
[10.842s] Level 1:colcon.colcon_core.package_discovery:discover_packages(colcon_meta) discover
[10.843s] Level 1:colcon.colcon_core.package_discovery:discover_packages(recursive) discover
[10.844s] INFO:colcon.colcon_core.package_discovery:Crawling recursively for packages in '/home/racecar/racecar_ws/src/lab6_path_planning/path_planning'
[10.846s] Level 1:colcon.colcon_core.package_identification:_identify(.) by extensions ['ignore', 'ignore_ament_install']
[10.846s] Level 1:colcon.colcon_core.package_identification:_identify(.) by extension 'ignore'
[10.847s] Level 1:colcon.colcon_core.package_identification:_identify(.) by extension 'ignore_ament_install'
[10.848s] Level 1:colcon.colcon_core.package_identification:_identify(.) by extensions ['colcon_pkg']
[10.848s] Level 1:colcon.colcon_core.package_identification:_identify(.) by extension 'colcon_pkg'
[10.848s] Level 1:colcon.colcon_core.package_identification:_identify(.) by extensions ['colcon_meta']
[10.848s] Level 1:colcon.colcon_core.package_identification:_identify(.) by extension 'colcon_meta'
[10.849s] Level 1:colcon.colcon_core.package_identification:_identify(.) by extensions ['ros']
[10.849s] Level 1:colcon.colcon_core.package_identification:_identify(.) by extension 'ros'
[10.889s] Level 1:colcon.colcon_core.package_identification:_identify(.) by extensions ['cmake', 'python']
[10.889s] Level 1:colcon.colcon_core.package_identification:_identify(.) by extension 'cmake'
[10.889s] Level 1:colcon.colcon_core.package_identification:_identify(.) by extension 'python'
[10.890s] Level 1:colcon.colcon_core.package_identification:_identify(.) by extensions ['python_setup_py']
[10.890s] Level 1:colcon.colcon_core.package_identification:_identify(.) by extension 'python_setup_py'
[10.892s] Level 1:colcon.colcon_core.package_identification:_identify(__pycache__) by extensions ['ignore', 'ignore_ament_install']
[10.892s] Level 1:colcon.colcon_core.package_identification:_identify(__pycache__) by extension 'ignore'
[10.893s] Level 1:colcon.colcon_core.package_identification:_identify(__pycache__) by extension 'ignore_ament_install'
[10.893s] Level 1:colcon.colcon_core.package_identification:_identify(__pycache__) by extensions ['colcon_pkg']
[10.894s] Level 1:colcon.colcon_core.package_identification:_identify(__pycache__) by extension 'colcon_pkg'
[10.894s] Level 1:colcon.colcon_core.package_identification:_identify(__pycache__) by extensions ['colcon_meta']
[10.894s] Level 1:colcon.colcon_core.package_identification:_identify(__pycache__) by extension 'colcon_meta'
[10.895s] Level 1:colcon.colcon_core.package_identification:_identify(__pycache__) by extensions ['ros']
[10.895s] Level 1:colcon.colcon_core.package_identification:_identify(__pycache__) by extension 'ros'
[10.899s] Level 1:colcon.colcon_core.package_identification:_identify(__pycache__) by extensions ['cmake', 'python']
[10.899s] Level 1:colcon.colcon_core.package_identification:_identify(__pycache__) by extension 'cmake'
[10.900s] Level 1:colcon.colcon_core.package_identification:_identify(__pycache__) by extension 'python'
[10.901s] Level 1:colcon.colcon_core.package_identification:_identify(__pycache__) by extensions ['python_setup_py']
[10.901s] Level 1:colcon.colcon_core.package_identification:_identify(__pycache__) by extension 'python_setup_py'
[10.905s] Level 1:colcon.colcon_core.package_identification:_identify(build) by extensions ['ignore', 'ignore_ament_install']
[10.906s] Level 1:colcon.colcon_core.package_identification:_identify(build) by extension 'ignore'
[10.908s] Level 1:colcon.colcon_core.package_identification:_identify(build) ignored
[10.911s] Level 1:colcon.colcon_core.package_identification:_identify(install) by extensions ['ignore', 'ignore_ament_install']
[10.911s] Level 1:colcon.colcon_core.package_identification:_identify(install) by extension 'ignore'
[10.912s] Level 1:colcon.colcon_core.package_identification:_identify(install) ignored
[10.916s] Level 1:colcon.colcon_core.package_identification:_identify(log) by extensions ['ignore', 'ignore_ament_install']
[10.916s] Level 1:colcon.colcon_core.package_identification:_identify(log) by extension 'ignore'
[10.917s] Level 1:colcon.colcon_core.package_identification:_identify(log) ignored
[10.917s] Level 1:colcon.colcon_core.package_discovery:discover_packages(recursive) using defaults
[10.917s] Level 1:colcon.colcon_core.package_discovery:discover_packages(ignore) discover
[10.917s] Level 1:colcon.colcon_core.package_discovery:discover_packages(ignore) using defaults
[10.917s] Level 1:colcon.colcon_core.package_discovery:discover_packages(path) discover
[10.918s] Level 1:colcon.colcon_core.package_discovery:discover_packages(path) using defaults
[11.910s] INFO:colcon.colcon_core.executor:Executing jobs using 'parallel' executor
[12.027s] DEBUG:colcon.colcon_parallel_executor.executor.parallel:run_until_complete
[12.027s] DEBUG:colcon.colcon_parallel_executor.executor.parallel:closing loop
[12.028s] DEBUG:colcon.colcon_parallel_executor.executor.parallel:loop closed
[12.028s] DEBUG:colcon.colcon_parallel_executor.executor.parallel:run_until_complete finished with '0'
[12.029s] DEBUG:colcon.colcon_core.event_reactor:joining thread
[12.278s] INFO:colcon.colcon_core.plugin_system:Skipping extension 'colcon_notification.desktop_notification.notify_send': Could not find 'notify-send'
[12.278s] INFO:colcon.colcon_core.plugin_system:Skipping extension 'colcon_notification.desktop_notification.terminal_notifier': Not used on non-Darwin systems
[12.278s] INFO:colcon.colcon_core.plugin_system:Skipping extension 'colcon_notification.desktop_notification.win32': Not used on non-Windows systems
[12.278s] INFO:colcon.colcon_notification.desktop_notification:Sending desktop notification using 'notify2'
[15.556s] DEBUG:colcon.colcon_notification.desktop_notification.notify2:Failed to initialize notify2: org.freedesktop.DBus.Error.Spawn.ExecFailed: /usr/bin/dbus-launch terminated abnormally with the following error: Autolaunch error: X11 initialization failed.

[15.557s] DEBUG:colcon.colcon_core.event_reactor:joined thread
[15.746s] INFO:colcon.colcon_core.plugin_system:Skipping extension 'colcon_core.shell.bat': Not used on non-Windows systems
[15.746s] INFO:colcon.colcon_core.shell:Creating prefix script '/home/racecar/racecar_ws/src/lab6_path_planning/path_planning/install/local_setup.ps1'
[15.755s] INFO:colcon.colcon_core.shell:Creating prefix util module '/home/racecar/racecar_ws/src/lab6_path_planning/path_planning/install/_local_setup_util_ps1.py'
[15.762s] INFO:colcon.colcon_core.shell:Creating prefix chain script '/home/racecar/racecar_ws/src/lab6_path_planning/path_planning/install/setup.ps1'
[15.952s] INFO:colcon.colcon_core.shell:Creating prefix script '/home/racecar/racecar_ws/src/lab6_path_planning/path_planning/install/local_setup.sh'
[15.958s] INFO:colcon.colcon_core.shell:Creating prefix util module '/home/racecar/racecar_ws/src/lab6_path_planning/path_planning/install/_local_setup_util_sh.py'
[15.968s] INFO:colcon.colcon_core.shell:Creating prefix chain script '/home/racecar/racecar_ws/src/lab6_path_planning/path_planning/install/setup.sh'
[16.159s] INFO:colcon.colcon_core.shell:Creating prefix script '/home/racecar/racecar_ws/src/lab6_path_planning/path_planning/install/local_setup.bash'
[16.164s] INFO:colcon.colcon_core.shell:Creating prefix chain script '/home/racecar/racecar_ws/src/lab6_path_planning/path_planning/install/setup.bash'
[16.362s] INFO:colcon.colcon_core.shell:Creating prefix script '/home/racecar/racecar_ws/src/lab6_path_planning/path_planning/install/local_setup.zsh'
[16.371s] INFO:colcon.colcon_core.shell:Creating prefix chain script '/home/racecar/racecar_ws/src/lab6_path_planning/path_planning/install/setup.zsh'
