[0.000000] (-) TimerEvent: {}
[0.000967] (path_planning) JobQueued: {'identifier': 'path_planning', 'dependencies': OrderedDict()}
[0.001572] (path_planning) JobStarted: {'identifier': 'path_planning'}
[0.095177] (-) TimerEvent: {}
[0.195997] (-) TimerEvent: {}
[0.296754] (-) TimerEvent: {}
[0.397303] (-) TimerEvent: {}
[0.497743] (-) TimerEvent: {}
[0.598412] (-) TimerEvent: {}
[0.699003] (-) TimerEvent: {}
[0.799566] (-) TimerEvent: {}
[0.900188] (-) TimerEvent: {}
[1.000849] (-) TimerEvent: {}
[1.101580] (-) TimerEvent: {}
[1.202374] (-) TimerEvent: {}
[1.303112] (-) TimerEvent: {}
[1.403804] (-) TimerEvent: {}
[1.505973] (-) TimerEvent: {}
[1.606955] (-) TimerEvent: {}
[1.707683] (-) TimerEvent: {}
[1.808945] (-) TimerEvent: {}
[1.910044] (-) TimerEvent: {}
[2.010564] (-) TimerEvent: {}
[2.111103] (-) TimerEvent: {}
[2.211856] (-) TimerEvent: {}
[2.312548] (-) TimerEvent: {}
[2.413023] (-) TimerEvent: {}
[2.513536] (-) TimerEvent: {}
[2.614000] (-) TimerEvent: {}
[2.714498] (-) TimerEvent: {}
[2.815158] (-) TimerEvent: {}
[2.915594] (-) TimerEvent: {}
[3.016044] (-) TimerEvent: {}
[3.116519] (-) TimerEvent: {}
[3.217035] (-) TimerEvent: {}
[3.317602] (-) TimerEvent: {}
[3.418217] (-) TimerEvent: {}
[3.518960] (-) TimerEvent: {}
[3.619882] (-) TimerEvent: {}
[3.720566] (-) TimerEvent: {}
[3.821512] (-) TimerEvent: {}
[3.922378] (-) TimerEvent: {}
[4.022951] (-) TimerEvent: {}
[4.123607] (-) TimerEvent: {}
[4.224116] (-) TimerEvent: {}
[4.324601] (-) TimerEvent: {}
[4.426450] (-) TimerEvent: {}
[4.531855] (-) TimerEvent: {}
[4.633547] (-) TimerEvent: {}
[4.737959] (-) TimerEvent: {}
[4.838841] (-) TimerEvent: {}
[4.939498] (-) TimerEvent: {}
[5.040113] (-) TimerEvent: {}
[5.140613] (-) TimerEvent: {}
[5.241239] (-) TimerEvent: {}
[5.341746] (-) TimerEvent: {}
[5.442359] (-) TimerEvent: {}
[5.543102] (-) TimerEvent: {}
[5.643737] (-) TimerEvent: {}
[5.744277] (-) TimerEvent: {}
[5.844855] (-) TimerEvent: {}
[5.945391] (-) TimerEvent: {}
[6.046086] (-) TimerEvent: {}
[6.146565] (-) TimerEvent: {}
[6.247075] (-) TimerEvent: {}
[6.347548] (-) TimerEvent: {}
[6.448086] (-) TimerEvent: {}
[6.548858] (-) TimerEvent: {}
[6.649398] (-) TimerEvent: {}
[6.750085] (-) TimerEvent: {}
[6.850991] (-) TimerEvent: {}
[6.951614] (-) TimerEvent: {}
[7.052207] (-) TimerEvent: {}
[7.152888] (-) TimerEvent: {}
[7.253992] (-) TimerEvent: {}
[7.354666] (-) TimerEvent: {}
[7.455643] (-) TimerEvent: {}
[7.556400] (-) TimerEvent: {}
[7.656973] (-) TimerEvent: {}
[7.757559] (-) TimerEvent: {}
[7.858285] (-) TimerEvent: {}
[7.958939] (-) TimerEvent: {}
[8.059535] (-) TimerEvent: {}
[8.160132] (-) TimerEvent: {}
[8.260698] (-) TimerEvent: {}
[8.361258] (-) TimerEvent: {}
[8.462192] (-) TimerEvent: {}
[8.563063] (-) TimerEvent: {}
[8.663698] (-) TimerEvent: {}
[8.764489] (-) TimerEvent: {}
[8.865155] (-) TimerEvent: {}
[8.965825] (-) TimerEvent: {}
[9.066767] (-) TimerEvent: {}
[9.167516] (-) TimerEvent: {}
[9.268337] (-) TimerEvent: {}
[9.369167] (-) TimerEvent: {}
[9.469905] (-) TimerEvent: {}
[9.570397] (-) TimerEvent: {}
[9.670946] (-) TimerEvent: {}
[9.771545] (-) TimerEvent: {}
[9.872322] (-) TimerEvent: {}
[9.972923] (-) TimerEvent: {}
[10.073507] (-) TimerEvent: {}
[10.174018] (-) TimerEvent: {}
[10.274567] (-) TimerEvent: {}
[10.339061] (path_planning) Command: {'cmd': ['/usr/bin/python3', 'setup.py', 'develop', '--editable', '--build-directory', '/home/racecar/racecar_ws/src/lab6_path_planning/build/path_planning/build', '--no-deps', 'install_data'], 'cwd': '/home/racecar/racecar_ws/src/lab6_path_planning/build/path_planning', 'env': {'PYTHONIOENCODING': 'utf-8', 'HOSTNAME': '66e08805c085', 'SSH_AGENT_PID': '957', 'GIT_ASKPASS': '/home/racecar/.vscode-server/bin/8b3775030ed1a69b13e4f4c628c612102e30a681/extensions/git/dist/askpass.sh', 'SHLVL': '2', 'LD_LIBRARY_PATH': '/home/racecar/racecar_ws/install/vs_msgs/lib:/home/racecar/racecar_ws/install/custom_msgs/lib:/opt/ros/foxy/opt/yaml_cpp_vendor/lib:/opt/ros/foxy/opt/rviz_ogre_vendor/lib:/opt/ros/foxy/lib/x86_64-linux-gnu:/opt/ros/foxy/lib', 'BROWSER': '/home/racecar/.vscode-server/bin/8b3775030ed1a69b13e4f4c628c612102e30a681/bin/helpers/browser.sh', 'HOME': '/home/racecar', 'OLDPWD': '/home/racecar/racecar_ws/src', 'TERM_PROGRAM_VERSION': '1.85.2', 'VSCODE_IPC_HOOK_CLI': '/tmp/vscode-ipc-429ee3c5-1766-4dcb-958a-3b9d90bd8caf.sock', 'ROS_PYTHON_VERSION': '3', 'VSCODE_GIT_ASKPASS_MAIN': '/home/racecar/.vscode-server/bin/8b3775030ed1a69b13e4f4c628c612102e30a681/extensions/git/dist/askpass-main.js', 'VSCODE_GIT_ASKPASS_NODE': '/home/racecar/.vscode-server/bin/8b3775030ed1a69b13e4f4c628c612102e30a681/node', 'COLORTERM': 'truecolor', 'REMOTE_CONTAINERS': 'true', 'COLCON_PREFIX_PATH': '/home/racecar/racecar_ws/install:/home/sim_ws/install', 'ROS_DISTRO': 'foxy', 'REMOTE_CONTAINERS_IPC': '/tmp/vscode-remote-containers-ipc-6220a80f-91c3-4ff2-a3bd-c847472be512.sock', '_': '/usr/bin/colcon', 'ROS_VERSION': '2', 'TERM': 'xterm-256color', 'ROS_LOCALHOST_ONLY': '0', 'PATH': '/home/racecar/.vscode-server/bin/8b3775030ed1a69b13e4f4c628c612102e30a681/bin/remote-cli:/opt/ros/foxy/bin:/usr/local/sbin:/usr/local/bin:/usr/sbin:/usr/bin:/sbin:/bin', 'REMOTE_CONTAINERS_SOCKETS': '["/tmp/vscode-ssh-auth-6220a80f-91c3-4ff2-a3bd-c847472be512.sock","/home/racecar/.gnupg/S.gpg-agent"]', 'DISPLAY': '10.29.241.49:0.0', 'LANG': 'en_US.UTF-8', 'VSCODE_GIT_IPC_HANDLE': '/tmp/vscode-git-aec1aa4683.sock', 'TERM_PROGRAM': 'vscode', 'SSH_AUTH_SOCK': '/tmp/ssh-cHvjwkgxvls3/agent.956', 'AMENT_PREFIX_PATH': '/home/sim_ws/install/racecar_simulator:/home/racecar/racecar_ws/install/wall_follower:/home/racecar/racecar_ws/install/vs_msgs:/home/racecar/racecar_ws/install/visual_servoing:/home/racecar/racecar_ws/install/safety_controller:/home/racecar/racecar_ws/install/ros_exercises:/home/racecar/racecar_ws/install/localization:/opt/ros/foxy', 'SHELL': '/bin/bash', 'SIM_WS': '/home/sim_ws', 'VSCODE_GIT_ASKPASS_EXTRA_ARGS': '', 'PWD': '/home/racecar/racecar_ws/src/lab6_path_planning/build/path_planning', 'PYTHONPATH': '/home/racecar/racecar_ws/src/lab6_path_planning/build/path_planning/prefix_override:/home/racecar/racecar_ws/src/lab6_path_planning/install/path_planning/lib/python3.8/site-packages:/home/racecar/racecar_ws/build/wall_follower:/home/racecar/racecar_ws/install/wall_follower/lib/python3.8/site-packages:/home/racecar/racecar_ws/install/vs_msgs/lib/python3.8/site-packages:/home/racecar/racecar_ws/build/visual_servoing:/home/racecar/racecar_ws/install/visual_servoing/lib/python3.8/site-packages:/home/racecar/racecar_ws/build/safety_controller:/home/racecar/racecar_ws/install/safety_controller/lib/python3.8/site-packages:/home/racecar/racecar_ws/build/ros_exercises:/home/racecar/racecar_ws/install/ros_exercises/lib/python3.8/site-packages:/home/racecar/racecar_ws/build/localization:/home/racecar/racecar_ws/install/localization/lib/python3.8/site-packages:/home/racecar/racecar_ws/install/custom_msgs/lib/python3.8/site-packages:/opt/ros/foxy/lib/python3.8/site-packages', 'NO_VNC_VERSION': '1.4.0', 'COLCON': '1', 'CMAKE_PREFIX_PATH': '/home/sim_ws/install/racecar_simulator:/home/racecar/racecar_ws/install/vs_msgs:/home/racecar/racecar_ws/install/custom_msgs'}, 'shell': False}
[10.374701] (-) TimerEvent: {}
[10.475505] (-) TimerEvent: {}
[10.576088] (-) TimerEvent: {}
[10.676758] (-) TimerEvent: {}
[10.777622] (-) TimerEvent: {}
[10.878299] (-) TimerEvent: {}
[10.978933] (-) TimerEvent: {}
[11.079639] (-) TimerEvent: {}
[11.180292] (-) TimerEvent: {}
[11.281065] (-) TimerEvent: {}
[11.381624] (-) TimerEvent: {}
[11.482301] (-) TimerEvent: {}
[11.583445] (-) TimerEvent: {}
[11.684007] (-) TimerEvent: {}
[11.784476] (-) TimerEvent: {}
[11.884996] (-) TimerEvent: {}
[11.985497] (-) TimerEvent: {}
[12.086159] (-) TimerEvent: {}
[12.186726] (-) TimerEvent: {}
[12.287354] (-) TimerEvent: {}
[12.388043] (-) TimerEvent: {}
[12.489273] (-) TimerEvent: {}
[12.590345] (-) TimerEvent: {}
[12.691012] (-) TimerEvent: {}
[12.791505] (-) TimerEvent: {}
[12.892407] (-) TimerEvent: {}
[12.993652] (-) TimerEvent: {}
[13.094379] (-) TimerEvent: {}
[13.195191] (-) TimerEvent: {}
[13.295794] (-) TimerEvent: {}
[13.396627] (-) TimerEvent: {}
[13.497752] (-) TimerEvent: {}
[13.598574] (-) TimerEvent: {}
[13.699280] (-) TimerEvent: {}
[13.799754] (-) TimerEvent: {}
[13.900315] (-) TimerEvent: {}
[14.000891] (-) TimerEvent: {}
[14.101346] (-) TimerEvent: {}
[14.157199] (path_planning) StdoutLine: {'line': b'running develop\n'}
[14.201471] (-) TimerEvent: {}
[14.301983] (-) TimerEvent: {}
[14.402569] (-) TimerEvent: {}
[14.503118] (-) TimerEvent: {}
[14.603618] (-) TimerEvent: {}
[14.704175] (-) TimerEvent: {}
[14.804712] (-) TimerEvent: {}
[14.905229] (-) TimerEvent: {}
[15.005752] (-) TimerEvent: {}
[15.098647] (path_planning) StdoutLine: {'line': b'running egg_info\n'}
[15.101304] (path_planning) StdoutLine: {'line': b'writing path_planning.egg-info/PKG-INFO\n'}
[15.105468] (path_planning) StdoutLine: {'line': b'writing dependency_links to path_planning.egg-info/dependency_links.txt\n'}
[15.107720] (-) TimerEvent: {}
[15.109184] (path_planning) StdoutLine: {'line': b'writing entry points to path_planning.egg-info/entry_points.txt\n'}
[15.111871] (path_planning) StdoutLine: {'line': b'writing requirements to path_planning.egg-info/requires.txt\n'}
[15.114247] (path_planning) StdoutLine: {'line': b'writing top-level names to path_planning.egg-info/top_level.txt\n'}
[15.207972] (-) TimerEvent: {}
[15.309148] (-) TimerEvent: {}
[15.333075] (path_planning) StdoutLine: {'line': b"reading manifest file 'path_planning.egg-info/SOURCES.txt'\n"}
[15.409318] (-) TimerEvent: {}
[15.489698] (path_planning) StdoutLine: {'line': b"writing manifest file 'path_planning.egg-info/SOURCES.txt'\n"}
[15.509509] (-) TimerEvent: {}
[15.610123] (-) TimerEvent: {}
[15.710808] (-) TimerEvent: {}
[15.811825] (-) TimerEvent: {}
[15.846659] (path_planning) StdoutLine: {'line': b'running build_ext\n'}
[15.853745] (path_planning) StdoutLine: {'line': b'Creating /home/racecar/racecar_ws/src/lab6_path_planning/install/path_planning/lib/python3.8/site-packages/path-planning.egg-link (link to .)\n'}
[15.869788] (path_planning) StdoutLine: {'line': b'Installing trajectory_builder script to /home/racecar/racecar_ws/src/lab6_path_planning/install/path_planning/lib/path_planning\n'}
[15.885199] (path_planning) StdoutLine: {'line': b'Installing trajectory_follower script to /home/racecar/racecar_ws/src/lab6_path_planning/install/path_planning/lib/path_planning\n'}
[15.902212] (path_planning) StdoutLine: {'line': b'Installing trajectory_loader script to /home/racecar/racecar_ws/src/lab6_path_planning/install/path_planning/lib/path_planning\n'}
[15.912084] (-) TimerEvent: {}
[15.917037] (path_planning) StdoutLine: {'line': b'Installing trajectory_planner script to /home/racecar/racecar_ws/src/lab6_path_planning/install/path_planning/lib/path_planning\n'}
[15.940432] (path_planning) StdoutLine: {'line': b'\n'}
[15.941189] (path_planning) StdoutLine: {'line': b'Installed /home/racecar/racecar_ws/src/lab6_path_planning/build/path_planning\n'}
[15.943368] (path_planning) StdoutLine: {'line': b'running install_data\n'}
[16.012207] (-) TimerEvent: {}
[16.112867] (-) TimerEvent: {}
[16.213466] (-) TimerEvent: {}
[16.276198] (path_planning) CommandEnded: {'returncode': 0}
[16.313572] (-) TimerEvent: {}
[16.413974] (-) TimerEvent: {}
[16.514419] (-) TimerEvent: {}
[16.614923] (-) TimerEvent: {}
[16.715487] (-) TimerEvent: {}
[16.816041] (-) TimerEvent: {}
[16.916627] (-) TimerEvent: {}
[17.017099] (-) TimerEvent: {}
[17.072299] (path_planning) JobEnded: {'identifier': 'path_planning', 'rc': 0}
[17.079874] (-) EventReactorShutdown: {}
