[0.000000] (-) TimerEvent: {}
[0.000850] (path_planning) JobQueued: {'identifier': 'path_planning', 'dependencies': OrderedDict()}
[0.001402] (path_planning) JobStarted: {'identifier': 'path_planning'}
[0.093309] (-) TimerEvent: {}
[0.194465] (-) TimerEvent: {}
[0.295879] (-) TimerEvent: {}
[0.397738] (-) TimerEvent: {}
[0.499412] (-) TimerEvent: {}
[0.600216] (-) TimerEvent: {}
[0.702393] (-) TimerEvent: {}
[0.803166] (-) TimerEvent: {}
[0.904020] (-) TimerEvent: {}
[1.004936] (-) TimerEvent: {}
[1.105589] (-) TimerEvent: {}
[1.206806] (-) TimerEvent: {}
[1.309994] (-) TimerEvent: {}
[1.411815] (-) TimerEvent: {}
[1.519239] (-) TimerEvent: {}
[1.620086] (-) TimerEvent: {}
[1.720772] (-) TimerEvent: {}
[1.821471] (-) TimerEvent: {}
[1.922353] (-) TimerEvent: {}
[2.023226] (-) TimerEvent: {}
[2.123969] (-) TimerEvent: {}
[2.224752] (-) TimerEvent: {}
[2.325455] (-) TimerEvent: {}
[2.426218] (-) TimerEvent: {}
[2.527018] (-) TimerEvent: {}
[2.627954] (-) TimerEvent: {}
[2.728690] (-) TimerEvent: {}
[2.829391] (-) TimerEvent: {}
[2.930023] (-) TimerEvent: {}
[3.030723] (-) TimerEvent: {}
[3.131545] (-) TimerEvent: {}
[3.232234] (-) TimerEvent: {}
[3.332994] (-) TimerEvent: {}
[3.433663] (-) TimerEvent: {}
[3.534295] (-) TimerEvent: {}
[3.634902] (-) TimerEvent: {}
[3.735623] (-) TimerEvent: {}
[3.836527] (-) TimerEvent: {}
[3.937411] (-) TimerEvent: {}
[4.038132] (-) TimerEvent: {}
[4.138795] (-) TimerEvent: {}
[4.239528] (-) TimerEvent: {}
[4.340266] (-) TimerEvent: {}
[4.441040] (-) TimerEvent: {}
[4.541870] (-) TimerEvent: {}
[4.642871] (-) TimerEvent: {}
[4.743676] (-) TimerEvent: {}
[4.844378] (-) TimerEvent: {}
[4.945077] (-) TimerEvent: {}
[5.045654] (-) TimerEvent: {}
[5.146598] (-) TimerEvent: {}
[5.247435] (-) TimerEvent: {}
[5.349782] (-) TimerEvent: {}
[5.452755] (-) TimerEvent: {}
[5.553488] (-) TimerEvent: {}
[5.654078] (-) TimerEvent: {}
[5.755158] (-) TimerEvent: {}
[5.855948] (-) TimerEvent: {}
[5.956985] (-) TimerEvent: {}
[6.057677] (-) TimerEvent: {}
[6.158380] (-) TimerEvent: {}
[6.258934] (-) TimerEvent: {}
[6.359693] (-) TimerEvent: {}
[6.460273] (-) TimerEvent: {}
[6.560792] (-) TimerEvent: {}
[6.661420] (-) TimerEvent: {}
[6.762144] (-) TimerEvent: {}
[6.862995] (-) TimerEvent: {}
[6.963713] (-) TimerEvent: {}
[7.064481] (-) TimerEvent: {}
[7.165110] (-) TimerEvent: {}
[7.266211] (-) TimerEvent: {}
[7.367340] (-) TimerEvent: {}
[7.468080] (-) TimerEvent: {}
[7.568837] (-) TimerEvent: {}
[7.669949] (-) TimerEvent: {}
[7.770712] (-) TimerEvent: {}
[7.871427] (-) TimerEvent: {}
[7.972153] (-) TimerEvent: {}
[8.072870] (-) TimerEvent: {}
[8.173631] (-) TimerEvent: {}
[8.274357] (-) TimerEvent: {}
[8.375125] (-) TimerEvent: {}
[8.475782] (-) TimerEvent: {}
[8.576425] (-) TimerEvent: {}
[8.677092] (-) TimerEvent: {}
[8.777744] (-) TimerEvent: {}
[8.878624] (-) TimerEvent: {}
[8.979366] (-) TimerEvent: {}
[9.080369] (-) TimerEvent: {}
[9.181102] (-) TimerEvent: {}
[9.281789] (-) TimerEvent: {}
[9.382335] (-) TimerEvent: {}
[9.483647] (-) TimerEvent: {}
[9.584446] (-) TimerEvent: {}
[9.685216] (-) TimerEvent: {}
[9.785833] (-) TimerEvent: {}
[9.886490] (-) TimerEvent: {}
[9.987111] (-) TimerEvent: {}
[10.087761] (-) TimerEvent: {}
[10.188362] (-) TimerEvent: {}
[10.289102] (-) TimerEvent: {}
[10.390000] (-) TimerEvent: {}
[10.490644] (-) TimerEvent: {}
[10.591412] (-) TimerEvent: {}
[10.692080] (-) TimerEvent: {}
[10.792726] (-) TimerEvent: {}
[10.893473] (-) TimerEvent: {}
[10.994241] (-) TimerEvent: {}
[11.095395] (-) TimerEvent: {}
[11.196003] (-) TimerEvent: {}
[11.296684] (-) TimerEvent: {}
[11.397282] (-) TimerEvent: {}
[11.498475] (-) TimerEvent: {}
[11.599157] (-) TimerEvent: {}
[11.699853] (-) TimerEvent: {}
[11.800996] (-) TimerEvent: {}
[11.901626] (-) TimerEvent: {}
[12.002240] (-) TimerEvent: {}
[12.102878] (-) TimerEvent: {}
[12.204351] (-) TimerEvent: {}
[12.305098] (-) TimerEvent: {}
[12.405869] (-) TimerEvent: {}
[12.506480] (-) TimerEvent: {}
[12.607070] (-) TimerEvent: {}
[12.707792] (-) TimerEvent: {}
[12.808799] (-) TimerEvent: {}
[12.909839] (-) TimerEvent: {}
[13.010772] (-) TimerEvent: {}
[13.111717] (-) TimerEvent: {}
[13.212646] (-) TimerEvent: {}
[13.313329] (-) TimerEvent: {}
[13.413964] (-) TimerEvent: {}
[13.514916] (-) TimerEvent: {}
[13.616142] (-) TimerEvent: {}
[13.718010] (-) TimerEvent: {}
[13.818859] (-) TimerEvent: {}
[13.919557] (-) TimerEvent: {}
[14.020404] (-) TimerEvent: {}
[14.121122] (-) TimerEvent: {}
[14.221966] (-) TimerEvent: {}
[14.322719] (-) TimerEvent: {}
[14.423377] (-) TimerEvent: {}
[14.524060] (-) TimerEvent: {}
[14.624672] (-) TimerEvent: {}
[14.725338] (-) TimerEvent: {}
[14.826315] (-) TimerEvent: {}
[14.927245] (-) TimerEvent: {}
[15.028554] (-) TimerEvent: {}
[15.129702] (-) TimerEvent: {}
[15.230430] (-) TimerEvent: {}
[15.331135] (-) TimerEvent: {}
[15.431894] (-) TimerEvent: {}
[15.461401] (path_planning) Command: {'cmd': ['/usr/bin/python3', 'setup.py', 'develop', '--editable', '--build-directory', '/home/racecar/racecar_ws/src/lab6_path_planning/build/path_planning/build', '--no-deps', 'install_data'], 'cwd': '/home/racecar/racecar_ws/src/lab6_path_planning/build/path_planning', 'env': {'PYTHONIOENCODING': 'utf-8', 'HOSTNAME': '66e08805c085', 'SSH_AGENT_PID': '926', 'GIT_ASKPASS': '/home/racecar/.vscode-server/bin/8b3775030ed1a69b13e4f4c628c612102e30a681/extensions/git/dist/askpass.sh', 'SHLVL': '2', 'LD_LIBRARY_PATH': '/home/racecar/racecar_ws/install/vs_msgs/lib:/home/racecar/racecar_ws/install/custom_msgs/lib:/opt/ros/foxy/opt/yaml_cpp_vendor/lib:/opt/ros/foxy/opt/rviz_ogre_vendor/lib:/opt/ros/foxy/lib/x86_64-linux-gnu:/opt/ros/foxy/lib', 'BROWSER': '/home/racecar/.vscode-server/bin/8b3775030ed1a69b13e4f4c628c612102e30a681/bin/helpers/browser.sh', 'HOME': '/home/racecar', 'OLDPWD': '/home/racecar/racecar_ws/src/lab6_path_planning/path_planning', 'TERM_PROGRAM_VERSION': '1.85.2', 'VSCODE_IPC_HOOK_CLI': '/tmp/vscode-ipc-55f758f1-012b-4873-be18-d06436078cbb.sock', 'ROS_PYTHON_VERSION': '3', 'VSCODE_GIT_ASKPASS_MAIN': '/home/racecar/.vscode-server/bin/8b3775030ed1a69b13e4f4c628c612102e30a681/extensions/git/dist/askpass-main.js', 'VSCODE_GIT_ASKPASS_NODE': '/home/racecar/.vscode-server/bin/8b3775030ed1a69b13e4f4c628c612102e30a681/node', 'COLORTERM': 'truecolor', 'REMOTE_CONTAINERS': 'true', 'COLCON_PREFIX_PATH': '/home/racecar/racecar_ws/install:/home/sim_ws/install', 'ROS_DISTRO': 'foxy', 'REMOTE_CONTAINERS_IPC': '/tmp/vscode-remote-containers-ipc-6e8b64dc-4ff2-4b6f-8530-765243b67753.sock', '_': '/usr/bin/colcon', 'ROS_VERSION': '2', 'TERM': 'xterm-256color', 'ROS_LOCALHOST_ONLY': '0', 'PATH': '/home/racecar/.vscode-server/bin/8b3775030ed1a69b13e4f4c628c612102e30a681/bin/remote-cli:/opt/ros/foxy/bin:/usr/local/sbin:/usr/local/bin:/usr/sbin:/usr/bin:/sbin:/bin', 'REMOTE_CONTAINERS_SOCKETS': '["/tmp/vscode-ssh-auth-6e8b64dc-4ff2-4b6f-8530-765243b67753.sock","/home/racecar/.gnupg/S.gpg-agent"]', 'DISPLAY': '172.18.192.1:0.0', 'LANG': 'en_US.UTF-8', 'VSCODE_GIT_IPC_HANDLE': '/tmp/vscode-git-5d6cfd60bd.sock', 'TERM_PROGRAM': 'vscode', 'SSH_AUTH_SOCK': '/tmp/ssh-nkISs2nGWfvo/agent.925', 'AMENT_PREFIX_PATH': '/home/sim_ws/install/racecar_simulator:/home/racecar/racecar_ws/install/wall_follower:/home/racecar/racecar_ws/install/vs_msgs:/home/racecar/racecar_ws/install/visual_servoing:/home/racecar/racecar_ws/install/safety_controller:/home/racecar/racecar_ws/install/ros_exercises:/home/racecar/racecar_ws/install/localization:/opt/ros/foxy', 'SHELL': '/bin/bash', 'SIM_WS': '/home/sim_ws', 'VSCODE_GIT_ASKPASS_EXTRA_ARGS': '', 'PWD': '/home/racecar/racecar_ws/src/lab6_path_planning/build/path_planning', 'PYTHONPATH': '/home/racecar/racecar_ws/src/lab6_path_planning/build/path_planning/prefix_override:/home/racecar/racecar_ws/src/lab6_path_planning/install/path_planning/lib/python3.8/site-packages:/home/racecar/racecar_ws/build/wall_follower:/home/racecar/racecar_ws/install/wall_follower/lib/python3.8/site-packages:/home/racecar/racecar_ws/install/vs_msgs/lib/python3.8/site-packages:/home/racecar/racecar_ws/build/visual_servoing:/home/racecar/racecar_ws/install/visual_servoing/lib/python3.8/site-packages:/home/racecar/racecar_ws/build/safety_controller:/home/racecar/racecar_ws/install/safety_controller/lib/python3.8/site-packages:/home/racecar/racecar_ws/build/ros_exercises:/home/racecar/racecar_ws/install/ros_exercises/lib/python3.8/site-packages:/home/racecar/racecar_ws/build/localization:/home/racecar/racecar_ws/install/localization/lib/python3.8/site-packages:/home/racecar/racecar_ws/install/custom_msgs/lib/python3.8/site-packages:/opt/ros/foxy/lib/python3.8/site-packages', 'NO_VNC_VERSION': '1.4.0', 'COLCON': '1', 'CMAKE_PREFIX_PATH': '/home/sim_ws/install/racecar_simulator:/home/racecar/racecar_ws/install/vs_msgs:/home/racecar/racecar_ws/install/custom_msgs'}, 'shell': False}
[15.532031] (-) TimerEvent: {}
[15.632672] (-) TimerEvent: {}
[15.733473] (-) TimerEvent: {}
[15.834136] (-) TimerEvent: {}
[15.934766] (-) TimerEvent: {}
[16.035376] (-) TimerEvent: {}
[16.135905] (-) TimerEvent: {}
[16.236977] (-) TimerEvent: {}
[16.337872] (-) TimerEvent: {}
[16.438914] (-) TimerEvent: {}
[16.539763] (-) TimerEvent: {}
[16.640830] (-) TimerEvent: {}
[16.741522] (-) TimerEvent: {}
[16.842794] (-) TimerEvent: {}
[16.943534] (-) TimerEvent: {}
[17.044420] (-) TimerEvent: {}
[17.145169] (-) TimerEvent: {}
[17.245872] (-) TimerEvent: {}
[17.346453] (-) TimerEvent: {}
[17.447074] (-) TimerEvent: {}
[17.547663] (-) TimerEvent: {}
[17.648452] (-) TimerEvent: {}
[17.749246] (-) TimerEvent: {}
[17.850002] (-) TimerEvent: {}
[17.950686] (-) TimerEvent: {}
[18.051245] (-) TimerEvent: {}
[18.151864] (-) TimerEvent: {}
[18.252730] (-) TimerEvent: {}
[18.353458] (-) TimerEvent: {}
[18.454179] (-) TimerEvent: {}
[18.554780] (-) TimerEvent: {}
[18.655400] (-) TimerEvent: {}
[18.756108] (-) TimerEvent: {}
[18.857089] (-) TimerEvent: {}
[18.957845] (-) TimerEvent: {}
[19.058604] (-) TimerEvent: {}
[19.159291] (-) TimerEvent: {}
[19.272442] (-) TimerEvent: {}
[19.373246] (-) TimerEvent: {}
[19.474009] (-) TimerEvent: {}
[19.575582] (-) TimerEvent: {}
[19.676290] (-) TimerEvent: {}
[19.777080] (-) TimerEvent: {}
[19.878591] (-) TimerEvent: {}
[19.979299] (-) TimerEvent: {}
[20.080062] (-) TimerEvent: {}
[20.180841] (-) TimerEvent: {}
[20.281690] (-) TimerEvent: {}
[20.382267] (-) TimerEvent: {}
[20.482817] (-) TimerEvent: {}
[20.583549] (-) TimerEvent: {}
[20.684267] (-) TimerEvent: {}
[20.784956] (-) TimerEvent: {}
[20.885694] (-) TimerEvent: {}
[20.986503] (-) TimerEvent: {}
[21.040818] (path_planning) StdoutLine: {'line': b'running develop\n'}
[21.086665] (-) TimerEvent: {}
[21.187266] (-) TimerEvent: {}
[21.287811] (-) TimerEvent: {}
[21.390015] (-) TimerEvent: {}
[21.490751] (-) TimerEvent: {}
[21.591557] (-) TimerEvent: {}
[21.692247] (-) TimerEvent: {}
[21.792968] (-) TimerEvent: {}
[21.893780] (-) TimerEvent: {}
[21.994705] (-) TimerEvent: {}
[22.095510] (-) TimerEvent: {}
[22.196296] (-) TimerEvent: {}
[22.297009] (-) TimerEvent: {}
[22.331379] (path_planning) StdoutLine: {'line': b'running egg_info\n'}
[22.333317] (path_planning) StdoutLine: {'line': b'writing path_planning.egg-info/PKG-INFO\n'}
[22.338077] (path_planning) StdoutLine: {'line': b'writing dependency_links to path_planning.egg-info/dependency_links.txt\n'}
[22.345488] (path_planning) StdoutLine: {'line': b'writing entry points to path_planning.egg-info/entry_points.txt\n'}
[22.351692] (path_planning) StdoutLine: {'line': b'writing requirements to path_planning.egg-info/requires.txt\n'}
[22.356307] (path_planning) StdoutLine: {'line': b'writing top-level names to path_planning.egg-info/top_level.txt\n'}
[22.397167] (-) TimerEvent: {}
[22.497905] (-) TimerEvent: {}
[22.598630] (-) TimerEvent: {}
[22.681577] (path_planning) StdoutLine: {'line': b"reading manifest file 'path_planning.egg-info/SOURCES.txt'\n"}
[22.698769] (-) TimerEvent: {}
[22.799763] (-) TimerEvent: {}
[22.900472] (-) TimerEvent: {}
[22.905186] (path_planning) StdoutLine: {'line': b"writing manifest file 'path_planning.egg-info/SOURCES.txt'\n"}
[23.000652] (-) TimerEvent: {}
[23.101773] (-) TimerEvent: {}
[23.202326] (-) TimerEvent: {}
[23.302993] (-) TimerEvent: {}
[23.403639] (-) TimerEvent: {}
[23.413410] (path_planning) StdoutLine: {'line': b'running build_ext\n'}
[23.422985] (path_planning) StdoutLine: {'line': b'Creating /home/racecar/racecar_ws/src/lab6_path_planning/install/path_planning/lib/python3.8/site-packages/path-planning.egg-link (link to .)\n'}
[23.455718] (path_planning) StdoutLine: {'line': b'Installing trajectory_builder script to /home/racecar/racecar_ws/src/lab6_path_planning/install/path_planning/lib/path_planning\n'}
[23.486357] (path_planning) StdoutLine: {'line': b'Installing trajectory_follower script to /home/racecar/racecar_ws/src/lab6_path_planning/install/path_planning/lib/path_planning\n'}
[23.503810] (-) TimerEvent: {}
[23.514209] (path_planning) StdoutLine: {'line': b'Installing trajectory_loader script to /home/racecar/racecar_ws/src/lab6_path_planning/install/path_planning/lib/path_planning\n'}
[23.537411] (path_planning) StdoutLine: {'line': b'Installing trajectory_planner script to /home/racecar/racecar_ws/src/lab6_path_planning/install/path_planning/lib/path_planning\n'}
[23.572969] (path_planning) StdoutLine: {'line': b'\n'}
[23.574345] (path_planning) StdoutLine: {'line': b'Installed /home/racecar/racecar_ws/src/lab6_path_planning/build/path_planning\n'}
[23.577868] (path_planning) StdoutLine: {'line': b'running install_data\n'}
[23.603979] (-) TimerEvent: {}
[23.704648] (-) TimerEvent: {}
[23.805294] (-) TimerEvent: {}
[23.905835] (-) TimerEvent: {}
[24.006585] (-) TimerEvent: {}
[24.059173] (path_planning) CommandEnded: {'returncode': 0}
[24.106731] (-) TimerEvent: {}
[24.208077] (-) TimerEvent: {}
[24.308819] (-) TimerEvent: {}
[24.409561] (-) TimerEvent: {}
[24.510413] (-) TimerEvent: {}
[24.610993] (-) TimerEvent: {}
[24.711596] (-) TimerEvent: {}
[24.812301] (-) TimerEvent: {}
[24.912844] (-) TimerEvent: {}
[25.014196] (-) TimerEvent: {}
[25.116771] (-) TimerEvent: {}
[25.145432] (path_planning) JobEnded: {'identifier': 'path_planning', 'rc': 0}
[25.154099] (-) EventReactorShutdown: {}
