[14.291s] Invoking command in '/home/racecar/racecar_ws/src/lab6_path_planning/build/path_planning': PYTHONPATH=/home/racecar/racecar_ws/src/lab6_path_planning/build/path_planning/prefix_override:/home/racecar/racecar_ws/src/lab6_path_planning/install/path_planning/lib/python3.8/site-packages:${PYTHONPATH} /usr/bin/python3 setup.py develop --editable --build-directory /home/racecar/racecar_ws/src/lab6_path_planning/build/path_planning/build --no-deps install_data
[19.717s] running develop
[20.896s] running egg_info
[20.898s] writing path_planning.egg-info/PKG-INFO
[20.906s] writing dependency_links to path_planning.egg-info/dependency_links.txt
[20.911s] writing entry points to path_planning.egg-info/entry_points.txt
[20.917s] writing requirements to path_planning.egg-info/requires.txt
[20.919s] writing top-level names to path_planning.egg-info/top_level.txt
[21.271s] reading manifest file 'path_planning.egg-info/SOURCES.txt'
[21.567s] writing manifest file 'path_planning.egg-info/SOURCES.txt'
[22.044s] running build_ext
[22.064s] Creating /home/racecar/racecar_ws/src/lab6_path_planning/install/path_planning/lib/python3.8/site-packages/path-planning.egg-link (link to .)
[22.089s] Installing trajectory_builder script to /home/racecar/racecar_ws/src/lab6_path_planning/install/path_planning/lib/path_planning
[22.119s] Installing trajectory_follower script to /home/racecar/racecar_ws/src/lab6_path_planning/install/path_planning/lib/path_planning
[22.149s] Installing trajectory_loader script to /home/racecar/racecar_ws/src/lab6_path_planning/install/path_planning/lib/path_planning
[22.177s] Installing trajectory_planner script to /home/racecar/racecar_ws/src/lab6_path_planning/install/path_planning/lib/path_planning
[22.211s] 
[22.212s] Installed /home/racecar/racecar_ws/src/lab6_path_planning/build/path_planning
[22.216s] running install_data
[22.685s] copying example_trajectories/track_trial2.traj -> /home/racecar/racecar_ws/src/lab6_path_planning/install/path_planning/share/path_planning/example_trajectories
[22.809s] Invoked command in '/home/racecar/racecar_ws/src/lab6_path_planning/build/path_planning' returned '0': PYTHONPATH=/home/racecar/racecar_ws/src/lab6_path_planning/build/path_planning/prefix_override:/home/racecar/racecar_ws/src/lab6_path_planning/install/path_planning/lib/python3.8/site-packages:${PYTHONPATH} /usr/bin/python3 setup.py develop --editable --build-directory /home/racecar/racecar_ws/src/lab6_path_planning/build/path_planning/build --no-deps install_data
