[0.000000] (-) TimerEvent: {}
[0.000510] (path_planning) JobQueued: {'identifier': 'path_planning', 'dependencies': OrderedDict()}
[0.002157] (path_planning) JobStarted: {'identifier': 'path_planning'}
[0.096569] (-) TimerEvent: {}
[0.197390] (-) TimerEvent: {}
[0.298083] (-) TimerEvent: {}
[0.398665] (-) TimerEvent: {}
[0.499568] (-) TimerEvent: {}
[0.600552] (-) TimerEvent: {}
[0.701772] (-) TimerEvent: {}
[0.804416] (-) TimerEvent: {}
[0.905061] (-) TimerEvent: {}
[1.005630] (-) TimerEvent: {}
[1.106162] (-) TimerEvent: {}
[1.206874] (-) TimerEvent: {}
[1.307503] (-) TimerEvent: {}
[1.408511] (-) TimerEvent: {}
[1.511845] (-) TimerEvent: {}
[1.612555] (-) TimerEvent: {}
[1.713136] (-) TimerEvent: {}
[1.813679] (-) TimerEvent: {}
[1.914270] (-) TimerEvent: {}
[2.015368] (-) TimerEvent: {}
[2.116010] (-) TimerEvent: {}
[2.216651] (-) TimerEvent: {}
[2.317365] (-) TimerEvent: {}
[2.417894] (-) TimerEvent: {}
[2.518422] (-) TimerEvent: {}
[2.618948] (-) TimerEvent: {}
[2.719735] (-) TimerEvent: {}
[2.821300] (-) TimerEvent: {}
[2.922137] (-) TimerEvent: {}
[3.022784] (-) TimerEvent: {}
[3.123283] (-) TimerEvent: {}
[3.223919] (-) TimerEvent: {}
[3.324641] (-) TimerEvent: {}
[3.425342] (-) TimerEvent: {}
[3.526032] (-) TimerEvent: {}
[3.626847] (-) TimerEvent: {}
[3.727727] (-) TimerEvent: {}
[3.828338] (-) TimerEvent: {}
[3.928916] (-) TimerEvent: {}
[4.030907] (-) TimerEvent: {}
[4.131871] (-) TimerEvent: {}
[4.232690] (-) TimerEvent: {}
[4.333504] (-) TimerEvent: {}
[4.434279] (-) TimerEvent: {}
[4.535053] (-) TimerEvent: {}
[4.635700] (-) TimerEvent: {}
[4.736629] (-) TimerEvent: {}
[4.837411] (-) TimerEvent: {}
[4.938162] (-) TimerEvent: {}
[5.038913] (-) TimerEvent: {}
[5.139476] (-) TimerEvent: {}
[5.239994] (-) TimerEvent: {}
[5.340975] (-) TimerEvent: {}
[5.442786] (-) TimerEvent: {}
[5.545240] (-) TimerEvent: {}
[5.646536] (-) TimerEvent: {}
[5.747138] (-) TimerEvent: {}
[5.848500] (-) TimerEvent: {}
[5.949541] (-) TimerEvent: {}
[6.051705] (-) TimerEvent: {}
[6.154940] (-) TimerEvent: {}
[6.256090] (-) TimerEvent: {}
[6.356719] (-) TimerEvent: {}
[6.457687] (-) TimerEvent: {}
[6.558463] (-) TimerEvent: {}
[6.659289] (-) TimerEvent: {}
[6.760268] (-) TimerEvent: {}
[6.861026] (-) TimerEvent: {}
[6.961784] (-) TimerEvent: {}
[7.062347] (-) TimerEvent: {}
[7.162804] (-) TimerEvent: {}
[7.264326] (-) TimerEvent: {}
[7.365854] (-) TimerEvent: {}
[7.466642] (-) TimerEvent: {}
[7.567525] (-) TimerEvent: {}
[7.668058] (-) TimerEvent: {}
[7.768561] (-) TimerEvent: {}
[7.869145] (-) TimerEvent: {}
[7.969901] (-) TimerEvent: {}
[8.070715] (-) TimerEvent: {}
[8.171420] (-) TimerEvent: {}
[8.272321] (-) TimerEvent: {}
[8.372934] (-) TimerEvent: {}
[8.473499] (-) TimerEvent: {}
[8.574100] (-) TimerEvent: {}
[8.674767] (-) TimerEvent: {}
[8.776030] (-) TimerEvent: {}
[8.876646] (-) TimerEvent: {}
[8.977252] (-) TimerEvent: {}
[9.078515] (-) TimerEvent: {}
[9.179527] (-) TimerEvent: {}
[9.280273] (-) TimerEvent: {}
[9.381065] (-) TimerEvent: {}
[9.481820] (-) TimerEvent: {}
[9.582682] (-) TimerEvent: {}
[9.683415] (-) TimerEvent: {}
[9.784115] (-) TimerEvent: {}
[9.884957] (-) TimerEvent: {}
[9.987648] (-) TimerEvent: {}
[10.088426] (-) TimerEvent: {}
[10.189288] (-) TimerEvent: {}
[10.290124] (-) TimerEvent: {}
[10.390702] (-) TimerEvent: {}
[10.491377] (-) TimerEvent: {}
[10.602712] (-) TimerEvent: {}
[10.703630] (-) TimerEvent: {}
[10.804280] (-) TimerEvent: {}
[10.905498] (-) TimerEvent: {}
[11.006600] (-) TimerEvent: {}
[11.107400] (-) TimerEvent: {}
[11.208773] (-) TimerEvent: {}
[11.309655] (-) TimerEvent: {}
[11.412006] (-) TimerEvent: {}
[11.512823] (-) TimerEvent: {}
[11.613637] (-) TimerEvent: {}
[11.714943] (-) TimerEvent: {}
[11.815758] (-) TimerEvent: {}
[11.917111] (-) TimerEvent: {}
[12.018819] (-) TimerEvent: {}
[12.119601] (-) TimerEvent: {}
[12.220467] (-) TimerEvent: {}
[12.321596] (-) TimerEvent: {}
[12.422433] (-) TimerEvent: {}
[12.523264] (-) TimerEvent: {}
[12.624140] (-) TimerEvent: {}
[12.724963] (-) TimerEvent: {}
[12.825618] (-) TimerEvent: {}
[12.926299] (-) TimerEvent: {}
[13.027009] (-) TimerEvent: {}
[13.127689] (-) TimerEvent: {}
[13.228377] (-) TimerEvent: {}
[13.329156] (-) TimerEvent: {}
[13.429782] (-) TimerEvent: {}
[13.530880] (-) TimerEvent: {}
[13.631470] (-) TimerEvent: {}
[13.732188] (-) TimerEvent: {}
[13.832968] (-) TimerEvent: {}
[13.933794] (-) TimerEvent: {}
[14.034497] (-) TimerEvent: {}
[14.135251] (-) TimerEvent: {}
[14.236066] (-) TimerEvent: {}
[14.337051] (-) TimerEvent: {}
[14.438098] (-) TimerEvent: {}
[14.538910] (-) TimerEvent: {}
[14.549456] (path_planning) Command: {'cmd': ['/usr/bin/python3', 'setup.py', 'develop', '--editable', '--build-directory', '/home/racecar/racecar_ws/src/lab6_path_planning/build/path_planning/build', '--no-deps', 'install_data'], 'cwd': '/home/racecar/racecar_ws/src/lab6_path_planning/build/path_planning', 'env': {'PYTHONIOENCODING': 'utf-8', 'HOSTNAME': '66e08805c085', 'SSH_AGENT_PID': '926', 'GIT_ASKPASS': '/home/racecar/.vscode-server/bin/8b3775030ed1a69b13e4f4c628c612102e30a681/extensions/git/dist/askpass.sh', 'SHLVL': '2', 'LD_LIBRARY_PATH': '/home/racecar/racecar_ws/install/vs_msgs/lib:/home/racecar/racecar_ws/install/custom_msgs/lib:/opt/ros/foxy/opt/yaml_cpp_vendor/lib:/opt/ros/foxy/opt/rviz_ogre_vendor/lib:/opt/ros/foxy/lib/x86_64-linux-gnu:/opt/ros/foxy/lib', 'BROWSER': '/home/racecar/.vscode-server/bin/8b3775030ed1a69b13e4f4c628c612102e30a681/bin/helpers/browser.sh', 'HOME': '/home/racecar', 'OLDPWD': '/home/racecar/racecar_ws/src/lab6_path_planning/path_planning', 'TERM_PROGRAM_VERSION': '1.85.2', 'VSCODE_IPC_HOOK_CLI': '/tmp/vscode-ipc-4915a5ba-333a-45db-83eb-45395d854842.sock', 'ROS_PYTHON_VERSION': '3', 'VSCODE_GIT_ASKPASS_MAIN': '/home/racecar/.vscode-server/bin/8b3775030ed1a69b13e4f4c628c612102e30a681/extensions/git/dist/askpass-main.js', 'VSCODE_GIT_ASKPASS_NODE': '/home/racecar/.vscode-server/bin/8b3775030ed1a69b13e4f4c628c612102e30a681/node', 'COLORTERM': 'truecolor', 'REMOTE_CONTAINERS': 'true', 'COLCON_PREFIX_PATH': '/home/racecar/racecar_ws/src/lab6_path_planning/path_planning/install:/home/racecar/racecar_ws/install:/home/sim_ws/install', 'ROS_DISTRO': 'foxy', 'REMOTE_CONTAINERS_IPC': '/tmp/vscode-remote-containers-ipc-6e8b64dc-4ff2-4b6f-8530-765243b67753.sock', '_': '/usr/bin/colcon', 'ROS_VERSION': '2', 'TERM': 'xterm-256color', 'ROS_LOCALHOST_ONLY': '0', 'PATH': '/home/racecar/.vscode-server/bin/8b3775030ed1a69b13e4f4c628c612102e30a681/bin/remote-cli:/opt/ros/foxy/bin:/usr/local/sbin:/usr/local/bin:/usr/sbin:/usr/bin:/sbin:/bin', 'REMOTE_CONTAINERS_SOCKETS': '["/tmp/vscode-ssh-auth-6e8b64dc-4ff2-4b6f-8530-765243b67753.sock","/home/racecar/.gnupg/S.gpg-agent"]', 'DISPLAY': '172.18.192.1:0.0', 'LANG': 'en_US.UTF-8', 'VSCODE_GIT_IPC_HANDLE': '/tmp/vscode-git-5d6cfd60bd.sock', 'TERM_PROGRAM': 'vscode', 'SSH_AUTH_SOCK': '/tmp/ssh-nkISs2nGWfvo/agent.925', 'AMENT_PREFIX_PATH': '/home/sim_ws/install/racecar_simulator:/home/racecar/racecar_ws/install/wall_follower:/home/racecar/racecar_ws/install/vs_msgs:/home/racecar/racecar_ws/install/visual_servoing:/home/racecar/racecar_ws/install/safety_controller:/home/racecar/racecar_ws/install/ros_exercises:/home/racecar/racecar_ws/install/localization:/opt/ros/foxy', 'SHELL': '/bin/bash', 'SIM_WS': '/home/sim_ws', 'VSCODE_GIT_ASKPASS_EXTRA_ARGS': '', 'PWD': '/home/racecar/racecar_ws/src/lab6_path_planning/build/path_planning', 'PYTHONPATH': '/home/racecar/racecar_ws/src/lab6_path_planning/build/path_planning/prefix_override:/home/racecar/racecar_ws/src/lab6_path_planning/install/path_planning/lib/python3.8/site-packages:/home/racecar/racecar_ws/build/wall_follower:/home/racecar/racecar_ws/install/wall_follower/lib/python3.8/site-packages:/home/racecar/racecar_ws/install/vs_msgs/lib/python3.8/site-packages:/home/racecar/racecar_ws/build/visual_servoing:/home/racecar/racecar_ws/install/visual_servoing/lib/python3.8/site-packages:/home/racecar/racecar_ws/build/safety_controller:/home/racecar/racecar_ws/install/safety_controller/lib/python3.8/site-packages:/home/racecar/racecar_ws/build/ros_exercises:/home/racecar/racecar_ws/install/ros_exercises/lib/python3.8/site-packages:/home/racecar/racecar_ws/build/localization:/home/racecar/racecar_ws/install/localization/lib/python3.8/site-packages:/home/racecar/racecar_ws/install/custom_msgs/lib/python3.8/site-packages:/opt/ros/foxy/lib/python3.8/site-packages', 'NO_VNC_VERSION': '1.4.0', 'COLCON': '1', 'CMAKE_PREFIX_PATH': '/home/sim_ws/install/racecar_simulator:/home/racecar/racecar_ws/install/vs_msgs:/home/racecar/racecar_ws/install/custom_msgs'}, 'shell': False}
[14.639063] (-) TimerEvent: {}
[14.739776] (-) TimerEvent: {}
[14.840566] (-) TimerEvent: {}
[14.941289] (-) TimerEvent: {}
[15.042625] (-) TimerEvent: {}
[15.143641] (-) TimerEvent: {}
[15.244358] (-) TimerEvent: {}
[15.346778] (-) TimerEvent: {}
[15.447467] (-) TimerEvent: {}
[15.548191] (-) TimerEvent: {}
[15.648836] (-) TimerEvent: {}
[15.749773] (-) TimerEvent: {}
[15.850419] (-) TimerEvent: {}
[15.951078] (-) TimerEvent: {}
[16.051950] (-) TimerEvent: {}
[16.152645] (-) TimerEvent: {}
[16.253296] (-) TimerEvent: {}
[16.353833] (-) TimerEvent: {}
[16.454532] (-) TimerEvent: {}
[16.555241] (-) TimerEvent: {}
[16.656009] (-) TimerEvent: {}
[16.756760] (-) TimerEvent: {}
[16.857374] (-) TimerEvent: {}
[16.957957] (-) TimerEvent: {}
[17.058618] (-) TimerEvent: {}
[17.159243] (-) TimerEvent: {}
[17.259979] (-) TimerEvent: {}
[17.360886] (-) TimerEvent: {}
[17.461851] (-) TimerEvent: {}
[17.562986] (-) TimerEvent: {}
[17.663799] (-) TimerEvent: {}
[17.764532] (-) TimerEvent: {}
[17.865134] (-) TimerEvent: {}
[17.965865] (-) TimerEvent: {}
[18.066670] (-) TimerEvent: {}
[18.167467] (-) TimerEvent: {}
[18.268188] (-) TimerEvent: {}
[18.368969] (-) TimerEvent: {}
[18.469597] (-) TimerEvent: {}
[18.570221] (-) TimerEvent: {}
[18.671499] (-) TimerEvent: {}
[18.772296] (-) TimerEvent: {}
[18.872984] (-) TimerEvent: {}
[18.975422] (-) TimerEvent: {}
[19.076038] (-) TimerEvent: {}
[19.176696] (-) TimerEvent: {}
[19.277859] (-) TimerEvent: {}
[19.378662] (-) TimerEvent: {}
[19.479619] (-) TimerEvent: {}
[19.580459] (-) TimerEvent: {}
[19.681504] (-) TimerEvent: {}
[19.782148] (-) TimerEvent: {}
[19.882835] (-) TimerEvent: {}
[19.983600] (-) TimerEvent: {}
[20.084413] (-) TimerEvent: {}
[20.185627] (-) TimerEvent: {}
[20.199783] (path_planning) StdoutLine: {'line': b'running develop\n'}
[20.285771] (-) TimerEvent: {}
[20.386579] (-) TimerEvent: {}
[20.487294] (-) TimerEvent: {}
[20.588030] (-) TimerEvent: {}
[20.689484] (-) TimerEvent: {}
[20.790891] (-) TimerEvent: {}
[20.891910] (-) TimerEvent: {}
[20.992700] (-) TimerEvent: {}
[21.093423] (-) TimerEvent: {}
[21.193952] (-) TimerEvent: {}
[21.295230] (-) TimerEvent: {}
[21.397447] (-) TimerEvent: {}
[21.474575] (path_planning) StdoutLine: {'line': b'running egg_info\n'}
[21.476657] (path_planning) StdoutLine: {'line': b'writing path_planning.egg-info/PKG-INFO\n'}
[21.483394] (path_planning) StdoutLine: {'line': b'writing dependency_links to path_planning.egg-info/dependency_links.txt\n'}
[21.494577] (path_planning) StdoutLine: {'line': b'writing entry points to path_planning.egg-info/entry_points.txt\n'}
[21.497603] (-) TimerEvent: {}
[21.499050] (path_planning) StdoutLine: {'line': b'writing requirements to path_planning.egg-info/requires.txt\n'}
[21.503299] (path_planning) StdoutLine: {'line': b'writing top-level names to path_planning.egg-info/top_level.txt\n'}
[21.597795] (-) TimerEvent: {}
[21.698453] (-) TimerEvent: {}
[21.799046] (-) TimerEvent: {}
[21.828945] (path_planning) StdoutLine: {'line': b"reading manifest file 'path_planning.egg-info/SOURCES.txt'\n"}
[21.899177] (-) TimerEvent: {}
[21.999849] (-) TimerEvent: {}
[22.067323] (path_planning) StdoutLine: {'line': b"writing manifest file 'path_planning.egg-info/SOURCES.txt'\n"}
[22.100011] (-) TimerEvent: {}
[22.200970] (-) TimerEvent: {}
[22.301626] (-) TimerEvent: {}
[22.402228] (-) TimerEvent: {}
[22.502935] (-) TimerEvent: {}
[22.580843] (path_planning) StdoutLine: {'line': b'running build_ext\n'}
[22.591012] (path_planning) StdoutLine: {'line': b'Creating /home/racecar/racecar_ws/src/lab6_path_planning/install/path_planning/lib/python3.8/site-packages/path-planning.egg-link (link to .)\n'}
[22.603132] (-) TimerEvent: {}
[22.622487] (path_planning) StdoutLine: {'line': b'Installing trajectory_builder script to /home/racecar/racecar_ws/src/lab6_path_planning/install/path_planning/lib/path_planning\n'}
[22.658483] (path_planning) StdoutLine: {'line': b'Installing trajectory_follower script to /home/racecar/racecar_ws/src/lab6_path_planning/install/path_planning/lib/path_planning\n'}
[22.688331] (path_planning) StdoutLine: {'line': b'Installing trajectory_loader script to /home/racecar/racecar_ws/src/lab6_path_planning/install/path_planning/lib/path_planning\n'}
[22.703284] (-) TimerEvent: {}
[22.720085] (path_planning) StdoutLine: {'line': b'Installing trajectory_planner script to /home/racecar/racecar_ws/src/lab6_path_planning/install/path_planning/lib/path_planning\n'}
[22.753893] (path_planning) StdoutLine: {'line': b'\n'}
[22.754892] (path_planning) StdoutLine: {'line': b'Installed /home/racecar/racecar_ws/src/lab6_path_planning/build/path_planning\n'}
[22.757728] (path_planning) StdoutLine: {'line': b'running install_data\n'}
[22.803455] (-) TimerEvent: {}
[22.904296] (-) TimerEvent: {}
[23.005271] (-) TimerEvent: {}
[23.106362] (-) TimerEvent: {}
[23.207125] (-) TimerEvent: {}
[23.307959] (-) TimerEvent: {}
[23.316792] (path_planning) CommandEnded: {'returncode': 0}
[23.408506] (-) TimerEvent: {}
[23.514109] (-) TimerEvent: {}
[23.615030] (-) TimerEvent: {}
[23.715665] (-) TimerEvent: {}
[23.816255] (-) TimerEvent: {}
[23.917011] (-) TimerEvent: {}
[24.018338] (-) TimerEvent: {}
[24.119435] (-) TimerEvent: {}
[24.220885] (-) TimerEvent: {}
[24.321816] (-) TimerEvent: {}
[24.423375] (-) TimerEvent: {}
[24.465022] (path_planning) JobEnded: {'identifier': 'path_planning', 'rc': 0}
[24.475821] (-) EventReactorShutdown: {}
