[0.000000] (-) TimerEvent: {}
[0.000506] (path_planning) JobQueued: {'identifier': 'path_planning', 'dependencies': OrderedDict()}
[0.000715] (path_planning) JobStarted: {'identifier': 'path_planning'}
[0.097885] (-) TimerEvent: {}
[0.198360] (-) TimerEvent: {}
[0.298973] (-) TimerEvent: {}
[0.399587] (-) TimerEvent: {}
[0.500291] (-) TimerEvent: {}
[0.600932] (-) TimerEvent: {}
[0.702011] (-) TimerEvent: {}
[0.802564] (-) TimerEvent: {}
[0.903472] (-) TimerEvent: {}
[1.004254] (-) TimerEvent: {}
[1.105021] (-) TimerEvent: {}
[1.205696] (-) TimerEvent: {}
[1.306228] (-) TimerEvent: {}
[1.406717] (-) TimerEvent: {}
[1.508650] (-) TimerEvent: {}
[1.609715] (-) TimerEvent: {}
[1.710226] (-) TimerEvent: {}
[1.810776] (-) TimerEvent: {}
[1.911514] (-) TimerEvent: {}
[2.012206] (-) TimerEvent: {}
[2.112875] (-) TimerEvent: {}
[2.213700] (-) TimerEvent: {}
[2.314252] (-) TimerEvent: {}
[2.414864] (-) TimerEvent: {}
[2.515585] (-) TimerEvent: {}
[2.616174] (-) TimerEvent: {}
[2.716750] (-) TimerEvent: {}
[2.817423] (-) TimerEvent: {}
[2.917997] (-) TimerEvent: {}
[3.018741] (-) TimerEvent: {}
[3.119653] (-) TimerEvent: {}
[3.220409] (-) TimerEvent: {}
[3.320960] (-) TimerEvent: {}
[3.421388] (-) TimerEvent: {}
[3.521955] (-) TimerEvent: {}
[3.622440] (-) TimerEvent: {}
[3.723321] (-) TimerEvent: {}
[3.823822] (-) TimerEvent: {}
[3.924287] (-) TimerEvent: {}
[4.025141] (-) TimerEvent: {}
[4.125732] (-) TimerEvent: {}
[4.226254] (-) TimerEvent: {}
[4.326848] (-) TimerEvent: {}
[4.427567] (-) TimerEvent: {}
[4.528080] (-) TimerEvent: {}
[4.628704] (-) TimerEvent: {}
[4.729744] (-) TimerEvent: {}
[4.830287] (-) TimerEvent: {}
[4.930797] (-) TimerEvent: {}
[5.031417] (-) TimerEvent: {}
[5.132077] (-) TimerEvent: {}
[5.232581] (-) TimerEvent: {}
[5.333083] (-) TimerEvent: {}
[5.433782] (-) TimerEvent: {}
[5.534342] (-) TimerEvent: {}
[5.634845] (-) TimerEvent: {}
[5.735408] (-) TimerEvent: {}
[5.835859] (-) TimerEvent: {}
[5.936399] (-) TimerEvent: {}
[6.036842] (-) TimerEvent: {}
[6.137326] (-) TimerEvent: {}
[6.238208] (-) TimerEvent: {}
[6.338687] (-) TimerEvent: {}
[6.439137] (-) TimerEvent: {}
[6.539692] (-) TimerEvent: {}
[6.640181] (-) TimerEvent: {}
[6.740748] (-) TimerEvent: {}
[6.841214] (-) TimerEvent: {}
[6.941856] (-) TimerEvent: {}
[7.042308] (-) TimerEvent: {}
[7.142900] (-) TimerEvent: {}
[7.243703] (-) TimerEvent: {}
[7.344542] (-) TimerEvent: {}
[7.445178] (-) TimerEvent: {}
[7.545720] (-) TimerEvent: {}
[7.646286] (-) TimerEvent: {}
[7.746881] (-) TimerEvent: {}
[7.847441] (-) TimerEvent: {}
[7.947927] (-) TimerEvent: {}
[8.048481] (-) TimerEvent: {}
[8.149471] (-) TimerEvent: {}
[8.249954] (-) TimerEvent: {}
[8.350660] (-) TimerEvent: {}
[8.451389] (-) TimerEvent: {}
[8.552902] (-) TimerEvent: {}
[8.653379] (-) TimerEvent: {}
[8.753844] (-) TimerEvent: {}
[8.854396] (-) TimerEvent: {}
[8.954877] (-) TimerEvent: {}
[9.055454] (-) TimerEvent: {}
[9.155975] (-) TimerEvent: {}
[9.256432] (-) TimerEvent: {}
[9.357104] (-) TimerEvent: {}
[9.457786] (-) TimerEvent: {}
[9.558346] (-) TimerEvent: {}
[9.658925] (-) TimerEvent: {}
[9.759497] (-) TimerEvent: {}
[9.860045] (-) TimerEvent: {}
[9.960718] (-) TimerEvent: {}
[10.061349] (-) TimerEvent: {}
[10.162288] (-) TimerEvent: {}
[10.262778] (-) TimerEvent: {}
[10.363258] (-) TimerEvent: {}
[10.463826] (-) TimerEvent: {}
[10.564412] (-) TimerEvent: {}
[10.665044] (-) TimerEvent: {}
[10.765541] (-) TimerEvent: {}
[10.866121] (-) TimerEvent: {}
[10.966819] (-) TimerEvent: {}
[11.067316] (-) TimerEvent: {}
[11.167918] (-) TimerEvent: {}
[11.268602] (-) TimerEvent: {}
[11.369175] (-) TimerEvent: {}
[11.469725] (-) TimerEvent: {}
[11.570386] (-) TimerEvent: {}
[11.670956] (-) TimerEvent: {}
[11.771589] (-) TimerEvent: {}
[11.872198] (-) TimerEvent: {}
[11.972778] (-) TimerEvent: {}
[12.073375] (-) TimerEvent: {}
[12.173961] (-) TimerEvent: {}
[12.274654] (-) TimerEvent: {}
[12.375140] (-) TimerEvent: {}
[12.475743] (-) TimerEvent: {}
[12.576524] (-) TimerEvent: {}
[12.677066] (-) TimerEvent: {}
[12.777708] (-) TimerEvent: {}
[12.878358] (-) TimerEvent: {}
[12.978934] (-) TimerEvent: {}
[13.079516] (-) TimerEvent: {}
[13.180252] (-) TimerEvent: {}
[13.280791] (-) TimerEvent: {}
[13.381387] (-) TimerEvent: {}
[13.481967] (-) TimerEvent: {}
[13.582716] (-) TimerEvent: {}
[13.683806] (-) TimerEvent: {}
[13.784651] (-) TimerEvent: {}
[13.885366] (-) TimerEvent: {}
[13.985942] (-) TimerEvent: {}
[14.087029] (-) TimerEvent: {}
[14.187678] (-) TimerEvent: {}
[14.288580] (-) TimerEvent: {}
[14.389552] (-) TimerEvent: {}
[14.490105] (-) TimerEvent: {}
[14.590636] (-) TimerEvent: {}
[14.691160] (-) TimerEvent: {}
[14.791751] (-) TimerEvent: {}
[14.892405] (-) TimerEvent: {}
[14.993179] (-) TimerEvent: {}
[15.093826] (-) TimerEvent: {}
[15.194609] (-) TimerEvent: {}
[15.295248] (-) TimerEvent: {}
[15.395761] (-) TimerEvent: {}
[15.496287] (-) TimerEvent: {}
[15.596874] (-) TimerEvent: {}
[15.697473] (-) TimerEvent: {}
[15.798073] (-) TimerEvent: {}
[15.898794] (-) TimerEvent: {}
[15.999446] (-) TimerEvent: {}
[16.100035] (-) TimerEvent: {}
[16.200722] (-) TimerEvent: {}
[16.301384] (-) TimerEvent: {}
[16.401973] (-) TimerEvent: {}
[16.502559] (-) TimerEvent: {}
[16.603323] (-) TimerEvent: {}
[16.703964] (-) TimerEvent: {}
[16.804599] (-) TimerEvent: {}
[16.905431] (-) TimerEvent: {}
[17.006123] (-) TimerEvent: {}
[17.106931] (-) TimerEvent: {}
[17.207519] (-) TimerEvent: {}
[17.308084] (-) TimerEvent: {}
[17.408739] (-) TimerEvent: {}
[17.509407] (-) TimerEvent: {}
[17.610247] (-) TimerEvent: {}
[17.710879] (-) TimerEvent: {}
[17.811393] (-) TimerEvent: {}
[17.911870] (-) TimerEvent: {}
[18.012373] (-) TimerEvent: {}
[18.112991] (-) TimerEvent: {}
[18.213764] (-) TimerEvent: {}
[18.314747] (-) TimerEvent: {}
[18.415472] (-) TimerEvent: {}
[18.515991] (-) TimerEvent: {}
[18.616572] (-) TimerEvent: {}
[18.717188] (-) TimerEvent: {}
[18.817825] (-) TimerEvent: {}
[18.918626] (-) TimerEvent: {}
[19.019320] (-) TimerEvent: {}
[19.120555] (-) TimerEvent: {}
[19.221059] (-) TimerEvent: {}
[19.321913] (-) TimerEvent: {}
[19.422415] (-) TimerEvent: {}
[19.522952] (-) TimerEvent: {}
[19.623550] (-) TimerEvent: {}
[19.724335] (-) TimerEvent: {}
[19.825140] (-) TimerEvent: {}
[19.925888] (-) TimerEvent: {}
[20.026604] (-) TimerEvent: {}
[20.097500] (path_planning) Command: {'cmd': ['/usr/bin/python3', 'setup.py', 'develop', '--editable', '--build-directory', '/home/racecar/racecar_ws/src/lab6_path_planning/build/path_planning/build', '--no-deps', 'install_data'], 'cwd': '/home/racecar/racecar_ws/src/lab6_path_planning/build/path_planning', 'env': {'PYTHONIOENCODING': 'utf-8', 'HOSTNAME': '3d2e143b52c4', 'SSH_AGENT_PID': '1007', 'GIT_ASKPASS': '/home/racecar/.vscode-server/bin/8b3775030ed1a69b13e4f4c628c612102e30a681/extensions/git/dist/askpass.sh', 'SHLVL': '1', 'LD_LIBRARY_PATH': '/home/racecar/racecar_ws/src/install/vs_msgs/lib:/home/racecar/racecar_ws/src/install/custom_msgs/lib:/home/racecar/racecar_ws/install/vs_msgs/lib:/home/racecar/racecar_ws/install/custom_msgs/lib:/opt/ros/foxy/opt/yaml_cpp_vendor/lib:/opt/ros/foxy/opt/rviz_ogre_vendor/lib:/opt/ros/foxy/lib/x86_64-linux-gnu:/opt/ros/foxy/lib', 'BROWSER': '/home/racecar/.vscode-server/bin/8b3775030ed1a69b13e4f4c628c612102e30a681/bin/helpers/browser.sh', 'HOME': '/home/racecar', 'OLDPWD': '/home/racecar/racecar_ws/src', 'TERM_PROGRAM_VERSION': '1.85.2', 'VSCODE_IPC_HOOK_CLI': '/tmp/vscode-ipc-05a5e75f-b456-4b76-8256-f9d44b76dfcb.sock', 'ROS_PYTHON_VERSION': '3', 'VSCODE_GIT_ASKPASS_MAIN': '/home/racecar/.vscode-server/bin/8b3775030ed1a69b13e4f4c628c612102e30a681/extensions/git/dist/askpass-main.js', 'VSCODE_GIT_ASKPASS_NODE': '/home/racecar/.vscode-server/bin/8b3775030ed1a69b13e4f4c628c612102e30a681/node', 'COLORTERM': 'truecolor', 'REMOTE_CONTAINERS': 'true', 'COLCON_PREFIX_PATH': '/home/racecar/racecar_ws/src/install:/home/racecar/racecar_ws/install:/home/sim_ws/install', 'ROS_DISTRO': 'foxy', 'REMOTE_CONTAINERS_IPC': '/tmp/vscode-remote-containers-ipc-9448345a-73d0-4a7e-8997-c0e26064cdf7.sock', '_': '/usr/bin/colcon', 'ROS_VERSION': '2', 'TERM': 'xterm-256color', 'ROS_LOCALHOST_ONLY': '0', 'PATH': '/opt/ros/foxy/bin:/home/racecar/.vscode-server/bin/8b3775030ed1a69b13e4f4c628c612102e30a681/bin/remote-cli:/usr/local/sbin:/usr/local/bin:/usr/sbin:/usr/bin:/sbin:/bin', 'DISPLAY': '172.18.192.1:0.0', 'LANG': 'en_US.UTF-8', 'VSCODE_GIT_IPC_HANDLE': '/tmp/vscode-git-5d6cfd60bd.sock', 'TERM_PROGRAM': 'vscode', 'SSH_AUTH_SOCK': '/tmp/ssh-LwsjlT5TQsNU/agent.1006', 'AMENT_PREFIX_PATH': '/home/racecar/racecar_ws/src/install/wall_follower:/home/racecar/racecar_ws/src/install/vs_msgs:/home/racecar/racecar_ws/src/install/visual_servoing:/home/racecar/racecar_ws/src/install/safety_controller:/home/racecar/racecar_ws/src/install/ros_exercises:/home/racecar/racecar_ws/src/install/localization:/home/racecar/racecar_ws/src/install/custom_msgs:/home/sim_ws/install/racecar_simulator:/home/racecar/racecar_ws/install/wall_follower:/home/racecar/racecar_ws/install/vs_msgs:/home/racecar/racecar_ws/install/visual_servoing:/home/racecar/racecar_ws/install/safety_controller:/home/racecar/racecar_ws/install/ros_exercises:/home/racecar/racecar_ws/install/localization:/opt/ros/foxy', 'SHELL': '/bin/bash', 'SIM_WS': '/home/sim_ws', 'VSCODE_GIT_ASKPASS_EXTRA_ARGS': '', 'PWD': '/home/racecar/racecar_ws/src/lab6_path_planning/build/path_planning', 'PYTHONPATH': '/home/racecar/racecar_ws/src/lab6_path_planning/build/path_planning/prefix_override:/home/racecar/racecar_ws/src/lab6_path_planning/install/path_planning/lib/python3.8/site-packages:/home/racecar/racecar_ws/src/build/wall_follower:/home/racecar/racecar_ws/src/install/wall_follower/lib/python3.8/site-packages:/home/racecar/racecar_ws/src/install/vs_msgs/lib/python3.8/site-packages:/home/racecar/racecar_ws/src/build/visual_servoing:/home/racecar/racecar_ws/src/install/visual_servoing/lib/python3.8/site-packages:/home/racecar/racecar_ws/src/build/safety_controller:/home/racecar/racecar_ws/src/install/safety_controller/lib/python3.8/site-packages:/home/racecar/racecar_ws/src/build/ros_exercises:/home/racecar/racecar_ws/src/install/ros_exercises/lib/python3.8/site-packages:/home/racecar/racecar_ws/src/build/localization:/home/racecar/racecar_ws/src/install/localization/lib/python3.8/site-packages:/home/racecar/racecar_ws/src/install/custom_msgs/lib/python3.8/site-packages:/home/racecar/racecar_ws/build/wall_follower:/home/racecar/racecar_ws/install/wall_follower/lib/python3.8/site-packages:/home/racecar/racecar_ws/install/vs_msgs/lib/python3.8/site-packages:/home/racecar/racecar_ws/build/visual_servoing:/home/racecar/racecar_ws/install/visual_servoing/lib/python3.8/site-packages:/home/racecar/racecar_ws/build/safety_controller:/home/racecar/racecar_ws/install/safety_controller/lib/python3.8/site-packages:/home/racecar/racecar_ws/build/ros_exercises:/home/racecar/racecar_ws/install/ros_exercises/lib/python3.8/site-packages:/home/racecar/racecar_ws/build/localization:/home/racecar/racecar_ws/install/localization/lib/python3.8/site-packages:/home/racecar/racecar_ws/install/custom_msgs/lib/python3.8/site-packages:/opt/ros/foxy/lib/python3.8/site-packages', 'NO_VNC_VERSION': '1.4.0', 'COLCON': '1', 'CMAKE_PREFIX_PATH': '/home/racecar/racecar_ws/src/install/vs_msgs:/home/racecar/racecar_ws/src/install/custom_msgs:/home/sim_ws/install/racecar_simulator:/home/racecar/racecar_ws/install/vs_msgs:/home/racecar/racecar_ws/install/custom_msgs'}, 'shell': False}
[20.126932] (-) TimerEvent: {}
[20.231584] (-) TimerEvent: {}
[20.332640] (-) TimerEvent: {}
[20.433551] (-) TimerEvent: {}
[20.534870] (-) TimerEvent: {}
[20.635553] (-) TimerEvent: {}
[20.736104] (-) TimerEvent: {}
[20.836779] (-) TimerEvent: {}
[20.937501] (-) TimerEvent: {}
[21.037951] (-) TimerEvent: {}
[21.138623] (-) TimerEvent: {}
[21.239150] (-) TimerEvent: {}
[21.339679] (-) TimerEvent: {}
[21.440666] (-) TimerEvent: {}
[21.541260] (-) TimerEvent: {}
[21.641954] (-) TimerEvent: {}
[21.742599] (-) TimerEvent: {}
[21.843133] (-) TimerEvent: {}
[21.943872] (-) TimerEvent: {}
[22.044502] (-) TimerEvent: {}
[22.145104] (-) TimerEvent: {}
[22.246033] (-) TimerEvent: {}
[22.346789] (-) TimerEvent: {}
[22.447378] (-) TimerEvent: {}
[22.548098] (-) TimerEvent: {}
[22.648775] (-) TimerEvent: {}
[22.749394] (-) TimerEvent: {}
[22.850060] (-) TimerEvent: {}
[22.950597] (-) TimerEvent: {}
[23.051234] (-) TimerEvent: {}
[23.152322] (-) TimerEvent: {}
[23.253549] (-) TimerEvent: {}
[23.354039] (-) TimerEvent: {}
[23.454526] (-) TimerEvent: {}
[23.555031] (-) TimerEvent: {}
[23.655574] (-) TimerEvent: {}
[23.756212] (-) TimerEvent: {}
[23.856892] (-) TimerEvent: {}
[23.957534] (-) TimerEvent: {}
[24.058318] (-) TimerEvent: {}
[24.159103] (-) TimerEvent: {}
[24.259749] (-) TimerEvent: {}
[24.360321] (-) TimerEvent: {}
[24.460975] (-) TimerEvent: {}
[24.562038] (-) TimerEvent: {}
[24.662762] (-) TimerEvent: {}
[24.763644] (-) TimerEvent: {}
[24.864338] (-) TimerEvent: {}
[24.965050] (-) TimerEvent: {}
[25.065568] (-) TimerEvent: {}
[25.166597] (-) TimerEvent: {}
[25.267374] (-) TimerEvent: {}
[25.368002] (-) TimerEvent: {}
[25.468882] (-) TimerEvent: {}
[25.569568] (-) TimerEvent: {}
[25.670394] (-) TimerEvent: {}
[25.771550] (-) TimerEvent: {}
[25.872269] (-) TimerEvent: {}
[25.973182] (-) TimerEvent: {}
[26.074235] (-) TimerEvent: {}
[26.174882] (-) TimerEvent: {}
[26.275758] (-) TimerEvent: {}
[26.376315] (-) TimerEvent: {}
[26.476928] (-) TimerEvent: {}
[26.577738] (-) TimerEvent: {}
[26.678483] (-) TimerEvent: {}
[26.779590] (-) TimerEvent: {}
[26.880488] (-) TimerEvent: {}
[26.981069] (-) TimerEvent: {}
[27.081710] (-) TimerEvent: {}
[27.182357] (-) TimerEvent: {}
[27.282984] (-) TimerEvent: {}
[27.383481] (-) TimerEvent: {}
[27.484240] (-) TimerEvent: {}
[27.584868] (-) TimerEvent: {}
[27.685393] (-) TimerEvent: {}
[27.785943] (-) TimerEvent: {}
[27.886608] (-) TimerEvent: {}
[27.953198] (path_planning) StdoutLine: {'line': b'running develop\n'}
[27.986748] (-) TimerEvent: {}
[28.087586] (-) TimerEvent: {}
[28.188227] (-) TimerEvent: {}
[28.289049] (-) TimerEvent: {}
[28.389720] (-) TimerEvent: {}
[28.490338] (-) TimerEvent: {}
[28.590987] (-) TimerEvent: {}
[28.691827] (-) TimerEvent: {}
[28.792358] (-) TimerEvent: {}
[28.893062] (-) TimerEvent: {}
[28.994138] (-) TimerEvent: {}
[29.094839] (-) TimerEvent: {}
[29.195889] (-) TimerEvent: {}
[29.296788] (-) TimerEvent: {}
[29.397458] (-) TimerEvent: {}
[29.498155] (-) TimerEvent: {}
[29.514440] (path_planning) StdoutLine: {'line': b'running egg_info\n'}
[29.517623] (path_planning) StdoutLine: {'line': b'writing path_planning.egg-info/PKG-INFO\n'}
[29.523412] (path_planning) StdoutLine: {'line': b'writing dependency_links to path_planning.egg-info/dependency_links.txt\n'}
[29.526921] (path_planning) StdoutLine: {'line': b'writing entry points to path_planning.egg-info/entry_points.txt\n'}
[29.530329] (path_planning) StdoutLine: {'line': b'writing requirements to path_planning.egg-info/requires.txt\n'}
[29.534098] (path_planning) StdoutLine: {'line': b'writing top-level names to path_planning.egg-info/top_level.txt\n'}
[29.598342] (-) TimerEvent: {}
[29.699201] (-) TimerEvent: {}
[29.799793] (-) TimerEvent: {}
[29.900596] (-) TimerEvent: {}
[29.901187] (path_planning) StdoutLine: {'line': b"reading manifest file 'path_planning.egg-info/SOURCES.txt'\n"}
[30.000826] (-) TimerEvent: {}
[30.076689] (path_planning) StdoutLine: {'line': b"writing manifest file 'path_planning.egg-info/SOURCES.txt'\n"}
[30.100924] (-) TimerEvent: {}
[30.201628] (-) TimerEvent: {}
[30.302234] (-) TimerEvent: {}
[30.403278] (-) TimerEvent: {}
[30.503781] (-) TimerEvent: {}
[30.604502] (-) TimerEvent: {}
[30.664055] (path_planning) StdoutLine: {'line': b'running build_ext\n'}
[30.670738] (path_planning) StdoutLine: {'line': b'Creating /home/racecar/racecar_ws/src/lab6_path_planning/install/path_planning/lib/python3.8/site-packages/path-planning.egg-link (link to .)\n'}
[30.686684] (path_planning) StdoutLine: {'line': b'Installing trajectory_builder script to /home/racecar/racecar_ws/src/lab6_path_planning/install/path_planning/lib/path_planning\n'}
[30.702654] (path_planning) StdoutLine: {'line': b'Installing trajectory_follower script to /home/racecar/racecar_ws/src/lab6_path_planning/install/path_planning/lib/path_planning\n'}
[30.704572] (-) TimerEvent: {}
[30.725337] (path_planning) StdoutLine: {'line': b'Installing trajectory_loader script to /home/racecar/racecar_ws/src/lab6_path_planning/install/path_planning/lib/path_planning\n'}
[30.746186] (path_planning) StdoutLine: {'line': b'Installing trajectory_planner script to /home/racecar/racecar_ws/src/lab6_path_planning/install/path_planning/lib/path_planning\n'}
[30.767341] (path_planning) StdoutLine: {'line': b'\n'}
[30.768295] (path_planning) StdoutLine: {'line': b'Installed /home/racecar/racecar_ws/src/lab6_path_planning/build/path_planning\n'}
[30.770912] (path_planning) StdoutLine: {'line': b'running install_data\n'}
[30.804688] (-) TimerEvent: {}
[30.905108] (-) TimerEvent: {}
[31.005665] (-) TimerEvent: {}
[31.106192] (-) TimerEvent: {}
[31.152147] (path_planning) CommandEnded: {'returncode': 0}
[31.206331] (-) TimerEvent: {}
[31.306942] (-) TimerEvent: {}
[31.407523] (-) TimerEvent: {}
[31.508282] (-) TimerEvent: {}
[31.609150] (-) TimerEvent: {}
[31.710026] (-) TimerEvent: {}
[31.810652] (-) TimerEvent: {}
[31.911256] (-) TimerEvent: {}
[32.011729] (-) TimerEvent: {}
[32.108853] (path_planning) JobEnded: {'identifier': 'path_planning', 'rc': 0}
[32.116381] (-) TimerEvent: {}
[32.116943] (-) EventReactorShutdown: {}
