[11.291s] DEBUG:colcon:Command line arguments: ['/usr/bin/colcon', 'build', '--symlink-install']
[11.292s] DEBUG:colcon:Parsed command line arguments: Namespace(ament_cmake_args=None, base_paths=['.'], build_base='build', catkin_cmake_args=None, catkin_skip_building_tests=False, cmake_args=None, cmake_clean_cache=False, cmake_clean_first=False, cmake_force_configure=False, cmake_target=None, cmake_target_skip_unavailable=False, continue_on_error=False, event_handlers=None, executor='parallel', ignore_user_meta=False, install_base='install', log_base=None, log_level=None, main=<bound method BuildVerb.main of <colcon_core.verb.build.BuildVerb object at 0x7fbcc5d4b9d0>>, merge_install=False, metas=['./colcon.meta'], packages_above=None, packages_above_and_dependencies=None, packages_above_depth=None, packages_end=None, packages_ignore=None, packages_ignore_regex=None, packages_select=None, packages_select_build_failed=False, packages_select_by_dep=None, packages_select_regex=None, packages_select_test_failures=False, packages_skip=None, packages_skip_build_finished=False, packages_skip_by_dep=None, packages_skip_regex=None, packages_skip_test_passed=False, packages_skip_up_to=None, packages_start=None, packages_up_to=None, packages_up_to_regex=None, parallel_workers=8, paths=None, symlink_install=True, test_result_base=None, verb_extension=<colcon_core.verb.build.BuildVerb object at 0x7fbcc5d4b9d0>, verb_name='build', verb_parser=<colcon_defaults.argument_parser.defaults.DefaultArgumentsDecorator object at 0x7fbcc596f7c0>)
[12.136s] Level 1:colcon.colcon_core.package_discovery:discover_packages(colcon_meta) check parameters
[12.138s] Level 1:colcon.colcon_core.package_discovery:discover_packages(recursive) check parameters
[12.138s] Level 1:colcon.colcon_core.package_discovery:discover_packages(ignore) check parameters
[12.138s] Level 1:colcon.colcon_core.package_discovery:discover_packages(path) check parameters
[12.138s] Level 1:colcon.colcon_core.package_discovery:discover_packages(colcon_meta) discover
[12.138s] Level 1:colcon.colcon_core.package_discovery:discover_packages(recursive) discover
[12.139s] INFO:colcon.colcon_core.package_discovery:Crawling recursively for packages in '/home/racecar/racecar_ws/src/lab6_path_planning'
[12.140s] Level 1:colcon.colcon_core.package_identification:_identify(.) by extensions ['ignore', 'ignore_ament_install']
[12.140s] Level 1:colcon.colcon_core.package_identification:_identify(.) by extension 'ignore'
[12.141s] Level 1:colcon.colcon_core.package_identification:_identify(.) by extension 'ignore_ament_install'
[12.141s] Level 1:colcon.colcon_core.package_identification:_identify(.) by extensions ['colcon_pkg']
[12.141s] Level 1:colcon.colcon_core.package_identification:_identify(.) by extension 'colcon_pkg'
[12.142s] Level 1:colcon.colcon_core.package_identification:_identify(.) by extensions ['colcon_meta']
[12.142s] Level 1:colcon.colcon_core.package_identification:_identify(.) by extension 'colcon_meta'
[12.143s] Level 1:colcon.colcon_core.package_identification:_identify(.) by extensions ['ros']
[12.143s] Level 1:colcon.colcon_core.package_identification:_identify(.) by extension 'ros'
[12.200s] DEBUG:colcon.colcon_core.package_identification:Package '.' with type 'ros.ament_python' and name 'path_planning'
[12.200s] Level 1:colcon.colcon_core.package_discovery:discover_packages(recursive) using defaults
[12.200s] Level 1:colcon.colcon_core.package_discovery:discover_packages(ignore) discover
[12.200s] Level 1:colcon.colcon_core.package_discovery:discover_packages(ignore) using defaults
[12.201s] Level 1:colcon.colcon_core.package_discovery:discover_packages(path) discover
[12.201s] Level 1:colcon.colcon_core.package_discovery:discover_packages(path) using defaults
[13.276s] Level 5:colcon.colcon_core.verb:set package 'path_planning' build argument 'cmake_args' from command line to 'None'
[13.276s] Level 5:colcon.colcon_core.verb:set package 'path_planning' build argument 'cmake_target' from command line to 'None'
[13.276s] Level 5:colcon.colcon_core.verb:set package 'path_planning' build argument 'cmake_target_skip_unavailable' from command line to 'False'
[13.277s] Level 5:colcon.colcon_core.verb:set package 'path_planning' build argument 'cmake_clean_cache' from command line to 'False'
[13.277s] Level 5:colcon.colcon_core.verb:set package 'path_planning' build argument 'cmake_clean_first' from command line to 'False'
[13.277s] Level 5:colcon.colcon_core.verb:set package 'path_planning' build argument 'cmake_force_configure' from command line to 'False'
[13.277s] Level 5:colcon.colcon_core.verb:set package 'path_planning' build argument 'ament_cmake_args' from command line to 'None'
[13.278s] Level 5:colcon.colcon_core.verb:set package 'path_planning' build argument 'catkin_cmake_args' from command line to 'None'
[13.278s] Level 5:colcon.colcon_core.verb:set package 'path_planning' build argument 'catkin_skip_building_tests' from command line to 'False'
[13.279s] DEBUG:colcon.colcon_core.verb:Building package 'path_planning' with the following arguments: {'ament_cmake_args': None, 'build_base': '/home/racecar/racecar_ws/src/lab6_path_planning/build/path_planning', 'catkin_cmake_args': None, 'catkin_skip_building_tests': False, 'cmake_args': None, 'cmake_clean_cache': False, 'cmake_clean_first': False, 'cmake_force_configure': False, 'cmake_target': None, 'cmake_target_skip_unavailable': False, 'install_base': '/home/racecar/racecar_ws/src/lab6_path_planning/install/path_planning', 'merge_install': False, 'path': '/home/racecar/racecar_ws/src/lab6_path_planning', 'symlink_install': True, 'test_result_base': None}
[13.424s] INFO:colcon.colcon_core.executor:Executing jobs using 'parallel' executor
[13.576s] DEBUG:colcon.colcon_parallel_executor.executor.parallel:run_until_complete
[13.577s] INFO:colcon.colcon_ros.task.ament_python.build:Building ROS package in '/home/racecar/racecar_ws/src/lab6_path_planning' with build type 'ament_python'
[13.577s] Level 1:colcon.colcon_core.shell:create_environment_hook('path_planning', 'ament_prefix_path')
[13.827s] INFO:colcon.colcon_core.plugin_system:Skipping extension 'colcon_core.shell.bat': Not used on non-Windows systems
[13.827s] INFO:colcon.colcon_core.shell:Creating environment hook '/home/racecar/racecar_ws/src/lab6_path_planning/install/path_planning/share/path_planning/hook/ament_prefix_path.ps1'
[13.843s] INFO:colcon.colcon_core.shell:Creating environment descriptor '/home/racecar/racecar_ws/src/lab6_path_planning/install/path_planning/share/path_planning/hook/ament_prefix_path.dsv'
[13.856s] INFO:colcon.colcon_core.shell:Creating environment hook '/home/racecar/racecar_ws/src/lab6_path_planning/install/path_planning/share/path_planning/hook/ament_prefix_path.sh'
[14.030s] INFO:colcon.colcon_core.shell:Skip shell extension 'powershell' for command environment: Not usable outside of PowerShell
[14.030s] DEBUG:colcon.colcon_core.shell:Skip shell extension 'dsv' for command environment
[21.785s] INFO:colcon.colcon_core.task.python.build:Building Python package in '/home/racecar/racecar_ws/src/lab6_path_planning'
[21.924s] INFO:colcon.colcon_core.shell:Skip shell extension 'powershell' for command environment: Not usable outside of PowerShell
[21.924s] DEBUG:colcon.colcon_core.shell:Skip shell extension 'dsv' for command environment
[33.685s] DEBUG:colcon.colcon_core.event_handler.log_command:Invoking command in '/home/racecar/racecar_ws/src/lab6_path_planning/build/path_planning': PYTHONPATH=/home/racecar/racecar_ws/src/lab6_path_planning/build/path_planning/prefix_override:/home/racecar/racecar_ws/src/lab6_path_planning/install/path_planning/lib/python3.8/site-packages:${PYTHONPATH} /usr/bin/python3 setup.py develop --editable --build-directory /home/racecar/racecar_ws/src/lab6_path_planning/build/path_planning/build --no-deps install_data
[44.729s] Level 1:colcon.colcon_core.shell:create_environment_hook('path_planning', 'pythonpath_develop')
[44.734s] DEBUG:colcon.colcon_core.event_handler.log_command:Invoked command in '/home/racecar/racecar_ws/src/lab6_path_planning/build/path_planning' returned '0': PYTHONPATH=/home/racecar/racecar_ws/src/lab6_path_planning/build/path_planning/prefix_override:/home/racecar/racecar_ws/src/lab6_path_planning/install/path_planning/lib/python3.8/site-packages:${PYTHONPATH} /usr/bin/python3 setup.py develop --editable --build-directory /home/racecar/racecar_ws/src/lab6_path_planning/build/path_planning/build --no-deps install_data
[44.861s] INFO:colcon.colcon_core.shell:Creating environment hook '/home/racecar/racecar_ws/src/lab6_path_planning/build/path_planning/share/path_planning/hook/pythonpath_develop.ps1'
[44.876s] INFO:colcon.colcon_core.shell:Creating environment descriptor '/home/racecar/racecar_ws/src/lab6_path_planning/build/path_planning/share/path_planning/hook/pythonpath_develop.dsv'
[44.890s] INFO:colcon.colcon_core.shell:Creating environment hook '/home/racecar/racecar_ws/src/lab6_path_planning/build/path_planning/share/path_planning/hook/pythonpath_develop.sh'
[45.119s] Level 1:colcon.colcon_core.environment:checking '/home/racecar/racecar_ws/src/lab6_path_planning/install/path_planning' for CMake module files
[45.169s] Level 1:colcon.colcon_core.environment:checking '/home/racecar/racecar_ws/src/lab6_path_planning/install/path_planning' for CMake config files
[45.293s] Level 1:colcon.colcon_core.environment:checking '/home/racecar/racecar_ws/src/lab6_path_planning/install/path_planning/lib'
[45.298s] Level 1:colcon.colcon_core.environment:checking '/home/racecar/racecar_ws/src/lab6_path_planning/install/path_planning/bin'
[45.301s] Level 1:colcon.colcon_core.environment:checking '/home/racecar/racecar_ws/src/lab6_path_planning/install/path_planning/lib/pkgconfig/path_planning.pc'
[45.303s] Level 1:colcon.colcon_core.environment:checking '/home/racecar/racecar_ws/src/lab6_path_planning/install/path_planning/lib/python3.8/site-packages'
[45.305s] Level 1:colcon.colcon_core.shell:create_environment_hook('path_planning', 'pythonpath')
[45.425s] INFO:colcon.colcon_core.shell:Creating environment hook '/home/racecar/racecar_ws/src/lab6_path_planning/install/path_planning/share/path_planning/hook/pythonpath.ps1'
[45.438s] INFO:colcon.colcon_core.shell:Creating environment descriptor '/home/racecar/racecar_ws/src/lab6_path_planning/install/path_planning/share/path_planning/hook/pythonpath.dsv'
[45.452s] INFO:colcon.colcon_core.shell:Creating environment hook '/home/racecar/racecar_ws/src/lab6_path_planning/install/path_planning/share/path_planning/hook/pythonpath.sh'
[45.466s] Level 1:colcon.colcon_core.environment:checking '/home/racecar/racecar_ws/src/lab6_path_planning/install/path_planning/bin'
[45.466s] Level 1:colcon.colcon_core.environment:create_environment_scripts_only(path_planning)
[45.616s] INFO:colcon.colcon_core.shell:Creating package script '/home/racecar/racecar_ws/src/lab6_path_planning/install/path_planning/share/path_planning/package.ps1'
[45.628s] INFO:colcon.colcon_core.shell:Creating package descriptor '/home/racecar/racecar_ws/src/lab6_path_planning/install/path_planning/share/path_planning/package.dsv'
[45.642s] INFO:colcon.colcon_core.shell:Creating package script '/home/racecar/racecar_ws/src/lab6_path_planning/install/path_planning/share/path_planning/package.sh'
[45.656s] INFO:colcon.colcon_core.shell:Creating package script '/home/racecar/racecar_ws/src/lab6_path_planning/install/path_planning/share/path_planning/package.bash'
[45.668s] INFO:colcon.colcon_core.shell:Creating package script '/home/racecar/racecar_ws/src/lab6_path_planning/install/path_planning/share/path_planning/package.zsh'
[45.677s] Level 1:colcon.colcon_core.environment:create_file_with_runtime_dependencies(/home/racecar/racecar_ws/src/lab6_path_planning/install/path_planning/share/colcon-core/packages/path_planning)
[45.686s] DEBUG:colcon.colcon_parallel_executor.executor.parallel:closing loop
[45.687s] DEBUG:colcon.colcon_parallel_executor.executor.parallel:loop closed
[45.687s] DEBUG:colcon.colcon_parallel_executor.executor.parallel:run_until_complete finished with '0'
[45.687s] DEBUG:colcon.colcon_core.event_reactor:joining thread
[45.976s] INFO:colcon.colcon_core.plugin_system:Skipping extension 'colcon_notification.desktop_notification.notify_send': Could not find 'notify-send'
[45.976s] INFO:colcon.colcon_core.plugin_system:Skipping extension 'colcon_notification.desktop_notification.terminal_notifier': Not used on non-Darwin systems
[45.976s] INFO:colcon.colcon_core.plugin_system:Skipping extension 'colcon_notification.desktop_notification.win32': Not used on non-Windows systems
[45.977s] INFO:colcon.colcon_notification.desktop_notification:Sending desktop notification using 'notify2'
[49.312s] DEBUG:colcon.colcon_notification.desktop_notification.notify2:Failed to initialize notify2: org.freedesktop.DBus.Error.Spawn.ExecFailed: /usr/bin/dbus-launch terminated abnormally with the following error: Autolaunch error: X11 initialization failed.

[49.313s] DEBUG:colcon.colcon_core.event_reactor:joined thread
[49.422s] INFO:colcon.colcon_core.shell:Creating prefix script '/home/racecar/racecar_ws/src/lab6_path_planning/install/local_setup.ps1'
[49.427s] INFO:colcon.colcon_core.shell:Creating prefix util module '/home/racecar/racecar_ws/src/lab6_path_planning/install/_local_setup_util_ps1.py'
[49.433s] INFO:colcon.colcon_core.shell:Creating prefix chain script '/home/racecar/racecar_ws/src/lab6_path_planning/install/setup.ps1'
[49.643s] INFO:colcon.colcon_core.shell:Creating prefix script '/home/racecar/racecar_ws/src/lab6_path_planning/install/local_setup.sh'
[49.649s] INFO:colcon.colcon_core.shell:Creating prefix util module '/home/racecar/racecar_ws/src/lab6_path_planning/install/_local_setup_util_sh.py'
[49.654s] INFO:colcon.colcon_core.shell:Creating prefix chain script '/home/racecar/racecar_ws/src/lab6_path_planning/install/setup.sh'
[49.850s] INFO:colcon.colcon_core.shell:Creating prefix script '/home/racecar/racecar_ws/src/lab6_path_planning/install/local_setup.bash'
[49.855s] INFO:colcon.colcon_core.shell:Creating prefix chain script '/home/racecar/racecar_ws/src/lab6_path_planning/install/setup.bash'
[50.069s] INFO:colcon.colcon_core.shell:Creating prefix script '/home/racecar/racecar_ws/src/lab6_path_planning/install/local_setup.zsh'
[50.076s] INFO:colcon.colcon_core.shell:Creating prefix chain script '/home/racecar/racecar_ws/src/lab6_path_planning/install/setup.zsh'
