[0.000000] (-) TimerEvent: {}
[0.000565] (path_planning) JobQueued: {'identifier': 'path_planning', 'dependencies': OrderedDict()}
[0.000779] (path_planning) JobStarted: {'identifier': 'path_planning'}
[0.097792] (-) TimerEvent: {}
[0.199753] (-) TimerEvent: {}
[0.300496] (-) TimerEvent: {}
[0.401445] (-) TimerEvent: {}
[0.502402] (-) TimerEvent: {}
[0.603388] (-) TimerEvent: {}
[0.704234] (-) TimerEvent: {}
[0.805026] (-) TimerEvent: {}
[0.906286] (-) TimerEvent: {}
[1.007935] (-) TimerEvent: {}
[1.108697] (-) TimerEvent: {}
[1.209393] (-) TimerEvent: {}
[1.310187] (-) TimerEvent: {}
[1.410984] (-) TimerEvent: {}
[1.511997] (-) TimerEvent: {}
[1.612576] (-) TimerEvent: {}
[1.713209] (-) TimerEvent: {}
[1.813893] (-) TimerEvent: {}
[1.914568] (-) TimerEvent: {}
[2.015162] (-) TimerEvent: {}
[2.115714] (-) TimerEvent: {}
[2.216293] (-) TimerEvent: {}
[2.317234] (-) TimerEvent: {}
[2.417873] (-) TimerEvent: {}
[2.518565] (-) TimerEvent: {}
[2.619261] (-) TimerEvent: {}
[2.719853] (-) TimerEvent: {}
[2.820633] (-) TimerEvent: {}
[2.921413] (-) TimerEvent: {}
[3.022332] (-) TimerEvent: {}
[3.123124] (-) TimerEvent: {}
[3.223881] (-) TimerEvent: {}
[3.324562] (-) TimerEvent: {}
[3.425412] (-) TimerEvent: {}
[3.526024] (-) TimerEvent: {}
[3.626723] (-) TimerEvent: {}
[3.727459] (-) TimerEvent: {}
[3.828123] (-) TimerEvent: {}
[3.928713] (-) TimerEvent: {}
[4.029652] (-) TimerEvent: {}
[4.130312] (-) TimerEvent: {}
[4.230993] (-) TimerEvent: {}
[4.331704] (-) TimerEvent: {}
[4.432408] (-) TimerEvent: {}
[4.533145] (-) TimerEvent: {}
[4.633917] (-) TimerEvent: {}
[4.734616] (-) TimerEvent: {}
[4.835178] (-) TimerEvent: {}
[4.935819] (-) TimerEvent: {}
[5.036694] (-) TimerEvent: {}
[5.137530] (-) TimerEvent: {}
[5.238301] (-) TimerEvent: {}
[5.339473] (-) TimerEvent: {}
[5.442112] (-) TimerEvent: {}
[5.542724] (-) TimerEvent: {}
[5.643736] (-) TimerEvent: {}
[5.746414] (-) TimerEvent: {}
[5.848218] (-) TimerEvent: {}
[5.949392] (-) TimerEvent: {}
[6.049969] (-) TimerEvent: {}
[6.150532] (-) TimerEvent: {}
[6.251275] (-) TimerEvent: {}
[6.352008] (-) TimerEvent: {}
[6.452722] (-) TimerEvent: {}
[6.553705] (-) TimerEvent: {}
[6.654671] (-) TimerEvent: {}
[6.755266] (-) TimerEvent: {}
[6.855841] (-) TimerEvent: {}
[6.956435] (-) TimerEvent: {}
[7.057055] (-) TimerEvent: {}
[7.157661] (-) TimerEvent: {}
[7.258305] (-) TimerEvent: {}
[7.359139] (-) TimerEvent: {}
[7.459956] (-) TimerEvent: {}
[7.560536] (-) TimerEvent: {}
[7.661313] (-) TimerEvent: {}
[7.761927] (-) TimerEvent: {}
[7.862645] (-) TimerEvent: {}
[7.963306] (-) TimerEvent: {}
[8.064115] (-) TimerEvent: {}
[8.164957] (-) TimerEvent: {}
[8.265785] (-) TimerEvent: {}
[8.366646] (-) TimerEvent: {}
[8.467253] (-) TimerEvent: {}
[8.567922] (-) TimerEvent: {}
[8.668824] (-) TimerEvent: {}
[8.769572] (-) TimerEvent: {}
[8.870243] (-) TimerEvent: {}
[8.971076] (-) TimerEvent: {}
[9.071741] (-) TimerEvent: {}
[9.172308] (-) TimerEvent: {}
[9.272850] (-) TimerEvent: {}
[9.373527] (-) TimerEvent: {}
[9.474359] (-) TimerEvent: {}
[9.575250] (-) TimerEvent: {}
[9.676003] (-) TimerEvent: {}
[9.776709] (-) TimerEvent: {}
[9.877343] (-) TimerEvent: {}
[9.977846] (-) TimerEvent: {}
[10.078618] (-) TimerEvent: {}
[10.179432] (-) TimerEvent: {}
[10.279985] (-) TimerEvent: {}
[10.380993] (-) TimerEvent: {}
[10.481619] (-) TimerEvent: {}
[10.582171] (-) TimerEvent: {}
[10.682811] (-) TimerEvent: {}
[10.783486] (-) TimerEvent: {}
[10.884788] (-) TimerEvent: {}
[10.985529] (-) TimerEvent: {}
[11.086327] (-) TimerEvent: {}
[11.187086] (-) TimerEvent: {}
[11.287864] (-) TimerEvent: {}
[11.389603] (-) TimerEvent: {}
[11.490468] (-) TimerEvent: {}
[11.591146] (-) TimerEvent: {}
[11.691807] (-) TimerEvent: {}
[11.792497] (-) TimerEvent: {}
[11.893087] (-) TimerEvent: {}
[11.993746] (-) TimerEvent: {}
[12.094550] (-) TimerEvent: {}
[12.195235] (-) TimerEvent: {}
[12.295935] (-) TimerEvent: {}
[12.396529] (-) TimerEvent: {}
[12.497190] (-) TimerEvent: {}
[12.598046] (-) TimerEvent: {}
[12.698986] (-) TimerEvent: {}
[12.799780] (-) TimerEvent: {}
[12.900767] (-) TimerEvent: {}
[12.934535] (path_planning) Command: {'cmd': ['/usr/bin/python3', 'setup.py', 'develop', '--editable', '--build-directory', '/home/racecar/racecar_ws/src/lab6_path_planning/build/path_planning/build', '--no-deps', 'install_data'], 'cwd': '/home/racecar/racecar_ws/src/lab6_path_planning/build/path_planning', 'env': {'PYTHONIOENCODING': 'utf-8', 'HOSTNAME': '0f5357b4d893', 'SSH_AGENT_PID': '952', 'GIT_ASKPASS': '/home/racecar/.vscode-server/bin/8b3775030ed1a69b13e4f4c628c612102e30a681/extensions/git/dist/askpass.sh', 'SHLVL': '2', 'LD_LIBRARY_PATH': '/home/racecar/racecar_ws/install/vs_msgs/lib:/home/racecar/racecar_ws/install/custom_msgs/lib:/opt/ros/foxy/opt/yaml_cpp_vendor/lib:/opt/ros/foxy/opt/rviz_ogre_vendor/lib:/opt/ros/foxy/lib/x86_64-linux-gnu:/opt/ros/foxy/lib', 'BROWSER': '/home/racecar/.vscode-server/bin/8b3775030ed1a69b13e4f4c628c612102e30a681/bin/helpers/browser.sh', 'HOME': '/home/racecar', 'OLDPWD': '/home/racecar/racecar_ws/src/lab6_path_planning/launch', 'TERM_PROGRAM_VERSION': '1.85.2', 'VSCODE_IPC_HOOK_CLI': '/tmp/vscode-ipc-cbb65489-00d7-4125-bd79-587bd42fa78c.sock', 'ROS_PYTHON_VERSION': '3', 'VSCODE_GIT_ASKPASS_MAIN': '/home/racecar/.vscode-server/bin/8b3775030ed1a69b13e4f4c628c612102e30a681/extensions/git/dist/askpass-main.js', 'VSCODE_GIT_ASKPASS_NODE': '/home/racecar/.vscode-server/bin/8b3775030ed1a69b13e4f4c628c612102e30a681/node', 'COLORTERM': 'truecolor', 'REMOTE_CONTAINERS': 'true', 'COLCON_PREFIX_PATH': '/home/racecar/racecar_ws/install:/home/sim_ws/install', 'ROS_DISTRO': 'foxy', 'REMOTE_CONTAINERS_IPC': '/tmp/vscode-remote-containers-ipc-065740b1-9052-4c1d-8d9f-cc0cf2be5724.sock', '_': '/usr/bin/colcon', 'ROS_VERSION': '2', 'TERM': 'xterm-256color', 'ROS_LOCALHOST_ONLY': '0', 'PATH': '/home/racecar/.vscode-server/bin/8b3775030ed1a69b13e4f4c628c612102e30a681/bin/remote-cli:/opt/ros/foxy/bin:/usr/local/sbin:/usr/local/bin:/usr/sbin:/usr/bin:/sbin:/bin', 'REMOTE_CONTAINERS_SOCKETS': '["/tmp/vscode-ssh-auth-065740b1-9052-4c1d-8d9f-cc0cf2be5724.sock","/home/racecar/.gnupg/S.gpg-agent"]', 'DISPLAY': '172.18.192.1:0.0', 'LANG': 'en_US.UTF-8', 'VSCODE_GIT_IPC_HANDLE': '/tmp/vscode-git-aec1aa4683.sock', 'TERM_PROGRAM': 'vscode', 'SSH_AUTH_SOCK': '/tmp/ssh-oDzY4xGFwlx2/agent.951', 'AMENT_PREFIX_PATH': '/home/sim_ws/install/racecar_simulator:/home/racecar/racecar_ws/install/wall_follower:/home/racecar/racecar_ws/install/vs_msgs:/home/racecar/racecar_ws/install/visual_servoing:/home/racecar/racecar_ws/install/safety_controller:/home/racecar/racecar_ws/install/ros_exercises:/home/racecar/racecar_ws/install/localization:/opt/ros/foxy', 'SHELL': '/bin/bash', 'SIM_WS': '/home/sim_ws', 'VSCODE_GIT_ASKPASS_EXTRA_ARGS': '', 'PWD': '/home/racecar/racecar_ws/src/lab6_path_planning/build/path_planning', 'PYTHONPATH': '/home/racecar/racecar_ws/src/lab6_path_planning/build/path_planning/prefix_override:/home/racecar/racecar_ws/src/lab6_path_planning/install/path_planning/lib/python3.8/site-packages:/home/racecar/racecar_ws/build/wall_follower:/home/racecar/racecar_ws/install/wall_follower/lib/python3.8/site-packages:/home/racecar/racecar_ws/install/vs_msgs/lib/python3.8/site-packages:/home/racecar/racecar_ws/build/visual_servoing:/home/racecar/racecar_ws/install/visual_servoing/lib/python3.8/site-packages:/home/racecar/racecar_ws/build/safety_controller:/home/racecar/racecar_ws/install/safety_controller/lib/python3.8/site-packages:/home/racecar/racecar_ws/build/ros_exercises:/home/racecar/racecar_ws/install/ros_exercises/lib/python3.8/site-packages:/home/racecar/racecar_ws/build/localization:/home/racecar/racecar_ws/install/localization/lib/python3.8/site-packages:/home/racecar/racecar_ws/install/custom_msgs/lib/python3.8/site-packages:/opt/ros/foxy/lib/python3.8/site-packages', 'NO_VNC_VERSION': '1.4.0', 'COLCON': '1', 'CMAKE_PREFIX_PATH': '/home/sim_ws/install/racecar_simulator:/home/racecar/racecar_ws/install/vs_msgs:/home/racecar/racecar_ws/install/custom_msgs'}, 'shell': False}
[13.000897] (-) TimerEvent: {}
[13.101606] (-) TimerEvent: {}
[13.202481] (-) TimerEvent: {}
[13.303150] (-) TimerEvent: {}
[13.403760] (-) TimerEvent: {}
[13.504804] (-) TimerEvent: {}
[13.605561] (-) TimerEvent: {}
[13.706159] (-) TimerEvent: {}
[13.806812] (-) TimerEvent: {}
[13.907460] (-) TimerEvent: {}
[14.008008] (-) TimerEvent: {}
[14.108564] (-) TimerEvent: {}
[14.209122] (-) TimerEvent: {}
[14.309821] (-) TimerEvent: {}
[14.410460] (-) TimerEvent: {}
[14.511008] (-) TimerEvent: {}
[14.611607] (-) TimerEvent: {}
[14.712513] (-) TimerEvent: {}
[14.813368] (-) TimerEvent: {}
[14.914121] (-) TimerEvent: {}
[15.015043] (-) TimerEvent: {}
[15.115791] (-) TimerEvent: {}
[15.216689] (-) TimerEvent: {}
[15.317521] (-) TimerEvent: {}
[15.418155] (-) TimerEvent: {}
[15.518814] (-) TimerEvent: {}
[15.619551] (-) TimerEvent: {}
[15.720216] (-) TimerEvent: {}
[15.820945] (-) TimerEvent: {}
[15.921578] (-) TimerEvent: {}
[16.022406] (-) TimerEvent: {}
[16.123006] (-) TimerEvent: {}
[16.223651] (-) TimerEvent: {}
[16.324305] (-) TimerEvent: {}
[16.425247] (-) TimerEvent: {}
[16.526200] (-) TimerEvent: {}
[16.627236] (-) TimerEvent: {}
[16.727987] (-) TimerEvent: {}
[16.828895] (-) TimerEvent: {}
[16.929557] (-) TimerEvent: {}
[17.030343] (-) TimerEvent: {}
[17.130949] (-) TimerEvent: {}
[17.231682] (-) TimerEvent: {}
[17.332567] (-) TimerEvent: {}
[17.433149] (-) TimerEvent: {}
[17.533772] (-) TimerEvent: {}
[17.634682] (-) TimerEvent: {}
[17.735440] (-) TimerEvent: {}
[17.836075] (-) TimerEvent: {}
[17.936756] (-) TimerEvent: {}
[17.970526] (path_planning) StdoutLine: {'line': b'running develop\n'}
[18.036905] (-) TimerEvent: {}
[18.137441] (-) TimerEvent: {}
[18.238042] (-) TimerEvent: {}
[18.338760] (-) TimerEvent: {}
[18.439426] (-) TimerEvent: {}
[18.540263] (-) TimerEvent: {}
[18.641054] (-) TimerEvent: {}
[18.741684] (-) TimerEvent: {}
[18.842222] (-) TimerEvent: {}
[18.942839] (-) TimerEvent: {}
[19.011824] (path_planning) StdoutLine: {'line': b'running egg_info\n'}
[19.013461] (path_planning) StdoutLine: {'line': b'writing path_planning.egg-info/PKG-INFO\n'}
[19.018531] (path_planning) StdoutLine: {'line': b'writing dependency_links to path_planning.egg-info/dependency_links.txt\n'}
[19.024504] (path_planning) StdoutLine: {'line': b'writing entry points to path_planning.egg-info/entry_points.txt\n'}
[19.028344] (path_planning) StdoutLine: {'line': b'writing requirements to path_planning.egg-info/requires.txt\n'}
[19.030898] (path_planning) StdoutLine: {'line': b'writing top-level names to path_planning.egg-info/top_level.txt\n'}
[19.043021] (-) TimerEvent: {}
[19.143642] (-) TimerEvent: {}
[19.244455] (-) TimerEvent: {}
[19.339786] (path_planning) StdoutLine: {'line': b"reading manifest file 'path_planning.egg-info/SOURCES.txt'\n"}
[19.344635] (-) TimerEvent: {}
[19.445365] (-) TimerEvent: {}
[19.546246] (-) TimerEvent: {}
[19.555928] (path_planning) StdoutLine: {'line': b"writing manifest file 'path_planning.egg-info/SOURCES.txt'\n"}
[19.646375] (-) TimerEvent: {}
[19.746965] (-) TimerEvent: {}
[19.847513] (-) TimerEvent: {}
[19.948084] (-) TimerEvent: {}
[20.005607] (path_planning) StdoutLine: {'line': b'running build_ext\n'}
[20.017059] (path_planning) StdoutLine: {'line': b'Creating /home/racecar/racecar_ws/src/lab6_path_planning/install/path_planning/lib/python3.8/site-packages/path-planning.egg-link (link to .)\n'}
[20.040660] (path_planning) StdoutLine: {'line': b'Installing trajectory_builder script to /home/racecar/racecar_ws/src/lab6_path_planning/install/path_planning/lib/path_planning\n'}
[20.048190] (-) TimerEvent: {}
[20.060791] (path_planning) StdoutLine: {'line': b'Installing trajectory_follower script to /home/racecar/racecar_ws/src/lab6_path_planning/install/path_planning/lib/path_planning\n'}
[20.085805] (path_planning) StdoutLine: {'line': b'Installing trajectory_loader script to /home/racecar/racecar_ws/src/lab6_path_planning/install/path_planning/lib/path_planning\n'}
[20.108403] (path_planning) StdoutLine: {'line': b'Installing trajectory_planner script to /home/racecar/racecar_ws/src/lab6_path_planning/install/path_planning/lib/path_planning\n'}
[20.132998] (path_planning) StdoutLine: {'line': b'\n'}
[20.134104] (path_planning) StdoutLine: {'line': b'Installed /home/racecar/racecar_ws/src/lab6_path_planning/build/path_planning\n'}
[20.138069] (path_planning) StdoutLine: {'line': b'running install_data\n'}
[20.148296] (-) TimerEvent: {}
[20.248802] (-) TimerEvent: {}
[20.349412] (-) TimerEvent: {}
[20.450105] (-) TimerEvent: {}
[20.550725] (-) TimerEvent: {}
[20.619854] (path_planning) CommandEnded: {'returncode': 0}
[20.650900] (-) TimerEvent: {}
[20.751944] (-) TimerEvent: {}
[20.852853] (-) TimerEvent: {}
[20.953559] (-) TimerEvent: {}
[21.054100] (-) TimerEvent: {}
[21.154741] (-) TimerEvent: {}
[21.258314] (-) TimerEvent: {}
[21.359145] (-) TimerEvent: {}
[21.459736] (-) TimerEvent: {}
[21.522517] (path_planning) JobEnded: {'identifier': 'path_planning', 'rc': 0}
[21.536182] (-) EventReactorShutdown: {}
