[8.793s] DEBUG:colcon:Command line arguments: ['/usr/bin/colcon', 'build', '--symlink-install']
[8.794s] DEBUG:colcon:Parsed command line arguments: Namespace(ament_cmake_args=None, base_paths=['.'], build_base='build', catkin_cmake_args=None, catkin_skip_building_tests=False, cmake_args=None, cmake_clean_cache=False, cmake_clean_first=False, cmake_force_configure=False, cmake_target=None, cmake_target_skip_unavailable=False, continue_on_error=False, event_handlers=None, executor='parallel', ignore_user_meta=False, install_base='install', log_base=None, log_level=None, main=<bound method BuildVerb.main of <colcon_core.verb.build.BuildVerb object at 0x7f73c48c0d60>>, merge_install=False, metas=['./colcon.meta'], packages_above=None, packages_above_and_dependencies=None, packages_above_depth=None, packages_end=None, packages_ignore=None, packages_ignore_regex=None, packages_select=None, packages_select_build_failed=False, packages_select_by_dep=None, packages_select_regex=None, packages_select_test_failures=False, packages_skip=None, packages_skip_build_finished=False, packages_skip_by_dep=None, packages_skip_regex=None, packages_skip_test_passed=False, packages_skip_up_to=None, packages_start=None, packages_up_to=None, packages_up_to_regex=None, parallel_workers=8, paths=None, symlink_install=True, test_result_base=None, verb_extension=<colcon_core.verb.build.BuildVerb object at 0x7f73c48c0d60>, verb_name='build', verb_parser=<colcon_defaults.argument_parser.defaults.DefaultArgumentsDecorator object at 0x7f73c4550760>)
[9.355s] Level 1:colcon.colcon_core.package_discovery:discover_packages(colcon_meta) check parameters
[9.357s] Level 1:colcon.colcon_core.package_discovery:discover_packages(recursive) check parameters
[9.357s] Level 1:colcon.colcon_core.package_discovery:discover_packages(ignore) check parameters
[9.358s] Level 1:colcon.colcon_core.package_discovery:discover_packages(path) check parameters
[9.358s] Level 1:colcon.colcon_core.package_discovery:discover_packages(colcon_meta) discover
[9.358s] Level 1:colcon.colcon_core.package_discovery:discover_packages(recursive) discover
[9.359s] INFO:colcon.colcon_core.package_discovery:Crawling recursively for packages in '/home/racecar/racecar_ws/src/lab6_path_planning'
[9.360s] Level 1:colcon.colcon_core.package_identification:_identify(.) by extensions ['ignore', 'ignore_ament_install']
[9.361s] Level 1:colcon.colcon_core.package_identification:_identify(.) by extension 'ignore'
[9.361s] Level 1:colcon.colcon_core.package_identification:_identify(.) by extension 'ignore_ament_install'
[9.362s] Level 1:colcon.colcon_core.package_identification:_identify(.) by extensions ['colcon_pkg']
[9.362s] Level 1:colcon.colcon_core.package_identification:_identify(.) by extension 'colcon_pkg'
[9.362s] Level 1:colcon.colcon_core.package_identification:_identify(.) by extensions ['colcon_meta']
[9.363s] Level 1:colcon.colcon_core.package_identification:_identify(.) by extension 'colcon_meta'
[9.363s] Level 1:colcon.colcon_core.package_identification:_identify(.) by extensions ['ros']
[9.363s] Level 1:colcon.colcon_core.package_identification:_identify(.) by extension 'ros'
[9.417s] DEBUG:colcon.colcon_core.package_identification:Package '.' with type 'ros.ament_python' and name 'path_planning'
[9.418s] Level 1:colcon.colcon_core.package_discovery:discover_packages(recursive) using defaults
[9.418s] Level 1:colcon.colcon_core.package_discovery:discover_packages(ignore) discover
[9.418s] Level 1:colcon.colcon_core.package_discovery:discover_packages(ignore) using defaults
[9.418s] Level 1:colcon.colcon_core.package_discovery:discover_packages(path) discover
[9.419s] Level 1:colcon.colcon_core.package_discovery:discover_packages(path) using defaults
[10.130s] Level 5:colcon.colcon_core.verb:set package 'path_planning' build argument 'cmake_args' from command line to 'None'
[10.131s] Level 5:colcon.colcon_core.verb:set package 'path_planning' build argument 'cmake_target' from command line to 'None'
[10.132s] Level 5:colcon.colcon_core.verb:set package 'path_planning' build argument 'cmake_target_skip_unavailable' from command line to 'False'
[10.132s] Level 5:colcon.colcon_core.verb:set package 'path_planning' build argument 'cmake_clean_cache' from command line to 'False'
[10.132s] Level 5:colcon.colcon_core.verb:set package 'path_planning' build argument 'cmake_clean_first' from command line to 'False'
[10.133s] Level 5:colcon.colcon_core.verb:set package 'path_planning' build argument 'cmake_force_configure' from command line to 'False'
[10.133s] Level 5:colcon.colcon_core.verb:set package 'path_planning' build argument 'ament_cmake_args' from command line to 'None'
[10.133s] Level 5:colcon.colcon_core.verb:set package 'path_planning' build argument 'catkin_cmake_args' from command line to 'None'
[10.134s] Level 5:colcon.colcon_core.verb:set package 'path_planning' build argument 'catkin_skip_building_tests' from command line to 'False'
[10.134s] DEBUG:colcon.colcon_core.verb:Building package 'path_planning' with the following arguments: {'ament_cmake_args': None, 'build_base': '/home/racecar/racecar_ws/src/lab6_path_planning/build/path_planning', 'catkin_cmake_args': None, 'catkin_skip_building_tests': False, 'cmake_args': None, 'cmake_clean_cache': False, 'cmake_clean_first': False, 'cmake_force_configure': False, 'cmake_target': None, 'cmake_target_skip_unavailable': False, 'install_base': '/home/racecar/racecar_ws/src/lab6_path_planning/install/path_planning', 'merge_install': False, 'path': '/home/racecar/racecar_ws/src/lab6_path_planning', 'symlink_install': True, 'test_result_base': None}
[10.242s] INFO:colcon.colcon_core.executor:Executing jobs using 'parallel' executor
[10.343s] DEBUG:colcon.colcon_parallel_executor.executor.parallel:run_until_complete
[10.344s] INFO:colcon.colcon_ros.task.ament_python.build:Building ROS package in '/home/racecar/racecar_ws/src/lab6_path_planning' with build type 'ament_python'
[10.344s] Level 1:colcon.colcon_core.shell:create_environment_hook('path_planning', 'ament_prefix_path')
[10.519s] INFO:colcon.colcon_core.plugin_system:Skipping extension 'colcon_core.shell.bat': Not used on non-Windows systems
[10.519s] INFO:colcon.colcon_core.shell:Creating environment hook '/home/racecar/racecar_ws/src/lab6_path_planning/install/path_planning/share/path_planning/hook/ament_prefix_path.ps1'
[10.539s] INFO:colcon.colcon_core.shell:Creating environment descriptor '/home/racecar/racecar_ws/src/lab6_path_planning/install/path_planning/share/path_planning/hook/ament_prefix_path.dsv'
[10.555s] INFO:colcon.colcon_core.shell:Creating environment hook '/home/racecar/racecar_ws/src/lab6_path_planning/install/path_planning/share/path_planning/hook/ament_prefix_path.sh'
[10.677s] INFO:colcon.colcon_core.shell:Skip shell extension 'powershell' for command environment: Not usable outside of PowerShell
[10.678s] DEBUG:colcon.colcon_core.shell:Skip shell extension 'dsv' for command environment
[15.464s] INFO:colcon.colcon_core.task.python.build:Building Python package in '/home/racecar/racecar_ws/src/lab6_path_planning'
[15.582s] INFO:colcon.colcon_core.shell:Skip shell extension 'powershell' for command environment: Not usable outside of PowerShell
[15.583s] DEBUG:colcon.colcon_core.shell:Skip shell extension 'dsv' for command environment
[23.291s] DEBUG:colcon.colcon_core.event_handler.log_command:Invoking command in '/home/racecar/racecar_ws/src/lab6_path_planning/build/path_planning': PYTHONPATH=/home/racecar/racecar_ws/src/lab6_path_planning/build/path_planning/prefix_override:/home/racecar/racecar_ws/src/lab6_path_planning/install/path_planning/lib/python3.8/site-packages:${PYTHONPATH} /usr/bin/python3 setup.py develop --editable --build-directory /home/racecar/racecar_ws/src/lab6_path_planning/build/path_planning/build --no-deps install_data
[30.963s] Level 1:colcon.colcon_core.shell:create_environment_hook('path_planning', 'pythonpath_develop')
[30.967s] DEBUG:colcon.colcon_core.event_handler.log_command:Invoked command in '/home/racecar/racecar_ws/src/lab6_path_planning/build/path_planning' returned '0': PYTHONPATH=/home/racecar/racecar_ws/src/lab6_path_planning/build/path_planning/prefix_override:/home/racecar/racecar_ws/src/lab6_path_planning/install/path_planning/lib/python3.8/site-packages:${PYTHONPATH} /usr/bin/python3 setup.py develop --editable --build-directory /home/racecar/racecar_ws/src/lab6_path_planning/build/path_planning/build --no-deps install_data
[31.063s] INFO:colcon.colcon_core.shell:Creating environment hook '/home/racecar/racecar_ws/src/lab6_path_planning/build/path_planning/share/path_planning/hook/pythonpath_develop.ps1'
[31.080s] INFO:colcon.colcon_core.shell:Creating environment descriptor '/home/racecar/racecar_ws/src/lab6_path_planning/build/path_planning/share/path_planning/hook/pythonpath_develop.dsv'
[31.099s] INFO:colcon.colcon_core.shell:Creating environment hook '/home/racecar/racecar_ws/src/lab6_path_planning/build/path_planning/share/path_planning/hook/pythonpath_develop.sh'
[31.274s] Level 1:colcon.colcon_core.environment:checking '/home/racecar/racecar_ws/src/lab6_path_planning/install/path_planning' for CMake module files
[31.344s] Level 1:colcon.colcon_core.environment:checking '/home/racecar/racecar_ws/src/lab6_path_planning/install/path_planning' for CMake config files
[31.495s] Level 1:colcon.colcon_core.environment:checking '/home/racecar/racecar_ws/src/lab6_path_planning/install/path_planning/lib'
[31.500s] Level 1:colcon.colcon_core.environment:checking '/home/racecar/racecar_ws/src/lab6_path_planning/install/path_planning/bin'
[31.502s] Level 1:colcon.colcon_core.environment:checking '/home/racecar/racecar_ws/src/lab6_path_planning/install/path_planning/lib/pkgconfig/path_planning.pc'
[31.505s] Level 1:colcon.colcon_core.environment:checking '/home/racecar/racecar_ws/src/lab6_path_planning/install/path_planning/lib/python3.8/site-packages'
[31.509s] Level 1:colcon.colcon_core.shell:create_environment_hook('path_planning', 'pythonpath')
[31.607s] INFO:colcon.colcon_core.shell:Creating environment hook '/home/racecar/racecar_ws/src/lab6_path_planning/install/path_planning/share/path_planning/hook/pythonpath.ps1'
[31.627s] INFO:colcon.colcon_core.shell:Creating environment descriptor '/home/racecar/racecar_ws/src/lab6_path_planning/install/path_planning/share/path_planning/hook/pythonpath.dsv'
[31.644s] INFO:colcon.colcon_core.shell:Creating environment hook '/home/racecar/racecar_ws/src/lab6_path_planning/install/path_planning/share/path_planning/hook/pythonpath.sh'
[31.661s] Level 1:colcon.colcon_core.environment:checking '/home/racecar/racecar_ws/src/lab6_path_planning/install/path_planning/bin'
[31.663s] Level 1:colcon.colcon_core.environment:create_environment_scripts_only(path_planning)
[31.773s] INFO:colcon.colcon_core.shell:Creating package script '/home/racecar/racecar_ws/src/lab6_path_planning/install/path_planning/share/path_planning/package.ps1'
[31.789s] INFO:colcon.colcon_core.shell:Creating package descriptor '/home/racecar/racecar_ws/src/lab6_path_planning/install/path_planning/share/path_planning/package.dsv'
[31.804s] INFO:colcon.colcon_core.shell:Creating package script '/home/racecar/racecar_ws/src/lab6_path_planning/install/path_planning/share/path_planning/package.sh'
[31.822s] INFO:colcon.colcon_core.shell:Creating package script '/home/racecar/racecar_ws/src/lab6_path_planning/install/path_planning/share/path_planning/package.bash'
[31.839s] INFO:colcon.colcon_core.shell:Creating package script '/home/racecar/racecar_ws/src/lab6_path_planning/install/path_planning/share/path_planning/package.zsh'
[31.855s] Level 1:colcon.colcon_core.environment:create_file_with_runtime_dependencies(/home/racecar/racecar_ws/src/lab6_path_planning/install/path_planning/share/colcon-core/packages/path_planning)
[31.866s] DEBUG:colcon.colcon_parallel_executor.executor.parallel:closing loop
[31.867s] DEBUG:colcon.colcon_parallel_executor.executor.parallel:loop closed
[31.867s] DEBUG:colcon.colcon_parallel_executor.executor.parallel:run_until_complete finished with '0'
[31.868s] DEBUG:colcon.colcon_core.event_reactor:joining thread
[32.091s] INFO:colcon.colcon_core.plugin_system:Skipping extension 'colcon_notification.desktop_notification.notify_send': Could not find 'notify-send'
[32.091s] INFO:colcon.colcon_core.plugin_system:Skipping extension 'colcon_notification.desktop_notification.terminal_notifier': Not used on non-Darwin systems
[32.092s] INFO:colcon.colcon_core.plugin_system:Skipping extension 'colcon_notification.desktop_notification.win32': Not used on non-Windows systems
[32.092s] INFO:colcon.colcon_notification.desktop_notification:Sending desktop notification using 'notify2'
[35.359s] DEBUG:colcon.colcon_notification.desktop_notification.notify2:Failed to initialize notify2: org.freedesktop.DBus.Error.Spawn.ExecFailed: /usr/bin/dbus-launch terminated abnormally with the following error: Autolaunch error: X11 initialization failed.

[35.360s] DEBUG:colcon.colcon_core.event_reactor:joined thread
[35.470s] INFO:colcon.colcon_core.shell:Creating prefix script '/home/racecar/racecar_ws/src/lab6_path_planning/install/local_setup.ps1'
[35.477s] INFO:colcon.colcon_core.shell:Creating prefix util module '/home/racecar/racecar_ws/src/lab6_path_planning/install/_local_setup_util_ps1.py'
[35.486s] INFO:colcon.colcon_core.shell:Creating prefix chain script '/home/racecar/racecar_ws/src/lab6_path_planning/install/setup.ps1'
[35.647s] INFO:colcon.colcon_core.shell:Creating prefix script '/home/racecar/racecar_ws/src/lab6_path_planning/install/local_setup.sh'
[35.656s] INFO:colcon.colcon_core.shell:Creating prefix util module '/home/racecar/racecar_ws/src/lab6_path_planning/install/_local_setup_util_sh.py'
[35.662s] INFO:colcon.colcon_core.shell:Creating prefix chain script '/home/racecar/racecar_ws/src/lab6_path_planning/install/setup.sh'
[35.823s] INFO:colcon.colcon_core.shell:Creating prefix script '/home/racecar/racecar_ws/src/lab6_path_planning/install/local_setup.bash'
[35.831s] INFO:colcon.colcon_core.shell:Creating prefix chain script '/home/racecar/racecar_ws/src/lab6_path_planning/install/setup.bash'
[35.986s] INFO:colcon.colcon_core.shell:Creating prefix script '/home/racecar/racecar_ws/src/lab6_path_planning/install/local_setup.zsh'
[35.993s] INFO:colcon.colcon_core.shell:Creating prefix chain script '/home/racecar/racecar_ws/src/lab6_path_planning/install/setup.zsh'
