[17.223s] Invoking command in '/home/racecar/racecar_ws/src/lab6_path_planning/build/path_planning': PYTHONPATH=/home/racecar/racecar_ws/src/lab6_path_planning/build/path_planning/prefix_override:/home/racecar/racecar_ws/src/lab6_path_planning/install/path_planning/lib/python3.8/site-packages:${PYTHONPATH} /usr/bin/python3 setup.py develop --editable --build-directory /home/racecar/racecar_ws/src/lab6_path_planning/build/path_planning/build --no-deps install_data
[23.513s] running develop
[25.269s] running egg_info
[25.278s] writing path_planning.egg-info/PKG-INFO
[25.294s] writing dependency_links to path_planning.egg-info/dependency_links.txt
[25.326s] writing entry points to path_planning.egg-info/entry_points.txt
[25.334s] writing requirements to path_planning.egg-info/requires.txt
[25.342s] writing top-level names to path_planning.egg-info/top_level.txt
[25.889s] reading manifest file 'path_planning.egg-info/SOURCES.txt'
[26.226s] writing manifest file 'path_planning.egg-info/SOURCES.txt'
[26.958s] running build_ext
[26.975s] Creating /home/racecar/racecar_ws/src/lab6_path_planning/install/path_planning/lib/python3.8/site-packages/path-planning.egg-link (link to .)
[27.018s] Installing trajectory_builder script to /home/racecar/racecar_ws/src/lab6_path_planning/install/path_planning/lib/path_planning
[27.054s] Installing trajectory_follower script to /home/racecar/racecar_ws/src/lab6_path_planning/install/path_planning/lib/path_planning
[27.087s] Installing trajectory_loader script to /home/racecar/racecar_ws/src/lab6_path_planning/install/path_planning/lib/path_planning
[27.120s] Installing trajectory_planner script to /home/racecar/racecar_ws/src/lab6_path_planning/install/path_planning/lib/path_planning
[27.173s] 
[27.178s] Installed /home/racecar/racecar_ws/src/lab6_path_planning/build/path_planning
[27.183s] running install_data
[27.789s] Invoked command in '/home/racecar/racecar_ws/src/lab6_path_planning/build/path_planning' returned '0': PYTHONPATH=/home/racecar/racecar_ws/src/lab6_path_planning/build/path_planning/prefix_override:/home/racecar/racecar_ws/src/lab6_path_planning/install/path_planning/lib/python3.8/site-packages:${PYTHONPATH} /usr/bin/python3 setup.py develop --editable --build-directory /home/racecar/racecar_ws/src/lab6_path_planning/build/path_planning/build --no-deps install_data
