[0.000000] (-) TimerEvent: {}
[0.001485] (path_planning) JobQueued: {'identifier': 'path_planning', 'dependencies': OrderedDict()}
[0.002874] (path_planning) JobStarted: {'identifier': 'path_planning'}
[0.095658] (-) TimerEvent: {}
[0.196273] (-) TimerEvent: {}
[0.297125] (-) TimerEvent: {}
[0.397832] (-) TimerEvent: {}
[0.498385] (-) TimerEvent: {}
[0.599055] (-) TimerEvent: {}
[0.699716] (-) TimerEvent: {}
[0.800707] (-) TimerEvent: {}
[0.901501] (-) TimerEvent: {}
[1.002447] (-) TimerEvent: {}
[1.103231] (-) TimerEvent: {}
[1.203935] (-) TimerEvent: {}
[1.304888] (-) TimerEvent: {}
[1.405599] (-) TimerEvent: {}
[1.506582] (-) TimerEvent: {}
[1.607192] (-) TimerEvent: {}
[1.708373] (-) TimerEvent: {}
[1.809064] (-) TimerEvent: {}
[1.909781] (-) TimerEvent: {}
[2.010505] (-) TimerEvent: {}
[2.111124] (-) TimerEvent: {}
[2.211720] (-) TimerEvent: {}
[2.312243] (-) TimerEvent: {}
[2.413099] (-) TimerEvent: {}
[2.513762] (-) TimerEvent: {}
[2.614456] (-) TimerEvent: {}
[2.715128] (-) TimerEvent: {}
[2.815814] (-) TimerEvent: {}
[2.916613] (-) TimerEvent: {}
[3.017143] (-) TimerEvent: {}
[3.118111] (-) TimerEvent: {}
[3.218778] (-) TimerEvent: {}
[3.319539] (-) TimerEvent: {}
[3.420624] (-) TimerEvent: {}
[3.521189] (-) TimerEvent: {}
[3.621985] (-) TimerEvent: {}
[3.723165] (-) TimerEvent: {}
[3.823964] (-) TimerEvent: {}
[3.924530] (-) TimerEvent: {}
[4.025410] (-) TimerEvent: {}
[4.126081] (-) TimerEvent: {}
[4.226713] (-) TimerEvent: {}
[4.327309] (-) TimerEvent: {}
[4.428142] (-) TimerEvent: {}
[4.528781] (-) TimerEvent: {}
[4.629395] (-) TimerEvent: {}
[4.729965] (-) TimerEvent: {}
[4.830552] (-) TimerEvent: {}
[4.931169] (-) TimerEvent: {}
[5.031915] (-) TimerEvent: {}
[5.132688] (-) TimerEvent: {}
[5.233556] (-) TimerEvent: {}
[5.334151] (-) TimerEvent: {}
[5.434917] (-) TimerEvent: {}
[5.535564] (-) TimerEvent: {}
[5.636435] (-) TimerEvent: {}
[5.737737] (-) TimerEvent: {}
[5.838734] (-) TimerEvent: {}
[5.939385] (-) TimerEvent: {}
[6.039928] (-) TimerEvent: {}
[6.140692] (-) TimerEvent: {}
[6.241366] (-) TimerEvent: {}
[6.342437] (-) TimerEvent: {}
[6.444041] (-) TimerEvent: {}
[6.544764] (-) TimerEvent: {}
[6.646347] (-) TimerEvent: {}
[6.747123] (-) TimerEvent: {}
[6.847770] (-) TimerEvent: {}
[6.948428] (-) TimerEvent: {}
[7.048986] (-) TimerEvent: {}
[7.149601] (-) TimerEvent: {}
[7.250187] (-) TimerEvent: {}
[7.350862] (-) TimerEvent: {}
[7.451552] (-) TimerEvent: {}
[7.552230] (-) TimerEvent: {}
[7.653224] (-) TimerEvent: {}
[7.754188] (-) TimerEvent: {}
[7.854898] (-) TimerEvent: {}
[7.955587] (-) TimerEvent: {}
[8.056220] (-) TimerEvent: {}
[8.157009] (-) TimerEvent: {}
[8.257736] (-) TimerEvent: {}
[8.358438] (-) TimerEvent: {}
[8.458990] (-) TimerEvent: {}
[8.560021] (-) TimerEvent: {}
[8.661201] (-) TimerEvent: {}
[8.762894] (-) TimerEvent: {}
[8.863687] (-) TimerEvent: {}
[8.964501] (-) TimerEvent: {}
[9.065175] (-) TimerEvent: {}
[9.165753] (-) TimerEvent: {}
[9.266519] (-) TimerEvent: {}
[9.367225] (-) TimerEvent: {}
[9.467886] (-) TimerEvent: {}
[9.568457] (-) TimerEvent: {}
[9.669058] (-) TimerEvent: {}
[9.769761] (-) TimerEvent: {}
[9.870315] (-) TimerEvent: {}
[9.971035] (-) TimerEvent: {}
[10.071614] (-) TimerEvent: {}
[10.172298] (-) TimerEvent: {}
[10.273062] (-) TimerEvent: {}
[10.373993] (-) TimerEvent: {}
[10.474688] (-) TimerEvent: {}
[10.575530] (-) TimerEvent: {}
[10.676317] (-) TimerEvent: {}
[10.777012] (-) TimerEvent: {}
[10.877683] (-) TimerEvent: {}
[10.978500] (-) TimerEvent: {}
[11.079107] (-) TimerEvent: {}
[11.180317] (-) TimerEvent: {}
[11.280962] (-) TimerEvent: {}
[11.381641] (-) TimerEvent: {}
[11.482207] (-) TimerEvent: {}
[11.582867] (-) TimerEvent: {}
[11.683485] (-) TimerEvent: {}
[11.784317] (-) TimerEvent: {}
[11.885188] (-) TimerEvent: {}
[11.985901] (-) TimerEvent: {}
[12.086626] (-) TimerEvent: {}
[12.187416] (-) TimerEvent: {}
[12.288037] (-) TimerEvent: {}
[12.388673] (-) TimerEvent: {}
[12.489324] (-) TimerEvent: {}
[12.589917] (-) TimerEvent: {}
[12.690527] (-) TimerEvent: {}
[12.791253] (-) TimerEvent: {}
[12.891885] (-) TimerEvent: {}
[12.992429] (-) TimerEvent: {}
[13.093167] (-) TimerEvent: {}
[13.194200] (-) TimerEvent: {}
[13.294740] (-) TimerEvent: {}
[13.395438] (-) TimerEvent: {}
[13.496171] (-) TimerEvent: {}
[13.597099] (-) TimerEvent: {}
[13.697668] (-) TimerEvent: {}
[13.798353] (-) TimerEvent: {}
[13.899257] (-) TimerEvent: {}
[13.999893] (-) TimerEvent: {}
[14.100500] (-) TimerEvent: {}
[14.176263] (path_planning) Command: {'cmd': ['/usr/bin/python3', 'setup.py', 'develop', '--editable', '--build-directory', '/home/racecar/racecar_ws/src/lab6_path_planning/build/path_planning/build', '--no-deps', 'install_data'], 'cwd': '/home/racecar/racecar_ws/src/lab6_path_planning/build/path_planning', 'env': {'PYTHONIOENCODING': 'utf-8', 'HOSTNAME': '26e484d7d840', 'SSH_AGENT_PID': '1194', 'GIT_ASKPASS': '/home/racecar/.vscode-server/bin/8b3775030ed1a69b13e4f4c628c612102e30a681/extensions/git/dist/askpass.sh', 'SHLVL': '2', 'LD_LIBRARY_PATH': '/home/racecar/racecar_ws/install/vs_msgs/lib:/home/racecar/racecar_ws/install/custom_msgs/lib:/opt/ros/foxy/opt/yaml_cpp_vendor/lib:/opt/ros/foxy/opt/rviz_ogre_vendor/lib:/opt/ros/foxy/lib/x86_64-linux-gnu:/opt/ros/foxy/lib', 'BROWSER': '/home/racecar/.vscode-server/bin/8b3775030ed1a69b13e4f4c628c612102e30a681/bin/helpers/browser.sh', 'HOME': '/home/racecar', 'OLDPWD': '/home/racecar/racecar_ws/src', 'TERM_PROGRAM_VERSION': '1.85.2', 'VSCODE_IPC_HOOK_CLI': '/tmp/vscode-ipc-0e78717c-6c97-4cb0-96eb-d67c33e098f9.sock', 'ROS_PYTHON_VERSION': '3', 'VSCODE_GIT_ASKPASS_MAIN': '/home/racecar/.vscode-server/bin/8b3775030ed1a69b13e4f4c628c612102e30a681/extensions/git/dist/askpass-main.js', 'VSCODE_GIT_ASKPASS_NODE': '/home/racecar/.vscode-server/bin/8b3775030ed1a69b13e4f4c628c612102e30a681/node', 'COLORTERM': 'truecolor', 'REMOTE_CONTAINERS': 'true', 'COLCON_PREFIX_PATH': '/home/racecar/racecar_ws/install:/home/sim_ws/install', 'ROS_DISTRO': 'foxy', 'REMOTE_CONTAINERS_IPC': '/tmp/vscode-remote-containers-ipc-eceded9a-7fbf-4f3e-845f-e1f83f92fcc2.sock', '_': '/usr/bin/colcon', 'ROS_VERSION': '2', 'TERM': 'xterm-256color', 'ROS_LOCALHOST_ONLY': '0', 'PATH': '/home/racecar/.vscode-server/bin/8b3775030ed1a69b13e4f4c628c612102e30a681/bin/remote-cli:/opt/ros/foxy/bin:/usr/local/sbin:/usr/local/bin:/usr/sbin:/usr/bin:/sbin:/bin', 'REMOTE_CONTAINERS_SOCKETS': '["/tmp/vscode-ssh-auth-eceded9a-7fbf-4f3e-845f-e1f83f92fcc2.sock","/home/racecar/.gnupg/S.gpg-agent"]', 'DISPLAY': '172.18.192.1:0.0', 'LANG': 'en_US.UTF-8', 'VSCODE_GIT_IPC_HANDLE': '/tmp/vscode-git-5d6cfd60bd.sock', 'TERM_PROGRAM': 'vscode', 'SSH_AUTH_SOCK': '/tmp/ssh-uEwKm3CzsaB7/agent.1193', 'AMENT_PREFIX_PATH': '/home/sim_ws/install/racecar_simulator:/home/racecar/racecar_ws/install/wall_follower:/home/racecar/racecar_ws/install/vs_msgs:/home/racecar/racecar_ws/install/visual_servoing:/home/racecar/racecar_ws/install/safety_controller:/home/racecar/racecar_ws/install/ros_exercises:/home/racecar/racecar_ws/install/localization:/home/racecar/racecar_ws/install/final_challenge_city:/opt/ros/foxy', 'SHELL': '/bin/bash', 'SIM_WS': '/home/sim_ws', 'VSCODE_GIT_ASKPASS_EXTRA_ARGS': '', 'PWD': '/home/racecar/racecar_ws/src/lab6_path_planning/build/path_planning', 'PYTHONPATH': '/home/racecar/racecar_ws/src/lab6_path_planning/build/path_planning/prefix_override:/home/racecar/racecar_ws/src/lab6_path_planning/install/path_planning/lib/python3.8/site-packages:/home/racecar/racecar_ws/build/wall_follower:/home/racecar/racecar_ws/install/wall_follower/lib/python3.8/site-packages:/home/racecar/racecar_ws/install/vs_msgs/lib/python3.8/site-packages:/home/racecar/racecar_ws/build/visual_servoing:/home/racecar/racecar_ws/install/visual_servoing/lib/python3.8/site-packages:/home/racecar/racecar_ws/build/safety_controller:/home/racecar/racecar_ws/install/safety_controller/lib/python3.8/site-packages:/home/racecar/racecar_ws/build/ros_exercises:/home/racecar/racecar_ws/install/ros_exercises/lib/python3.8/site-packages:/home/racecar/racecar_ws/build/localization:/home/racecar/racecar_ws/install/localization/lib/python3.8/site-packages:/home/racecar/racecar_ws/install/final_challenge_city/lib/python3.8/site-packages:/home/racecar/racecar_ws/install/custom_msgs/lib/python3.8/site-packages:/opt/ros/foxy/lib/python3.8/site-packages', 'NO_VNC_VERSION': '1.4.0', 'COLCON': '1', 'CMAKE_PREFIX_PATH': '/home/sim_ws/install/racecar_simulator:/home/racecar/racecar_ws/install/vs_msgs:/home/racecar/racecar_ws/install/custom_msgs'}, 'shell': False}
[14.200673] (-) TimerEvent: {}
[14.301755] (-) TimerEvent: {}
[14.402470] (-) TimerEvent: {}
[14.502992] (-) TimerEvent: {}
[14.604241] (-) TimerEvent: {}
[14.704898] (-) TimerEvent: {}
[14.805542] (-) TimerEvent: {}
[14.906171] (-) TimerEvent: {}
[15.006793] (-) TimerEvent: {}
[15.107403] (-) TimerEvent: {}
[15.207955] (-) TimerEvent: {}
[15.308921] (-) TimerEvent: {}
[15.409511] (-) TimerEvent: {}
[15.510074] (-) TimerEvent: {}
[15.610716] (-) TimerEvent: {}
[15.711502] (-) TimerEvent: {}
[15.812085] (-) TimerEvent: {}
[15.912793] (-) TimerEvent: {}
[16.013488] (-) TimerEvent: {}
[16.114139] (-) TimerEvent: {}
[16.214873] (-) TimerEvent: {}
[16.315695] (-) TimerEvent: {}
[16.416356] (-) TimerEvent: {}
[16.516995] (-) TimerEvent: {}
[16.617554] (-) TimerEvent: {}
[16.718165] (-) TimerEvent: {}
[16.818917] (-) TimerEvent: {}
[16.919753] (-) TimerEvent: {}
[17.020469] (-) TimerEvent: {}
[17.121132] (-) TimerEvent: {}
[17.221906] (-) TimerEvent: {}
[17.322659] (-) TimerEvent: {}
[17.423246] (-) TimerEvent: {}
[17.523784] (-) TimerEvent: {}
[17.624405] (-) TimerEvent: {}
[17.725120] (-) TimerEvent: {}
[17.825982] (-) TimerEvent: {}
[17.926649] (-) TimerEvent: {}
[18.027423] (-) TimerEvent: {}
[18.128387] (-) TimerEvent: {}
[18.228968] (-) TimerEvent: {}
[18.329588] (-) TimerEvent: {}
[18.430367] (-) TimerEvent: {}
[18.531015] (-) TimerEvent: {}
[18.631728] (-) TimerEvent: {}
[18.732472] (-) TimerEvent: {}
[18.833217] (-) TimerEvent: {}
[18.933982] (-) TimerEvent: {}
[19.034644] (-) TimerEvent: {}
[19.135311] (-) TimerEvent: {}
[19.235891] (-) TimerEvent: {}
[19.326736] (path_planning) StdoutLine: {'line': b'running develop\n'}
[19.336040] (-) TimerEvent: {}
[19.436629] (-) TimerEvent: {}
[19.537242] (-) TimerEvent: {}
[19.637784] (-) TimerEvent: {}
[19.738602] (-) TimerEvent: {}
[19.839309] (-) TimerEvent: {}
[19.940196] (-) TimerEvent: {}
[20.040756] (-) TimerEvent: {}
[20.141322] (-) TimerEvent: {}
[20.241901] (-) TimerEvent: {}
[20.342453] (-) TimerEvent: {}
[20.443195] (-) TimerEvent: {}
[20.511023] (path_planning) StdoutLine: {'line': b'running egg_info\n'}
[20.512694] (path_planning) StdoutLine: {'line': b'writing path_planning.egg-info/PKG-INFO\n'}
[20.518468] (path_planning) StdoutLine: {'line': b'writing dependency_links to path_planning.egg-info/dependency_links.txt\n'}
[20.524183] (path_planning) StdoutLine: {'line': b'writing entry points to path_planning.egg-info/entry_points.txt\n'}
[20.530208] (path_planning) StdoutLine: {'line': b'writing requirements to path_planning.egg-info/requires.txt\n'}
[20.532946] (path_planning) StdoutLine: {'line': b'writing top-level names to path_planning.egg-info/top_level.txt\n'}
[20.543335] (-) TimerEvent: {}
[20.644177] (-) TimerEvent: {}
[20.744844] (-) TimerEvent: {}
[20.845620] (-) TimerEvent: {}
[20.863524] (path_planning) StdoutLine: {'line': b"reading manifest file 'path_planning.egg-info/SOURCES.txt'\n"}
[20.945830] (-) TimerEvent: {}
[21.046676] (-) TimerEvent: {}
[21.087812] (path_planning) StdoutLine: {'line': b"writing manifest file 'path_planning.egg-info/SOURCES.txt'\n"}
[21.146954] (-) TimerEvent: {}
[21.247598] (-) TimerEvent: {}
[21.348212] (-) TimerEvent: {}
[21.448811] (-) TimerEvent: {}
[21.549463] (-) TimerEvent: {}
[21.584353] (path_planning) StdoutLine: {'line': b'running build_ext\n'}
[21.596643] (path_planning) StdoutLine: {'line': b'Creating /home/racecar/racecar_ws/src/lab6_path_planning/install/path_planning/lib/python3.8/site-packages/path-planning.egg-link (link to .)\n'}
[21.618504] (path_planning) StdoutLine: {'line': b'Installing trajectory_builder script to /home/racecar/racecar_ws/src/lab6_path_planning/install/path_planning/lib/path_planning\n'}
[21.642085] (path_planning) StdoutLine: {'line': b'Installing trajectory_follower script to /home/racecar/racecar_ws/src/lab6_path_planning/install/path_planning/lib/path_planning\n'}
[21.649597] (-) TimerEvent: {}
[21.669213] (path_planning) StdoutLine: {'line': b'Installing trajectory_loader script to /home/racecar/racecar_ws/src/lab6_path_planning/install/path_planning/lib/path_planning\n'}
[21.693118] (path_planning) StdoutLine: {'line': b'Installing trajectory_planner script to /home/racecar/racecar_ws/src/lab6_path_planning/install/path_planning/lib/path_planning\n'}
[21.716562] (path_planning) StdoutLine: {'line': b'\n'}
[21.717629] (path_planning) StdoutLine: {'line': b'Installed /home/racecar/racecar_ws/src/lab6_path_planning/build/path_planning\n'}
[21.720212] (path_planning) StdoutLine: {'line': b'running install_data\n'}
[21.749771] (-) TimerEvent: {}
[21.850491] (-) TimerEvent: {}
[21.951234] (-) TimerEvent: {}
[22.051908] (-) TimerEvent: {}
[22.152635] (-) TimerEvent: {}
[22.235879] (path_planning) CommandEnded: {'returncode': 0}
[22.252768] (-) TimerEvent: {}
[22.353617] (-) TimerEvent: {}
[22.454119] (-) TimerEvent: {}
[22.554685] (-) TimerEvent: {}
[22.655239] (-) TimerEvent: {}
[22.755801] (-) TimerEvent: {}
[22.856528] (-) TimerEvent: {}
[22.957286] (-) TimerEvent: {}
[23.059017] (-) TimerEvent: {}
[23.160845] (-) TimerEvent: {}
[23.167823] (path_planning) JobEnded: {'identifier': 'path_planning', 'rc': 0}
[23.180562] (-) EventReactorShutdown: {}
