[14.186s] Invoking command in '/home/racecar/racecar_ws/src/lab6_path_planning/build/path_planning': PYTHONPATH=/home/racecar/racecar_ws/src/lab6_path_planning/build/path_planning/prefix_override:/home/racecar/racecar_ws/src/lab6_path_planning/install/path_planning/lib/python3.8/site-packages:${PYTHONPATH} /usr/bin/python3 setup.py develop --editable --build-directory /home/racecar/racecar_ws/src/lab6_path_planning/build/path_planning/build --no-deps install_data
[19.325s] running develop
[20.509s] running egg_info
[20.510s] writing path_planning.egg-info/PKG-INFO
[20.516s] writing dependency_links to path_planning.egg-info/dependency_links.txt
[20.522s] writing entry points to path_planning.egg-info/entry_points.txt
[20.528s] writing requirements to path_planning.egg-info/requires.txt
[20.530s] writing top-level names to path_planning.egg-info/top_level.txt
[20.861s] reading manifest file 'path_planning.egg-info/SOURCES.txt'
[21.086s] writing manifest file 'path_planning.egg-info/SOURCES.txt'
[21.582s] running build_ext
[21.595s] Creating /home/racecar/racecar_ws/src/lab6_path_planning/install/path_planning/lib/python3.8/site-packages/path-planning.egg-link (link to .)
[21.616s] Installing trajectory_builder script to /home/racecar/racecar_ws/src/lab6_path_planning/install/path_planning/lib/path_planning
[21.640s] Installing trajectory_follower script to /home/racecar/racecar_ws/src/lab6_path_planning/install/path_planning/lib/path_planning
[21.667s] Installing trajectory_loader script to /home/racecar/racecar_ws/src/lab6_path_planning/install/path_planning/lib/path_planning
[21.691s] Installing trajectory_planner script to /home/racecar/racecar_ws/src/lab6_path_planning/install/path_planning/lib/path_planning
[21.714s] 
[21.715s] Installed /home/racecar/racecar_ws/src/lab6_path_planning/build/path_planning
[21.718s] running install_data
[22.236s] Invoked command in '/home/racecar/racecar_ws/src/lab6_path_planning/build/path_planning' returned '0': PYTHONPATH=/home/racecar/racecar_ws/src/lab6_path_planning/build/path_planning/prefix_override:/home/racecar/racecar_ws/src/lab6_path_planning/install/path_planning/lib/python3.8/site-packages:${PYTHONPATH} /usr/bin/python3 setup.py develop --editable --build-directory /home/racecar/racecar_ws/src/lab6_path_planning/build/path_planning/build --no-deps install_data
