[10.915s] Invoking command in '/home/racecar/racecar_ws/src/lab6_path_planning/build/path_planning': PYTHONPATH=/home/racecar/racecar_ws/src/lab6_path_planning/build/path_planning/prefix_override:/home/racecar/racecar_ws/src/lab6_path_planning/install/path_planning/lib/python3.8/site-packages:${PYTHONPATH} /usr/bin/python3 setup.py develop --editable --build-directory /home/racecar/racecar_ws/src/lab6_path_planning/build/path_planning/build --no-deps install_data
[14.811s] running develop
[15.662s] running egg_info
[15.664s] writing path_planning.egg-info/PKG-INFO
[15.669s] writing dependency_links to path_planning.egg-info/dependency_links.txt
[15.674s] writing entry points to path_planning.egg-info/entry_points.txt
[15.678s] writing requirements to path_planning.egg-info/requires.txt
[15.680s] writing top-level names to path_planning.egg-info/top_level.txt
[15.903s] reading manifest file 'path_planning.egg-info/SOURCES.txt'
[16.050s] writing manifest file 'path_planning.egg-info/SOURCES.txt'
[16.403s] running build_ext
[16.414s] Creating /home/racecar/racecar_ws/src/lab6_path_planning/install/path_planning/lib/python3.8/site-packages/path-planning.egg-link (link to .)
[16.433s] Installing trajectory_builder script to /home/racecar/racecar_ws/src/lab6_path_planning/install/path_planning/lib/path_planning
[16.454s] Installing trajectory_follower script to /home/racecar/racecar_ws/src/lab6_path_planning/install/path_planning/lib/path_planning
[16.475s] Installing trajectory_loader script to /home/racecar/racecar_ws/src/lab6_path_planning/install/path_planning/lib/path_planning
[16.492s] Installing trajectory_planner script to /home/racecar/racecar_ws/src/lab6_path_planning/install/path_planning/lib/path_planning
[16.515s] 
[16.515s] Installed /home/racecar/racecar_ws/src/lab6_path_planning/build/path_planning
[16.517s] running install_data
[16.822s] Invoked command in '/home/racecar/racecar_ws/src/lab6_path_planning/build/path_planning' returned '0': PYTHONPATH=/home/racecar/racecar_ws/src/lab6_path_planning/build/path_planning/prefix_override:/home/racecar/racecar_ws/src/lab6_path_planning/install/path_planning/lib/python3.8/site-packages:${PYTHONPATH} /usr/bin/python3 setup.py develop --editable --build-directory /home/racecar/racecar_ws/src/lab6_path_planning/build/path_planning/build --no-deps install_data
