[14.564s] Invoking command in '/home/racecar/racecar_ws/src/lab6_path_planning/build/path_planning': PYTHONPATH=/home/racecar/racecar_ws/src/lab6_path_planning/build/path_planning/prefix_override:/home/racecar/racecar_ws/src/lab6_path_planning/install/path_planning/lib/python3.8/site-packages:${PYTHONPATH} /usr/bin/python3 setup.py develop --editable --build-directory /home/racecar/racecar_ws/src/lab6_path_planning/build/path_planning/build --no-deps install_data
[20.199s] running develop
[21.473s] running egg_info
[21.475s] writing path_planning.egg-info/PKG-INFO
[21.487s] writing dependency_links to path_planning.egg-info/dependency_links.txt
[21.493s] writing entry points to path_planning.egg-info/entry_points.txt
[21.497s] writing requirements to path_planning.egg-info/requires.txt
[21.502s] writing top-level names to path_planning.egg-info/top_level.txt
[21.827s] reading manifest file 'path_planning.egg-info/SOURCES.txt'
[22.066s] writing manifest file 'path_planning.egg-info/SOURCES.txt'
[22.580s] running build_ext
[22.591s] Creating /home/racecar/racecar_ws/src/lab6_path_planning/install/path_planning/lib/python3.8/site-packages/path-planning.egg-link (link to .)
[22.621s] Installing trajectory_builder script to /home/racecar/racecar_ws/src/lab6_path_planning/install/path_planning/lib/path_planning
[22.657s] Installing trajectory_follower script to /home/racecar/racecar_ws/src/lab6_path_planning/install/path_planning/lib/path_planning
[22.687s] Installing trajectory_loader script to /home/racecar/racecar_ws/src/lab6_path_planning/install/path_planning/lib/path_planning
[22.719s] Installing trajectory_planner script to /home/racecar/racecar_ws/src/lab6_path_planning/install/path_planning/lib/path_planning
[22.752s] 
[22.753s] Installed /home/racecar/racecar_ws/src/lab6_path_planning/build/path_planning
[22.756s] running install_data
[23.317s] Invoked command in '/home/racecar/racecar_ws/src/lab6_path_planning/build/path_planning' returned '0': PYTHONPATH=/home/racecar/racecar_ws/src/lab6_path_planning/build/path_planning/prefix_override:/home/racecar/racecar_ws/src/lab6_path_planning/install/path_planning/lib/python3.8/site-packages:${PYTHONPATH} /usr/bin/python3 setup.py develop --editable --build-directory /home/racecar/racecar_ws/src/lab6_path_planning/build/path_planning/build --no-deps install_data
