[0.000000] (-) TimerEvent: {}
[0.000458] (path_planning) JobQueued: {'identifier': 'path_planning', 'dependencies': OrderedDict()}
[0.000735] (path_planning) JobStarted: {'identifier': 'path_planning'}
[0.100804] (-) TimerEvent: {}
[0.202398] (-) TimerEvent: {}
[0.303291] (-) TimerEvent: {}
[0.403897] (-) TimerEvent: {}
[0.504778] (-) TimerEvent: {}
[0.605376] (-) TimerEvent: {}
[0.706820] (-) TimerEvent: {}
[0.807525] (-) TimerEvent: {}
[0.908876] (-) TimerEvent: {}
[1.011111] (-) TimerEvent: {}
[1.111817] (-) TimerEvent: {}
[1.212581] (-) TimerEvent: {}
[1.313344] (-) TimerEvent: {}
[1.414185] (-) TimerEvent: {}
[1.515216] (-) TimerEvent: {}
[1.615884] (-) TimerEvent: {}
[1.716565] (-) TimerEvent: {}
[1.817200] (-) TimerEvent: {}
[1.917896] (-) TimerEvent: {}
[2.018552] (-) TimerEvent: {}
[2.119214] (-) TimerEvent: {}
[2.219861] (-) TimerEvent: {}
[2.320497] (-) TimerEvent: {}
[2.421177] (-) TimerEvent: {}
[2.521864] (-) TimerEvent: {}
[2.622559] (-) TimerEvent: {}
[2.723428] (-) TimerEvent: {}
[2.824109] (-) TimerEvent: {}
[2.924745] (-) TimerEvent: {}
[3.025396] (-) TimerEvent: {}
[3.126277] (-) TimerEvent: {}
[3.226881] (-) TimerEvent: {}
[3.327674] (-) TimerEvent: {}
[3.428464] (-) TimerEvent: {}
[3.529159] (-) TimerEvent: {}
[3.629909] (-) TimerEvent: {}
[3.730503] (-) TimerEvent: {}
[3.831294] (-) TimerEvent: {}
[3.931928] (-) TimerEvent: {}
[4.032450] (-) TimerEvent: {}
[4.133190] (-) TimerEvent: {}
[4.233803] (-) TimerEvent: {}
[4.334559] (-) TimerEvent: {}
[4.435309] (-) TimerEvent: {}
[4.535971] (-) TimerEvent: {}
[4.636549] (-) TimerEvent: {}
[4.737238] (-) TimerEvent: {}
[4.837907] (-) TimerEvent: {}
[4.938649] (-) TimerEvent: {}
[5.039667] (-) TimerEvent: {}
[5.140338] (-) TimerEvent: {}
[5.241124] (-) TimerEvent: {}
[5.341996] (-) TimerEvent: {}
[5.442612] (-) TimerEvent: {}
[5.543214] (-) TimerEvent: {}
[5.643909] (-) TimerEvent: {}
[5.744687] (-) TimerEvent: {}
[5.845402] (-) TimerEvent: {}
[5.946226] (-) TimerEvent: {}
[6.046774] (-) TimerEvent: {}
[6.147884] (-) TimerEvent: {}
[6.249027] (-) TimerEvent: {}
[6.349673] (-) TimerEvent: {}
[6.452287] (-) TimerEvent: {}
[6.552829] (-) TimerEvent: {}
[6.653530] (-) TimerEvent: {}
[6.754177] (-) TimerEvent: {}
[6.854910] (-) TimerEvent: {}
[6.955890] (-) TimerEvent: {}
[7.056747] (-) TimerEvent: {}
[7.157793] (-) TimerEvent: {}
[7.258430] (-) TimerEvent: {}
[7.359080] (-) TimerEvent: {}
[7.459826] (-) TimerEvent: {}
[7.560666] (-) TimerEvent: {}
[7.661307] (-) TimerEvent: {}
[7.762096] (-) TimerEvent: {}
[7.862950] (-) TimerEvent: {}
[7.963956] (-) TimerEvent: {}
[8.064587] (-) TimerEvent: {}
[8.165259] (-) TimerEvent: {}
[8.265897] (-) TimerEvent: {}
[8.366660] (-) TimerEvent: {}
[8.467554] (-) TimerEvent: {}
[8.568258] (-) TimerEvent: {}
[8.668986] (-) TimerEvent: {}
[8.769918] (-) TimerEvent: {}
[8.870539] (-) TimerEvent: {}
[8.971156] (-) TimerEvent: {}
[9.071836] (-) TimerEvent: {}
[9.173040] (-) TimerEvent: {}
[9.273680] (-) TimerEvent: {}
[9.374431] (-) TimerEvent: {}
[9.475374] (-) TimerEvent: {}
[9.576080] (-) TimerEvent: {}
[9.676879] (-) TimerEvent: {}
[9.777551] (-) TimerEvent: {}
[9.878150] (-) TimerEvent: {}
[9.978865] (-) TimerEvent: {}
[10.079474] (-) TimerEvent: {}
[10.180324] (-) TimerEvent: {}
[10.281050] (-) TimerEvent: {}
[10.381694] (-) TimerEvent: {}
[10.482320] (-) TimerEvent: {}
[10.582994] (-) TimerEvent: {}
[10.683516] (-) TimerEvent: {}
[10.784236] (-) TimerEvent: {}
[10.885267] (-) TimerEvent: {}
[10.985999] (-) TimerEvent: {}
[11.086558] (-) TimerEvent: {}
[11.187151] (-) TimerEvent: {}
[11.288199] (-) TimerEvent: {}
[11.389054] (-) TimerEvent: {}
[11.489782] (-) TimerEvent: {}
[11.590448] (-) TimerEvent: {}
[11.691118] (-) TimerEvent: {}
[11.791724] (-) TimerEvent: {}
[11.892375] (-) TimerEvent: {}
[11.992992] (-) TimerEvent: {}
[12.093567] (-) TimerEvent: {}
[12.194275] (-) TimerEvent: {}
[12.295127] (-) TimerEvent: {}
[12.396013] (-) TimerEvent: {}
[12.496682] (-) TimerEvent: {}
[12.597571] (-) TimerEvent: {}
[12.698175] (-) TimerEvent: {}
[12.799281] (-) TimerEvent: {}
[12.900029] (-) TimerEvent: {}
[13.000740] (-) TimerEvent: {}
[13.101370] (-) TimerEvent: {}
[13.202120] (-) TimerEvent: {}
[13.302862] (-) TimerEvent: {}
[13.403396] (-) TimerEvent: {}
[13.504059] (-) TimerEvent: {}
[13.605009] (-) TimerEvent: {}
[13.705935] (-) TimerEvent: {}
[13.806925] (-) TimerEvent: {}
[13.907780] (-) TimerEvent: {}
[14.008534] (-) TimerEvent: {}
[14.109536] (-) TimerEvent: {}
[14.210306] (-) TimerEvent: {}
[14.279842] (path_planning) Command: {'cmd': ['/usr/bin/python3', 'setup.py', 'develop', '--editable', '--build-directory', '/home/racecar/racecar_ws/src/lab6_path_planning/build/path_planning/build', '--no-deps', 'install_data'], 'cwd': '/home/racecar/racecar_ws/src/lab6_path_planning/build/path_planning', 'env': {'PYTHONIOENCODING': 'utf-8', 'HOSTNAME': '04bf17013a04', 'SSH_AGENT_PID': '1102', 'GIT_ASKPASS': '/home/racecar/.vscode-server/bin/8b3775030ed1a69b13e4f4c628c612102e30a681/extensions/git/dist/askpass.sh', 'SHLVL': '1', 'LD_LIBRARY_PATH': '/home/racecar/racecar_ws/install/vs_msgs/lib:/home/racecar/racecar_ws/install/custom_msgs/lib:/opt/ros/foxy/opt/yaml_cpp_vendor/lib:/opt/ros/foxy/opt/rviz_ogre_vendor/lib:/opt/ros/foxy/lib/x86_64-linux-gnu:/opt/ros/foxy/lib', 'BROWSER': '/home/racecar/.vscode-server/bin/8b3775030ed1a69b13e4f4c628c612102e30a681/bin/helpers/browser.sh', 'HOME': '/home/racecar', 'OLDPWD': '/home/racecar/racecar_ws/src/lab6_path_planning/launch', 'TERM_PROGRAM_VERSION': '1.85.2', 'VSCODE_IPC_HOOK_CLI': '/tmp/vscode-ipc-c25d2ddd-ca24-4b04-9d09-7ce0cc0f810d.sock', 'ROS_PYTHON_VERSION': '3', 'VSCODE_GIT_ASKPASS_MAIN': '/home/racecar/.vscode-server/bin/8b3775030ed1a69b13e4f4c628c612102e30a681/extensions/git/dist/askpass-main.js', 'VSCODE_GIT_ASKPASS_NODE': '/home/racecar/.vscode-server/bin/8b3775030ed1a69b13e4f4c628c612102e30a681/node', 'COLORTERM': 'truecolor', 'REMOTE_CONTAINERS': 'true', 'COLCON_PREFIX_PATH': '/home/sim_ws/install:/home/racecar/racecar_ws/install:/home/racecar/racecar_ws/src/final_challenge_city/install:/home/racecar/racecar_ws/src/final_challenge2024/final_challenge/install', 'ROS_DISTRO': 'foxy', 'REMOTE_CONTAINERS_IPC': '/tmp/vscode-remote-containers-ipc-81d13247-f535-4431-8394-e7b4095d6e89.sock', '_': '/usr/bin/colcon', 'ROS_VERSION': '2', 'TERM': 'xterm-256color', 'ROS_LOCALHOST_ONLY': '0', 'PATH': '/opt/ros/foxy/bin:/home/racecar/.vscode-server/bin/8b3775030ed1a69b13e4f4c628c612102e30a681/bin/remote-cli:/usr/local/sbin:/usr/local/bin:/usr/sbin:/usr/bin:/sbin:/bin', 'DISPLAY': '172.18.192.1:0.0', 'LANG': 'en_US.UTF-8', 'VSCODE_GIT_IPC_HANDLE': '/tmp/vscode-git-aec1aa4683.sock', 'TERM_PROGRAM': 'vscode', 'SSH_AUTH_SOCK': '/tmp/ssh-xiFwpqjhmxFw/agent.1101', 'AMENT_PREFIX_PATH': '/home/racecar/racecar_ws/install/custom_msgs:/home/racecar/racecar_ws/src/final_challenge_city/install/final_challenge_city:/home/racecar/racecar_ws/src/final_challenge2024/final_challenge/install/final_challenge:/home/sim_ws/install/racecar_simulator:/home/racecar/racecar_ws/install/wall_follower:/home/racecar/racecar_ws/install/vs_msgs:/home/racecar/racecar_ws/install/visual_servoing:/home/racecar/racecar_ws/install/safety_controller:/home/racecar/racecar_ws/install/ros_exercises:/home/racecar/racecar_ws/install/localization:/opt/ros/foxy', 'SHELL': '/bin/bash', 'SIM_WS': '/home/sim_ws', 'VSCODE_GIT_ASKPASS_EXTRA_ARGS': '', 'PWD': '/home/racecar/racecar_ws/src/lab6_path_planning/build/path_planning', 'PYTHONPATH': '/home/racecar/racecar_ws/src/lab6_path_planning/build/path_planning/prefix_override:/home/racecar/racecar_ws/src/lab6_path_planning/install/path_planning/lib/python3.8/site-packages:/home/racecar/racecar_ws/src/final_challenge_city/build/final_challenge_city:/home/racecar/racecar_ws/src/final_challenge_city/install/final_challenge_city/lib/python3.8/site-packages:/home/racecar/racecar_ws/src/final_challenge2024/final_challenge/build/final_challenge:/home/racecar/racecar_ws/src/final_challenge2024/final_challenge/install/final_challenge/lib/python3.8/site-packages:/home/racecar/racecar_ws/build/wall_follower:/home/racecar/racecar_ws/install/wall_follower/lib/python3.8/site-packages:/home/racecar/racecar_ws/install/vs_msgs/lib/python3.8/site-packages:/home/racecar/racecar_ws/build/visual_servoing:/home/racecar/racecar_ws/install/visual_servoing/lib/python3.8/site-packages:/home/racecar/racecar_ws/build/safety_controller:/home/racecar/racecar_ws/install/safety_controller/lib/python3.8/site-packages:/home/racecar/racecar_ws/build/ros_exercises:/home/racecar/racecar_ws/install/ros_exercises/lib/python3.8/site-packages:/home/racecar/racecar_ws/build/localization:/home/racecar/racecar_ws/install/localization/lib/python3.8/site-packages:/home/racecar/racecar_ws/install/custom_msgs/lib/python3.8/site-packages:/opt/ros/foxy/lib/python3.8/site-packages', 'NO_VNC_VERSION': '1.4.0', 'COLCON': '1', 'CMAKE_PREFIX_PATH': '/home/sim_ws/install/racecar_simulator:/home/racecar/racecar_ws/install/vs_msgs:/home/racecar/racecar_ws/install/custom_msgs'}, 'shell': False}
[14.310426] (-) TimerEvent: {}
[14.411115] (-) TimerEvent: {}
[14.511910] (-) TimerEvent: {}
[14.612608] (-) TimerEvent: {}
[14.713322] (-) TimerEvent: {}
[14.814090] (-) TimerEvent: {}
[14.914792] (-) TimerEvent: {}
[15.015425] (-) TimerEvent: {}
[15.116041] (-) TimerEvent: {}
[15.216791] (-) TimerEvent: {}
[15.317524] (-) TimerEvent: {}
[15.418121] (-) TimerEvent: {}
[15.518851] (-) TimerEvent: {}
[15.619556] (-) TimerEvent: {}
[15.720197] (-) TimerEvent: {}
[15.820817] (-) TimerEvent: {}
[15.921463] (-) TimerEvent: {}
[16.022181] (-) TimerEvent: {}
[16.123150] (-) TimerEvent: {}
[16.224120] (-) TimerEvent: {}
[16.325038] (-) TimerEvent: {}
[16.425621] (-) TimerEvent: {}
[16.526313] (-) TimerEvent: {}
[16.626999] (-) TimerEvent: {}
[16.727657] (-) TimerEvent: {}
[16.828308] (-) TimerEvent: {}
[16.929035] (-) TimerEvent: {}
[17.029738] (-) TimerEvent: {}
[17.130417] (-) TimerEvent: {}
[17.231031] (-) TimerEvent: {}
[17.331785] (-) TimerEvent: {}
[17.432370] (-) TimerEvent: {}
[17.533320] (-) TimerEvent: {}
[17.634129] (-) TimerEvent: {}
[17.734697] (-) TimerEvent: {}
[17.835298] (-) TimerEvent: {}
[17.935862] (-) TimerEvent: {}
[18.036557] (-) TimerEvent: {}
[18.137296] (-) TimerEvent: {}
[18.237832] (-) TimerEvent: {}
[18.338398] (-) TimerEvent: {}
[18.439019] (-) TimerEvent: {}
[18.539804] (-) TimerEvent: {}
[18.640417] (-) TimerEvent: {}
[18.741188] (-) TimerEvent: {}
[18.841806] (-) TimerEvent: {}
[18.942537] (-) TimerEvent: {}
[19.043529] (-) TimerEvent: {}
[19.144332] (-) TimerEvent: {}
[19.245042] (-) TimerEvent: {}
[19.345614] (-) TimerEvent: {}
[19.446389] (-) TimerEvent: {}
[19.547039] (-) TimerEvent: {}
[19.647775] (-) TimerEvent: {}
[19.716891] (path_planning) StdoutLine: {'line': b'running develop\n'}
[19.747904] (-) TimerEvent: {}
[19.848626] (-) TimerEvent: {}
[19.949267] (-) TimerEvent: {}
[20.049909] (-) TimerEvent: {}
[20.150773] (-) TimerEvent: {}
[20.251353] (-) TimerEvent: {}
[20.352023] (-) TimerEvent: {}
[20.452726] (-) TimerEvent: {}
[20.553427] (-) TimerEvent: {}
[20.654112] (-) TimerEvent: {}
[20.754689] (-) TimerEvent: {}
[20.855341] (-) TimerEvent: {}
[20.896203] (path_planning) StdoutLine: {'line': b'running egg_info\n'}
[20.898548] (path_planning) StdoutLine: {'line': b'writing path_planning.egg-info/PKG-INFO\n'}
[20.906027] (path_planning) StdoutLine: {'line': b'writing dependency_links to path_planning.egg-info/dependency_links.txt\n'}
[20.911845] (path_planning) StdoutLine: {'line': b'writing entry points to path_planning.egg-info/entry_points.txt\n'}
[20.917368] (path_planning) StdoutLine: {'line': b'writing requirements to path_planning.egg-info/requires.txt\n'}
[20.920306] (path_planning) StdoutLine: {'line': b'writing top-level names to path_planning.egg-info/top_level.txt\n'}
[20.955479] (-) TimerEvent: {}
[21.056165] (-) TimerEvent: {}
[21.156778] (-) TimerEvent: {}
[21.257346] (-) TimerEvent: {}
[21.271126] (path_planning) StdoutLine: {'line': b"reading manifest file 'path_planning.egg-info/SOURCES.txt'\n"}
[21.357565] (-) TimerEvent: {}
[21.458517] (-) TimerEvent: {}
[21.559229] (-) TimerEvent: {}
[21.567188] (path_planning) StdoutLine: {'line': b"writing manifest file 'path_planning.egg-info/SOURCES.txt'\n"}
[21.659371] (-) TimerEvent: {}
[21.760140] (-) TimerEvent: {}
[21.860893] (-) TimerEvent: {}
[21.961592] (-) TimerEvent: {}
[22.044837] (path_planning) StdoutLine: {'line': b'running build_ext\n'}
[22.061725] (-) TimerEvent: {}
[22.063120] (path_planning) StdoutLine: {'line': b'Creating /home/racecar/racecar_ws/src/lab6_path_planning/install/path_planning/lib/python3.8/site-packages/path-planning.egg-link (link to .)\n'}
[22.089531] (path_planning) StdoutLine: {'line': b'Installing trajectory_builder script to /home/racecar/racecar_ws/src/lab6_path_planning/install/path_planning/lib/path_planning\n'}
[22.119735] (path_planning) StdoutLine: {'line': b'Installing trajectory_follower script to /home/racecar/racecar_ws/src/lab6_path_planning/install/path_planning/lib/path_planning\n'}
[22.149616] (path_planning) StdoutLine: {'line': b'Installing trajectory_loader script to /home/racecar/racecar_ws/src/lab6_path_planning/install/path_planning/lib/path_planning\n'}
[22.162457] (-) TimerEvent: {}
[22.177309] (path_planning) StdoutLine: {'line': b'Installing trajectory_planner script to /home/racecar/racecar_ws/src/lab6_path_planning/install/path_planning/lib/path_planning\n'}
[22.211604] (path_planning) StdoutLine: {'line': b'\n'}
[22.212736] (path_planning) StdoutLine: {'line': b'Installed /home/racecar/racecar_ws/src/lab6_path_planning/build/path_planning\n'}
[22.216954] (path_planning) StdoutLine: {'line': b'running install_data\n'}
[22.262625] (-) TimerEvent: {}
[22.363176] (-) TimerEvent: {}
[22.463991] (-) TimerEvent: {}
[22.565091] (-) TimerEvent: {}
[22.665848] (-) TimerEvent: {}
[22.685516] (path_planning) StdoutLine: {'line': b'copying example_trajectories/track_trial2.traj -> /home/racecar/racecar_ws/src/lab6_path_planning/install/path_planning/share/path_planning/example_trajectories\n'}
[22.766040] (-) TimerEvent: {}
[22.807926] (path_planning) CommandEnded: {'returncode': 0}
[22.866202] (-) TimerEvent: {}
[22.966939] (-) TimerEvent: {}
[23.068088] (-) TimerEvent: {}
[23.169263] (-) TimerEvent: {}
[23.270080] (-) TimerEvent: {}
[23.370696] (-) TimerEvent: {}
[23.471257] (-) TimerEvent: {}
[23.572034] (-) TimerEvent: {}
[23.672662] (-) TimerEvent: {}
[23.773264] (-) TimerEvent: {}
[23.857368] (path_planning) JobEnded: {'identifier': 'path_planning', 'rc': 0}
[23.868011] (-) EventReactorShutdown: {}
