[0.000000] (-) TimerEvent: {}
[0.000639] (path_planning) JobQueued: {'identifier': 'path_planning', 'dependencies': OrderedDict()}
[0.001083] (path_planning) JobStarted: {'identifier': 'path_planning'}
[0.100458] (-) TimerEvent: {}
[0.202083] (-) TimerEvent: {}
[0.303422] (-) TimerEvent: {}
[0.404210] (-) TimerEvent: {}
[0.504805] (-) TimerEvent: {}
[0.605407] (-) TimerEvent: {}
[0.706157] (-) TimerEvent: {}
[0.806937] (-) TimerEvent: {}
[0.907907] (-) TimerEvent: {}
[1.008821] (-) TimerEvent: {}
[1.110659] (-) TimerEvent: {}
[1.213244] (-) TimerEvent: {}
[1.313944] (-) TimerEvent: {}
[1.414887] (-) TimerEvent: {}
[1.515938] (-) TimerEvent: {}
[1.616762] (-) TimerEvent: {}
[1.717602] (-) TimerEvent: {}
[1.818210] (-) TimerEvent: {}
[1.918830] (-) TimerEvent: {}
[2.019655] (-) TimerEvent: {}
[2.120381] (-) TimerEvent: {}
[2.221166] (-) TimerEvent: {}
[2.322278] (-) TimerEvent: {}
[2.423021] (-) TimerEvent: {}
[2.524060] (-) TimerEvent: {}
[2.624904] (-) TimerEvent: {}
[2.725840] (-) TimerEvent: {}
[2.826513] (-) TimerEvent: {}
[2.927550] (-) TimerEvent: {}
[3.028403] (-) TimerEvent: {}
[3.129652] (-) TimerEvent: {}
[3.230595] (-) TimerEvent: {}
[3.331244] (-) TimerEvent: {}
[3.431882] (-) TimerEvent: {}
[3.533046] (-) TimerEvent: {}
[3.633944] (-) TimerEvent: {}
[3.734867] (-) TimerEvent: {}
[3.835698] (-) TimerEvent: {}
[3.936499] (-) TimerEvent: {}
[4.037237] (-) TimerEvent: {}
[4.137886] (-) TimerEvent: {}
[4.238443] (-) TimerEvent: {}
[4.339431] (-) TimerEvent: {}
[4.440238] (-) TimerEvent: {}
[4.541059] (-) TimerEvent: {}
[4.642034] (-) TimerEvent: {}
[4.742909] (-) TimerEvent: {}
[4.843847] (-) TimerEvent: {}
[4.944545] (-) TimerEvent: {}
[5.045241] (-) TimerEvent: {}
[5.146192] (-) TimerEvent: {}
[5.247122] (-) TimerEvent: {}
[5.347889] (-) TimerEvent: {}
[5.448646] (-) TimerEvent: {}
[5.549819] (-) TimerEvent: {}
[5.650586] (-) TimerEvent: {}
[5.751538] (-) TimerEvent: {}
[5.852336] (-) TimerEvent: {}
[5.953132] (-) TimerEvent: {}
[6.054232] (-) TimerEvent: {}
[6.154974] (-) TimerEvent: {}
[6.255704] (-) TimerEvent: {}
[6.356466] (-) TimerEvent: {}
[6.456966] (-) TimerEvent: {}
[6.558149] (-) TimerEvent: {}
[6.659128] (-) TimerEvent: {}
[6.759973] (-) TimerEvent: {}
[6.861027] (-) TimerEvent: {}
[6.961846] (-) TimerEvent: {}
[7.062331] (-) TimerEvent: {}
[7.163475] (-) TimerEvent: {}
[7.264818] (-) TimerEvent: {}
[7.365554] (-) TimerEvent: {}
[7.466545] (-) TimerEvent: {}
[7.567394] (-) TimerEvent: {}
[7.668000] (-) TimerEvent: {}
[7.769637] (-) TimerEvent: {}
[7.870835] (-) TimerEvent: {}
[7.971683] (-) TimerEvent: {}
[8.072513] (-) TimerEvent: {}
[8.173190] (-) TimerEvent: {}
[8.273974] (-) TimerEvent: {}
[8.374663] (-) TimerEvent: {}
[8.475294] (-) TimerEvent: {}
[8.576150] (-) TimerEvent: {}
[8.676910] (-) TimerEvent: {}
[8.777629] (-) TimerEvent: {}
[8.878373] (-) TimerEvent: {}
[8.979042] (-) TimerEvent: {}
[9.079739] (-) TimerEvent: {}
[9.180405] (-) TimerEvent: {}
[9.281309] (-) TimerEvent: {}
[9.382329] (-) TimerEvent: {}
[9.483246] (-) TimerEvent: {}
[9.584099] (-) TimerEvent: {}
[9.685132] (-) TimerEvent: {}
[9.785843] (-) TimerEvent: {}
[9.886501] (-) TimerEvent: {}
[9.987644] (-) TimerEvent: {}
[10.088499] (-) TimerEvent: {}
[10.189918] (-) TimerEvent: {}
[10.290670] (-) TimerEvent: {}
[10.391367] (-) TimerEvent: {}
[10.491949] (-) TimerEvent: {}
[10.593033] (-) TimerEvent: {}
[10.693932] (-) TimerEvent: {}
[10.794735] (-) TimerEvent: {}
[10.895527] (-) TimerEvent: {}
[10.996344] (-) TimerEvent: {}
[11.097132] (-) TimerEvent: {}
[11.197911] (-) TimerEvent: {}
[11.298600] (-) TimerEvent: {}
[11.399302] (-) TimerEvent: {}
[11.500048] (-) TimerEvent: {}
[11.600922] (-) TimerEvent: {}
[11.701567] (-) TimerEvent: {}
[11.802330] (-) TimerEvent: {}
[11.902932] (-) TimerEvent: {}
[12.003715] (-) TimerEvent: {}
[12.104428] (-) TimerEvent: {}
[12.205692] (-) TimerEvent: {}
[12.306497] (-) TimerEvent: {}
[12.407044] (-) TimerEvent: {}
[12.507664] (-) TimerEvent: {}
[12.608414] (-) TimerEvent: {}
[12.709769] (-) TimerEvent: {}
[12.810500] (-) TimerEvent: {}
[12.911242] (-) TimerEvent: {}
[13.011861] (-) TimerEvent: {}
[13.112826] (-) TimerEvent: {}
[13.214962] (-) TimerEvent: {}
[13.315847] (-) TimerEvent: {}
[13.416569] (-) TimerEvent: {}
[13.519415] (-) TimerEvent: {}
[13.619992] (-) TimerEvent: {}
[13.720587] (-) TimerEvent: {}
[13.821170] (-) TimerEvent: {}
[13.922370] (-) TimerEvent: {}
[14.023314] (-) TimerEvent: {}
[14.124879] (-) TimerEvent: {}
[14.225935] (-) TimerEvent: {}
[14.326835] (-) TimerEvent: {}
[14.427451] (-) TimerEvent: {}
[14.528174] (-) TimerEvent: {}
[14.628881] (-) TimerEvent: {}
[14.730010] (-) TimerEvent: {}
[14.830830] (-) TimerEvent: {}
[14.932493] (-) TimerEvent: {}
[15.033551] (-) TimerEvent: {}
[15.134327] (-) TimerEvent: {}
[15.235024] (-) TimerEvent: {}
[15.336059] (-) TimerEvent: {}
[15.437882] (-) TimerEvent: {}
[15.539622] (-) TimerEvent: {}
[15.640489] (-) TimerEvent: {}
[15.741779] (-) TimerEvent: {}
[15.842604] (-) TimerEvent: {}
[15.943472] (-) TimerEvent: {}
[16.044279] (-) TimerEvent: {}
[16.145007] (-) TimerEvent: {}
[16.246249] (-) TimerEvent: {}
[16.346927] (-) TimerEvent: {}
[16.447541] (-) TimerEvent: {}
[16.548231] (-) TimerEvent: {}
[16.649845] (-) TimerEvent: {}
[16.750554] (-) TimerEvent: {}
[16.853582] (-) TimerEvent: {}
[16.954200] (-) TimerEvent: {}
[17.055980] (-) TimerEvent: {}
[17.156636] (-) TimerEvent: {}
[17.208377] (path_planning) Command: {'cmd': ['/usr/bin/python3', 'setup.py', 'develop', '--editable', '--build-directory', '/home/racecar/racecar_ws/src/lab6_path_planning/build/path_planning/build', '--no-deps', 'install_data'], 'cwd': '/home/racecar/racecar_ws/src/lab6_path_planning/build/path_planning', 'env': {'PYTHONIOENCODING': 'utf-8', 'HOSTNAME': '66e08805c085', 'SSH_AGENT_PID': '957', 'GIT_ASKPASS': '/home/racecar/.vscode-server/bin/8b3775030ed1a69b13e4f4c628c612102e30a681/extensions/git/dist/askpass.sh', 'SHLVL': '2', 'LD_LIBRARY_PATH': '/home/racecar/racecar_ws/install/vs_msgs/lib:/home/racecar/racecar_ws/install/custom_msgs/lib:/opt/ros/foxy/opt/yaml_cpp_vendor/lib:/opt/ros/foxy/opt/rviz_ogre_vendor/lib:/opt/ros/foxy/lib/x86_64-linux-gnu:/opt/ros/foxy/lib', 'BROWSER': '/home/racecar/.vscode-server/bin/8b3775030ed1a69b13e4f4c628c612102e30a681/bin/helpers/browser.sh', 'HOME': '/home/racecar', 'OLDPWD': '/home/racecar/racecar_ws/src', 'TERM_PROGRAM_VERSION': '1.85.2', 'VSCODE_IPC_HOOK_CLI': '/tmp/vscode-ipc-5dc7ffdf-26b7-4073-bdea-cd643b91f2b1.sock', 'ROS_PYTHON_VERSION': '3', 'VSCODE_GIT_ASKPASS_MAIN': '/home/racecar/.vscode-server/bin/8b3775030ed1a69b13e4f4c628c612102e30a681/extensions/git/dist/askpass-main.js', 'VSCODE_GIT_ASKPASS_NODE': '/home/racecar/.vscode-server/bin/8b3775030ed1a69b13e4f4c628c612102e30a681/node', 'COLORTERM': 'truecolor', 'REMOTE_CONTAINERS': 'true', 'COLCON_PREFIX_PATH': '/home/racecar/racecar_ws/install:/home/sim_ws/install', 'ROS_DISTRO': 'foxy', 'REMOTE_CONTAINERS_IPC': '/tmp/vscode-remote-containers-ipc-6220a80f-91c3-4ff2-a3bd-c847472be512.sock', '_': '/usr/bin/colcon', 'ROS_VERSION': '2', 'TERM': 'xterm-256color', 'ROS_LOCALHOST_ONLY': '0', 'PATH': '/home/racecar/.vscode-server/bin/8b3775030ed1a69b13e4f4c628c612102e30a681/bin/remote-cli:/opt/ros/foxy/bin:/usr/local/sbin:/usr/local/bin:/usr/sbin:/usr/bin:/sbin:/bin', 'REMOTE_CONTAINERS_SOCKETS': '["/tmp/vscode-ssh-auth-6220a80f-91c3-4ff2-a3bd-c847472be512.sock","/home/racecar/.gnupg/S.gpg-agent"]', 'DISPLAY': '10.29.241.49:0.0', 'LANG': 'en_US.UTF-8', 'VSCODE_GIT_IPC_HANDLE': '/tmp/vscode-git-aec1aa4683.sock', 'TERM_PROGRAM': 'vscode', 'SSH_AUTH_SOCK': '/tmp/ssh-cHvjwkgxvls3/agent.956', 'AMENT_PREFIX_PATH': '/home/sim_ws/install/racecar_simulator:/home/racecar/racecar_ws/install/wall_follower:/home/racecar/racecar_ws/install/vs_msgs:/home/racecar/racecar_ws/install/visual_servoing:/home/racecar/racecar_ws/install/safety_controller:/home/racecar/racecar_ws/install/ros_exercises:/home/racecar/racecar_ws/install/localization:/opt/ros/foxy', 'SHELL': '/bin/bash', 'SIM_WS': '/home/sim_ws', 'VSCODE_GIT_ASKPASS_EXTRA_ARGS': '', 'PWD': '/home/racecar/racecar_ws/src/lab6_path_planning/build/path_planning', 'PYTHONPATH': '/home/racecar/racecar_ws/src/lab6_path_planning/build/path_planning/prefix_override:/home/racecar/racecar_ws/src/lab6_path_planning/install/path_planning/lib/python3.8/site-packages:/home/racecar/racecar_ws/build/wall_follower:/home/racecar/racecar_ws/install/wall_follower/lib/python3.8/site-packages:/home/racecar/racecar_ws/install/vs_msgs/lib/python3.8/site-packages:/home/racecar/racecar_ws/build/visual_servoing:/home/racecar/racecar_ws/install/visual_servoing/lib/python3.8/site-packages:/home/racecar/racecar_ws/build/safety_controller:/home/racecar/racecar_ws/install/safety_controller/lib/python3.8/site-packages:/home/racecar/racecar_ws/build/ros_exercises:/home/racecar/racecar_ws/install/ros_exercises/lib/python3.8/site-packages:/home/racecar/racecar_ws/build/localization:/home/racecar/racecar_ws/install/localization/lib/python3.8/site-packages:/home/racecar/racecar_ws/install/custom_msgs/lib/python3.8/site-packages:/opt/ros/foxy/lib/python3.8/site-packages', 'NO_VNC_VERSION': '1.4.0', 'COLCON': '1', 'CMAKE_PREFIX_PATH': '/home/sim_ws/install/racecar_simulator:/home/racecar/racecar_ws/install/vs_msgs:/home/racecar/racecar_ws/install/custom_msgs'}, 'shell': False}
[17.257088] (-) TimerEvent: {}
[17.358162] (-) TimerEvent: {}
[17.458765] (-) TimerEvent: {}
[17.559600] (-) TimerEvent: {}
[17.660530] (-) TimerEvent: {}
[17.761766] (-) TimerEvent: {}
[17.863103] (-) TimerEvent: {}
[17.963879] (-) TimerEvent: {}
[18.064632] (-) TimerEvent: {}
[18.165372] (-) TimerEvent: {}
[18.265882] (-) TimerEvent: {}
[18.366586] (-) TimerEvent: {}
[18.467347] (-) TimerEvent: {}
[18.567949] (-) TimerEvent: {}
[18.668566] (-) TimerEvent: {}
[18.769132] (-) TimerEvent: {}
[18.870202] (-) TimerEvent: {}
[18.970957] (-) TimerEvent: {}
[19.071657] (-) TimerEvent: {}
[19.172244] (-) TimerEvent: {}
[19.272985] (-) TimerEvent: {}
[19.373552] (-) TimerEvent: {}
[19.474481] (-) TimerEvent: {}
[19.575250] (-) TimerEvent: {}
[19.675843] (-) TimerEvent: {}
[19.776428] (-) TimerEvent: {}
[19.877004] (-) TimerEvent: {}
[19.978771] (-) TimerEvent: {}
[20.080093] (-) TimerEvent: {}
[20.180834] (-) TimerEvent: {}
[20.281585] (-) TimerEvent: {}
[20.382125] (-) TimerEvent: {}
[20.482893] (-) TimerEvent: {}
[20.583793] (-) TimerEvent: {}
[20.684590] (-) TimerEvent: {}
[20.785848] (-) TimerEvent: {}
[20.891459] (-) TimerEvent: {}
[20.992670] (-) TimerEvent: {}
[21.093574] (-) TimerEvent: {}
[21.195107] (-) TimerEvent: {}
[21.296779] (-) TimerEvent: {}
[21.397637] (-) TimerEvent: {}
[21.498382] (-) TimerEvent: {}
[21.599103] (-) TimerEvent: {}
[21.700173] (-) TimerEvent: {}
[21.801151] (-) TimerEvent: {}
[21.901849] (-) TimerEvent: {}
[22.002891] (-) TimerEvent: {}
[22.103706] (-) TimerEvent: {}
[22.204660] (-) TimerEvent: {}
[22.305246] (-) TimerEvent: {}
[22.405948] (-) TimerEvent: {}
[22.506657] (-) TimerEvent: {}
[22.607712] (-) TimerEvent: {}
[22.709334] (-) TimerEvent: {}
[22.810171] (-) TimerEvent: {}
[22.911041] (-) TimerEvent: {}
[23.013001] (-) TimerEvent: {}
[23.113778] (-) TimerEvent: {}
[23.215557] (-) TimerEvent: {}
[23.316443] (-) TimerEvent: {}
[23.417300] (-) TimerEvent: {}
[23.512594] (path_planning) StdoutLine: {'line': b'running develop\n'}
[23.517457] (-) TimerEvent: {}
[23.618055] (-) TimerEvent: {}
[23.719092] (-) TimerEvent: {}
[23.819837] (-) TimerEvent: {}
[23.921120] (-) TimerEvent: {}
[24.022016] (-) TimerEvent: {}
[24.122815] (-) TimerEvent: {}
[24.224075] (-) TimerEvent: {}
[24.324778] (-) TimerEvent: {}
[24.425338] (-) TimerEvent: {}
[24.526115] (-) TimerEvent: {}
[24.627138] (-) TimerEvent: {}
[24.728385] (-) TimerEvent: {}
[24.829233] (-) TimerEvent: {}
[24.930429] (-) TimerEvent: {}
[25.031100] (-) TimerEvent: {}
[25.131946] (-) TimerEvent: {}
[25.234423] (-) TimerEvent: {}
[25.269622] (path_planning) StdoutLine: {'line': b'running egg_info\n'}
[25.277436] (path_planning) StdoutLine: {'line': b'writing path_planning.egg-info/PKG-INFO\n'}
[25.291874] (path_planning) StdoutLine: {'line': b'writing dependency_links to path_planning.egg-info/dependency_links.txt\n'}
[25.320805] (path_planning) StdoutLine: {'line': b'writing entry points to path_planning.egg-info/entry_points.txt\n'}
[25.333891] (path_planning) StdoutLine: {'line': b'writing requirements to path_planning.egg-info/requires.txt\n'}
[25.335362] (-) TimerEvent: {}
[25.341506] (path_planning) StdoutLine: {'line': b'writing top-level names to path_planning.egg-info/top_level.txt\n'}
[25.435643] (-) TimerEvent: {}
[25.537377] (-) TimerEvent: {}
[25.639715] (-) TimerEvent: {}
[25.741006] (-) TimerEvent: {}
[25.843188] (-) TimerEvent: {}
[25.889350] (path_planning) StdoutLine: {'line': b"reading manifest file 'path_planning.egg-info/SOURCES.txt'\n"}
[25.943456] (-) TimerEvent: {}
[26.044626] (-) TimerEvent: {}
[26.145492] (-) TimerEvent: {}
[26.226375] (path_planning) StdoutLine: {'line': b"writing manifest file 'path_planning.egg-info/SOURCES.txt'\n"}
[26.245628] (-) TimerEvent: {}
[26.346263] (-) TimerEvent: {}
[26.447020] (-) TimerEvent: {}
[26.552706] (-) TimerEvent: {}
[26.653514] (-) TimerEvent: {}
[26.754108] (-) TimerEvent: {}
[26.854686] (-) TimerEvent: {}
[26.955468] (-) TimerEvent: {}
[26.958505] (path_planning) StdoutLine: {'line': b'running build_ext\n'}
[26.974648] (path_planning) StdoutLine: {'line': b'Creating /home/racecar/racecar_ws/src/lab6_path_planning/install/path_planning/lib/python3.8/site-packages/path-planning.egg-link (link to .)\n'}
[27.018751] (path_planning) StdoutLine: {'line': b'Installing trajectory_builder script to /home/racecar/racecar_ws/src/lab6_path_planning/install/path_planning/lib/path_planning\n'}
[27.053891] (path_planning) StdoutLine: {'line': b'Installing trajectory_follower script to /home/racecar/racecar_ws/src/lab6_path_planning/install/path_planning/lib/path_planning\n'}
[27.055566] (-) TimerEvent: {}
[27.088016] (path_planning) StdoutLine: {'line': b'Installing trajectory_loader script to /home/racecar/racecar_ws/src/lab6_path_planning/install/path_planning/lib/path_planning\n'}
[27.120128] (path_planning) StdoutLine: {'line': b'Installing trajectory_planner script to /home/racecar/racecar_ws/src/lab6_path_planning/install/path_planning/lib/path_planning\n'}
[27.155822] (-) TimerEvent: {}
[27.173705] (path_planning) StdoutLine: {'line': b'\n'}
[27.175122] (path_planning) StdoutLine: {'line': b'Installed /home/racecar/racecar_ws/src/lab6_path_planning/build/path_planning\n'}
[27.183094] (path_planning) StdoutLine: {'line': b'running install_data\n'}
[27.255990] (-) TimerEvent: {}
[27.356818] (-) TimerEvent: {}
[27.457628] (-) TimerEvent: {}
[27.558595] (-) TimerEvent: {}
[27.659303] (-) TimerEvent: {}
[27.760140] (-) TimerEvent: {}
[27.788505] (path_planning) CommandEnded: {'returncode': 0}
[27.860314] (-) TimerEvent: {}
[27.961022] (-) TimerEvent: {}
[28.061820] (-) TimerEvent: {}
[28.162658] (-) TimerEvent: {}
[28.263369] (-) TimerEvent: {}
[28.364045] (-) TimerEvent: {}
[28.464680] (-) TimerEvent: {}
[28.565355] (-) TimerEvent: {}
[28.666589] (-) TimerEvent: {}
[28.768103] (-) TimerEvent: {}
[28.868531] (-) TimerEvent: {}
[28.918894] (path_planning) JobEnded: {'identifier': 'path_planning', 'rc': 0}
[28.934081] (-) EventReactorShutdown: {}
