[6.352s] DEBUG:colcon:Command line arguments: ['/usr/bin/colcon', 'build', '--symlink-install']
[6.353s] DEBUG:colcon:Parsed command line arguments: Namespace(ament_cmake_args=None, base_paths=['.'], build_base='build', catkin_cmake_args=None, catkin_skip_building_tests=False, cmake_args=None, cmake_clean_cache=False, cmake_clean_first=False, cmake_force_configure=False, cmake_target=None, cmake_target_skip_unavailable=False, continue_on_error=False, event_handlers=None, executor='parallel', ignore_user_meta=False, install_base='install', log_base=None, log_level=None, main=<bound method BuildVerb.main of <colcon_core.verb.build.BuildVerb object at 0x7f815b4ebc70>>, merge_install=False, metas=['./colcon.meta'], packages_above=None, packages_above_and_dependencies=None, packages_above_depth=None, packages_end=None, packages_ignore=None, packages_ignore_regex=None, packages_select=None, packages_select_build_failed=False, packages_select_by_dep=None, packages_select_regex=None, packages_select_test_failures=False, packages_skip=None, packages_skip_build_finished=False, packages_skip_by_dep=None, packages_skip_regex=None, packages_skip_test_passed=False, packages_skip_up_to=None, packages_start=None, packages_up_to=None, packages_up_to_regex=None, parallel_workers=8, paths=None, symlink_install=True, test_result_base=None, verb_extension=<colcon_core.verb.build.BuildVerb object at 0x7f815b4ebc70>, verb_name='build', verb_parser=<colcon_defaults.argument_parser.defaults.DefaultArgumentsDecorator object at 0x7f815b1779a0>)
[6.775s] Level 1:colcon.colcon_core.package_discovery:discover_packages(colcon_meta) check parameters
[6.777s] Level 1:colcon.colcon_core.package_discovery:discover_packages(recursive) check parameters
[6.778s] Level 1:colcon.colcon_core.package_discovery:discover_packages(ignore) check parameters
[6.778s] Level 1:colcon.colcon_core.package_discovery:discover_packages(path) check parameters
[6.779s] Level 1:colcon.colcon_core.package_discovery:discover_packages(colcon_meta) discover
[6.779s] Level 1:colcon.colcon_core.package_discovery:discover_packages(recursive) discover
[6.779s] INFO:colcon.colcon_core.package_discovery:Crawling recursively for packages in '/home/racecar/racecar_ws/src/lab6_path_planning/launch'
[6.781s] Level 1:colcon.colcon_core.package_identification:_identify(.) by extensions ['ignore', 'ignore_ament_install']
[6.781s] Level 1:colcon.colcon_core.package_identification:_identify(.) by extension 'ignore'
[6.782s] Level 1:colcon.colcon_core.package_identification:_identify(.) by extension 'ignore_ament_install'
[6.783s] Level 1:colcon.colcon_core.package_identification:_identify(.) by extensions ['colcon_pkg']
[6.783s] Level 1:colcon.colcon_core.package_identification:_identify(.) by extension 'colcon_pkg'
[6.784s] Level 1:colcon.colcon_core.package_identification:_identify(.) by extensions ['colcon_meta']
[6.784s] Level 1:colcon.colcon_core.package_identification:_identify(.) by extension 'colcon_meta'
[6.784s] Level 1:colcon.colcon_core.package_identification:_identify(.) by extensions ['ros']
[6.784s] Level 1:colcon.colcon_core.package_identification:_identify(.) by extension 'ros'
[6.817s] Level 1:colcon.colcon_core.package_identification:_identify(.) by extensions ['cmake', 'python']
[6.817s] Level 1:colcon.colcon_core.package_identification:_identify(.) by extension 'cmake'
[6.817s] Level 1:colcon.colcon_core.package_identification:_identify(.) by extension 'python'
[6.818s] Level 1:colcon.colcon_core.package_identification:_identify(.) by extensions ['python_setup_py']
[6.818s] Level 1:colcon.colcon_core.package_identification:_identify(.) by extension 'python_setup_py'
[6.823s] Level 1:colcon.colcon_core.package_identification:_identify(build) by extensions ['ignore', 'ignore_ament_install']
[6.823s] Level 1:colcon.colcon_core.package_identification:_identify(build) by extension 'ignore'
[6.824s] Level 1:colcon.colcon_core.package_identification:_identify(build) ignored
[6.827s] Level 1:colcon.colcon_core.package_identification:_identify(debug) by extensions ['ignore', 'ignore_ament_install']
[6.827s] Level 1:colcon.colcon_core.package_identification:_identify(debug) by extension 'ignore'
[6.828s] Level 1:colcon.colcon_core.package_identification:_identify(debug) by extension 'ignore_ament_install'
[6.829s] Level 1:colcon.colcon_core.package_identification:_identify(debug) by extensions ['colcon_pkg']
[6.829s] Level 1:colcon.colcon_core.package_identification:_identify(debug) by extension 'colcon_pkg'
[6.829s] Level 1:colcon.colcon_core.package_identification:_identify(debug) by extensions ['colcon_meta']
[6.829s] Level 1:colcon.colcon_core.package_identification:_identify(debug) by extension 'colcon_meta'
[6.830s] Level 1:colcon.colcon_core.package_identification:_identify(debug) by extensions ['ros']
[6.830s] Level 1:colcon.colcon_core.package_identification:_identify(debug) by extension 'ros'
[6.832s] Level 1:colcon.colcon_core.package_identification:_identify(debug) by extensions ['cmake', 'python']
[6.832s] Level 1:colcon.colcon_core.package_identification:_identify(debug) by extension 'cmake'
[6.833s] Level 1:colcon.colcon_core.package_identification:_identify(debug) by extension 'python'
[6.834s] Level 1:colcon.colcon_core.package_identification:_identify(debug) by extensions ['python_setup_py']
[6.834s] Level 1:colcon.colcon_core.package_identification:_identify(debug) by extension 'python_setup_py'
[6.838s] Level 1:colcon.colcon_core.package_identification:_identify(install) by extensions ['ignore', 'ignore_ament_install']
[6.839s] Level 1:colcon.colcon_core.package_identification:_identify(install) by extension 'ignore'
[6.839s] Level 1:colcon.colcon_core.package_identification:_identify(install) ignored
[6.842s] Level 1:colcon.colcon_core.package_identification:_identify(log) by extensions ['ignore', 'ignore_ament_install']
[6.842s] Level 1:colcon.colcon_core.package_identification:_identify(log) by extension 'ignore'
[6.843s] Level 1:colcon.colcon_core.package_identification:_identify(log) ignored
[6.844s] Level 1:colcon.colcon_core.package_identification:_identify(real) by extensions ['ignore', 'ignore_ament_install']
[6.845s] Level 1:colcon.colcon_core.package_identification:_identify(real) by extension 'ignore'
[6.845s] Level 1:colcon.colcon_core.package_identification:_identify(real) by extension 'ignore_ament_install'
[6.848s] Level 1:colcon.colcon_core.package_identification:_identify(real) by extensions ['colcon_pkg']
[6.848s] Level 1:colcon.colcon_core.package_identification:_identify(real) by extension 'colcon_pkg'
[6.849s] Level 1:colcon.colcon_core.package_identification:_identify(real) by extensions ['colcon_meta']
[6.849s] Level 1:colcon.colcon_core.package_identification:_identify(real) by extension 'colcon_meta'
[6.851s] Level 1:colcon.colcon_core.package_identification:_identify(real) by extensions ['ros']
[6.851s] Level 1:colcon.colcon_core.package_identification:_identify(real) by extension 'ros'
[6.854s] Level 1:colcon.colcon_core.package_identification:_identify(real) by extensions ['cmake', 'python']
[6.854s] Level 1:colcon.colcon_core.package_identification:_identify(real) by extension 'cmake'
[6.855s] Level 1:colcon.colcon_core.package_identification:_identify(real) by extension 'python'
[6.855s] Level 1:colcon.colcon_core.package_identification:_identify(real) by extensions ['python_setup_py']
[6.856s] Level 1:colcon.colcon_core.package_identification:_identify(real) by extension 'python_setup_py'
[6.858s] Level 1:colcon.colcon_core.package_identification:_identify(sim) by extensions ['ignore', 'ignore_ament_install']
[6.858s] Level 1:colcon.colcon_core.package_identification:_identify(sim) by extension 'ignore'
[6.858s] Level 1:colcon.colcon_core.package_identification:_identify(sim) by extension 'ignore_ament_install'
[6.859s] Level 1:colcon.colcon_core.package_identification:_identify(sim) by extensions ['colcon_pkg']
[6.860s] Level 1:colcon.colcon_core.package_identification:_identify(sim) by extension 'colcon_pkg'
[6.860s] Level 1:colcon.colcon_core.package_identification:_identify(sim) by extensions ['colcon_meta']
[6.860s] Level 1:colcon.colcon_core.package_identification:_identify(sim) by extension 'colcon_meta'
[6.861s] Level 1:colcon.colcon_core.package_identification:_identify(sim) by extensions ['ros']
[6.861s] Level 1:colcon.colcon_core.package_identification:_identify(sim) by extension 'ros'
[6.864s] Level 1:colcon.colcon_core.package_identification:_identify(sim) by extensions ['cmake', 'python']
[6.864s] Level 1:colcon.colcon_core.package_identification:_identify(sim) by extension 'cmake'
[6.865s] Level 1:colcon.colcon_core.package_identification:_identify(sim) by extension 'python'
[6.866s] Level 1:colcon.colcon_core.package_identification:_identify(sim) by extensions ['python_setup_py']
[6.866s] Level 1:colcon.colcon_core.package_identification:_identify(sim) by extension 'python_setup_py'
[6.868s] Level 1:colcon.colcon_core.package_discovery:discover_packages(recursive) using defaults
[6.868s] Level 1:colcon.colcon_core.package_discovery:discover_packages(ignore) discover
[6.868s] Level 1:colcon.colcon_core.package_discovery:discover_packages(ignore) using defaults
[6.868s] Level 1:colcon.colcon_core.package_discovery:discover_packages(path) discover
[6.868s] Level 1:colcon.colcon_core.package_discovery:discover_packages(path) using defaults
[7.450s] INFO:colcon.colcon_core.executor:Executing jobs using 'parallel' executor
[7.547s] DEBUG:colcon.colcon_parallel_executor.executor.parallel:run_until_complete
[7.547s] DEBUG:colcon.colcon_parallel_executor.executor.parallel:closing loop
[7.548s] DEBUG:colcon.colcon_parallel_executor.executor.parallel:loop closed
[7.548s] DEBUG:colcon.colcon_parallel_executor.executor.parallel:run_until_complete finished with '0'
[7.548s] DEBUG:colcon.colcon_core.event_reactor:joining thread
[7.738s] INFO:colcon.colcon_core.plugin_system:Skipping extension 'colcon_notification.desktop_notification.notify_send': Could not find 'notify-send'
[7.738s] INFO:colcon.colcon_core.plugin_system:Skipping extension 'colcon_notification.desktop_notification.terminal_notifier': Not used on non-Darwin systems
[7.738s] INFO:colcon.colcon_core.plugin_system:Skipping extension 'colcon_notification.desktop_notification.win32': Not used on non-Windows systems
[7.739s] INFO:colcon.colcon_notification.desktop_notification:Sending desktop notification using 'notify2'
[28.885s] DEBUG:colcon.colcon_notification.desktop_notification.notify2:Failed to initialize notify2: org.freedesktop.DBus.Error.Spawn.ExecFailed: /usr/bin/dbus-launch terminated abnormally with the following error: Autolaunch error: X11 initialization failed.

[28.886s] DEBUG:colcon.colcon_core.event_reactor:joined thread
[29.026s] INFO:colcon.colcon_core.plugin_system:Skipping extension 'colcon_core.shell.bat': Not used on non-Windows systems
[29.026s] INFO:colcon.colcon_core.shell:Creating prefix script '/home/racecar/racecar_ws/src/lab6_path_planning/launch/install/local_setup.ps1'
[29.035s] INFO:colcon.colcon_core.shell:Creating prefix util module '/home/racecar/racecar_ws/src/lab6_path_planning/launch/install/_local_setup_util_ps1.py'
[29.042s] INFO:colcon.colcon_core.shell:Creating prefix chain script '/home/racecar/racecar_ws/src/lab6_path_planning/launch/install/setup.ps1'
[29.174s] INFO:colcon.colcon_core.shell:Creating prefix script '/home/racecar/racecar_ws/src/lab6_path_planning/launch/install/local_setup.sh'
[29.179s] INFO:colcon.colcon_core.shell:Creating prefix util module '/home/racecar/racecar_ws/src/lab6_path_planning/launch/install/_local_setup_util_sh.py'
[29.187s] INFO:colcon.colcon_core.shell:Creating prefix chain script '/home/racecar/racecar_ws/src/lab6_path_planning/launch/install/setup.sh'
[29.321s] INFO:colcon.colcon_core.shell:Creating prefix script '/home/racecar/racecar_ws/src/lab6_path_planning/launch/install/local_setup.bash'
[29.328s] INFO:colcon.colcon_core.shell:Creating prefix chain script '/home/racecar/racecar_ws/src/lab6_path_planning/launch/install/setup.bash'
[29.465s] INFO:colcon.colcon_core.shell:Creating prefix script '/home/racecar/racecar_ws/src/lab6_path_planning/launch/install/local_setup.zsh'
[29.471s] INFO:colcon.colcon_core.shell:Creating prefix chain script '/home/racecar/racecar_ws/src/lab6_path_planning/launch/install/setup.zsh'
