[6.587s] DEBUG:colcon:Command line arguments: ['/usr/bin/colcon', 'build', '--symlink-install']
[6.588s] DEBUG:colcon:Parsed command line arguments: Namespace(ament_cmake_args=None, base_paths=['.'], build_base='build', catkin_cmake_args=None, catkin_skip_building_tests=False, cmake_args=None, cmake_clean_cache=False, cmake_clean_first=False, cmake_force_configure=False, cmake_target=None, cmake_target_skip_unavailable=False, continue_on_error=False, event_handlers=None, executor='parallel', ignore_user_meta=False, install_base='install', log_base=None, log_level=None, main=<bound method BuildVerb.main of <colcon_core.verb.build.BuildVerb object at 0x7f789e5a0c70>>, merge_install=False, metas=['./colcon.meta'], packages_above=None, packages_above_and_dependencies=None, packages_above_depth=None, packages_end=None, packages_ignore=None, packages_ignore_regex=None, packages_select=None, packages_select_build_failed=False, packages_select_by_dep=None, packages_select_regex=None, packages_select_test_failures=False, packages_skip=None, packages_skip_build_finished=False, packages_skip_by_dep=None, packages_skip_regex=None, packages_skip_test_passed=False, packages_skip_up_to=None, packages_start=None, packages_up_to=None, packages_up_to_regex=None, parallel_workers=8, paths=None, symlink_install=True, test_result_base=None, verb_extension=<colcon_core.verb.build.BuildVerb object at 0x7f789e5a0c70>, verb_name='build', verb_parser=<colcon_defaults.argument_parser.defaults.DefaultArgumentsDecorator object at 0x7f789e230400>)
[7.089s] Level 1:colcon.colcon_core.package_discovery:discover_packages(colcon_meta) check parameters
[7.090s] Level 1:colcon.colcon_core.package_discovery:discover_packages(recursive) check parameters
[7.090s] Level 1:colcon.colcon_core.package_discovery:discover_packages(ignore) check parameters
[7.090s] Level 1:colcon.colcon_core.package_discovery:discover_packages(path) check parameters
[7.090s] Level 1:colcon.colcon_core.package_discovery:discover_packages(colcon_meta) discover
[7.091s] Level 1:colcon.colcon_core.package_discovery:discover_packages(recursive) discover
[7.091s] INFO:colcon.colcon_core.package_discovery:Crawling recursively for packages in '/home/racecar/racecar_ws/src/lab6_path_planning'
[7.092s] Level 1:colcon.colcon_core.package_identification:_identify(.) by extensions ['ignore', 'ignore_ament_install']
[7.092s] Level 1:colcon.colcon_core.package_identification:_identify(.) by extension 'ignore'
[7.093s] Level 1:colcon.colcon_core.package_identification:_identify(.) by extension 'ignore_ament_install'
[7.094s] Level 1:colcon.colcon_core.package_identification:_identify(.) by extensions ['colcon_pkg']
[7.094s] Level 1:colcon.colcon_core.package_identification:_identify(.) by extension 'colcon_pkg'
[7.094s] Level 1:colcon.colcon_core.package_identification:_identify(.) by extensions ['colcon_meta']
[7.095s] Level 1:colcon.colcon_core.package_identification:_identify(.) by extension 'colcon_meta'
[7.095s] Level 1:colcon.colcon_core.package_identification:_identify(.) by extensions ['ros']
[7.095s] Level 1:colcon.colcon_core.package_identification:_identify(.) by extension 'ros'
[7.137s] DEBUG:colcon.colcon_core.package_identification:Package '.' with type 'ros.ament_python' and name 'path_planning'
[7.138s] Level 1:colcon.colcon_core.package_discovery:discover_packages(recursive) using defaults
[7.138s] Level 1:colcon.colcon_core.package_discovery:discover_packages(ignore) discover
[7.138s] Level 1:colcon.colcon_core.package_discovery:discover_packages(ignore) using defaults
[7.138s] Level 1:colcon.colcon_core.package_discovery:discover_packages(path) discover
[7.138s] Level 1:colcon.colcon_core.package_discovery:discover_packages(path) using defaults
[7.770s] Level 5:colcon.colcon_core.verb:set package 'path_planning' build argument 'cmake_args' from command line to 'None'
[7.771s] Level 5:colcon.colcon_core.verb:set package 'path_planning' build argument 'cmake_target' from command line to 'None'
[7.771s] Level 5:colcon.colcon_core.verb:set package 'path_planning' build argument 'cmake_target_skip_unavailable' from command line to 'False'
[7.771s] Level 5:colcon.colcon_core.verb:set package 'path_planning' build argument 'cmake_clean_cache' from command line to 'False'
[7.772s] Level 5:colcon.colcon_core.verb:set package 'path_planning' build argument 'cmake_clean_first' from command line to 'False'
[7.772s] Level 5:colcon.colcon_core.verb:set package 'path_planning' build argument 'cmake_force_configure' from command line to 'False'
[7.772s] Level 5:colcon.colcon_core.verb:set package 'path_planning' build argument 'ament_cmake_args' from command line to 'None'
[7.773s] Level 5:colcon.colcon_core.verb:set package 'path_planning' build argument 'catkin_cmake_args' from command line to 'None'
[7.773s] Level 5:colcon.colcon_core.verb:set package 'path_planning' build argument 'catkin_skip_building_tests' from command line to 'False'
[7.773s] DEBUG:colcon.colcon_core.verb:Building package 'path_planning' with the following arguments: {'ament_cmake_args': None, 'build_base': '/home/racecar/racecar_ws/src/lab6_path_planning/build/path_planning', 'catkin_cmake_args': None, 'catkin_skip_building_tests': False, 'cmake_args': None, 'cmake_clean_cache': False, 'cmake_clean_first': False, 'cmake_force_configure': False, 'cmake_target': None, 'cmake_target_skip_unavailable': False, 'install_base': '/home/racecar/racecar_ws/src/lab6_path_planning/install/path_planning', 'merge_install': False, 'path': '/home/racecar/racecar_ws/src/lab6_path_planning', 'symlink_install': True, 'test_result_base': None}
[7.868s] INFO:colcon.colcon_core.executor:Executing jobs using 'parallel' executor
[7.957s] DEBUG:colcon.colcon_parallel_executor.executor.parallel:run_until_complete
[7.958s] INFO:colcon.colcon_ros.task.ament_python.build:Building ROS package in '/home/racecar/racecar_ws/src/lab6_path_planning' with build type 'ament_python'
[7.958s] Level 1:colcon.colcon_core.shell:create_environment_hook('path_planning', 'ament_prefix_path')
[8.087s] INFO:colcon.colcon_core.plugin_system:Skipping extension 'colcon_core.shell.bat': Not used on non-Windows systems
[8.087s] INFO:colcon.colcon_core.shell:Creating environment hook '/home/racecar/racecar_ws/src/lab6_path_planning/install/path_planning/share/path_planning/hook/ament_prefix_path.ps1'
[8.103s] INFO:colcon.colcon_core.shell:Creating environment descriptor '/home/racecar/racecar_ws/src/lab6_path_planning/install/path_planning/share/path_planning/hook/ament_prefix_path.dsv'
[8.116s] INFO:colcon.colcon_core.shell:Creating environment hook '/home/racecar/racecar_ws/src/lab6_path_planning/install/path_planning/share/path_planning/hook/ament_prefix_path.sh'
[8.218s] INFO:colcon.colcon_core.shell:Skip shell extension 'powershell' for command environment: Not usable outside of PowerShell
[8.218s] DEBUG:colcon.colcon_core.shell:Skip shell extension 'dsv' for command environment
[12.161s] INFO:colcon.colcon_core.task.python.build:Building Python package in '/home/racecar/racecar_ws/src/lab6_path_planning'
[12.251s] INFO:colcon.colcon_core.shell:Skip shell extension 'powershell' for command environment: Not usable outside of PowerShell
[12.251s] DEBUG:colcon.colcon_core.shell:Skip shell extension 'dsv' for command environment
[18.507s] DEBUG:colcon.colcon_core.event_handler.log_command:Invoking command in '/home/racecar/racecar_ws/src/lab6_path_planning/build/path_planning': PYTHONPATH=/home/racecar/racecar_ws/src/lab6_path_planning/build/path_planning/prefix_override:/home/racecar/racecar_ws/src/lab6_path_planning/install/path_planning/lib/python3.8/site-packages:${PYTHONPATH} /usr/bin/python3 setup.py develop --editable --build-directory /home/racecar/racecar_ws/src/lab6_path_planning/build/path_planning/build --no-deps install_data
[24.970s] Level 1:colcon.colcon_core.shell:create_environment_hook('path_planning', 'pythonpath_develop')
[24.974s] DEBUG:colcon.colcon_core.event_handler.log_command:Invoked command in '/home/racecar/racecar_ws/src/lab6_path_planning/build/path_planning' returned '0': PYTHONPATH=/home/racecar/racecar_ws/src/lab6_path_planning/build/path_planning/prefix_override:/home/racecar/racecar_ws/src/lab6_path_planning/install/path_planning/lib/python3.8/site-packages:${PYTHONPATH} /usr/bin/python3 setup.py develop --editable --build-directory /home/racecar/racecar_ws/src/lab6_path_planning/build/path_planning/build --no-deps install_data
[25.061s] INFO:colcon.colcon_core.shell:Creating environment hook '/home/racecar/racecar_ws/src/lab6_path_planning/build/path_planning/share/path_planning/hook/pythonpath_develop.ps1'
[25.079s] INFO:colcon.colcon_core.shell:Creating environment descriptor '/home/racecar/racecar_ws/src/lab6_path_planning/build/path_planning/share/path_planning/hook/pythonpath_develop.dsv'
[25.093s] INFO:colcon.colcon_core.shell:Creating environment hook '/home/racecar/racecar_ws/src/lab6_path_planning/build/path_planning/share/path_planning/hook/pythonpath_develop.sh'
[25.243s] Level 1:colcon.colcon_core.environment:checking '/home/racecar/racecar_ws/src/lab6_path_planning/install/path_planning' for CMake module files
[25.310s] Level 1:colcon.colcon_core.environment:checking '/home/racecar/racecar_ws/src/lab6_path_planning/install/path_planning' for CMake config files
[25.435s] Level 1:colcon.colcon_core.environment:checking '/home/racecar/racecar_ws/src/lab6_path_planning/install/path_planning/lib'
[25.439s] Level 1:colcon.colcon_core.environment:checking '/home/racecar/racecar_ws/src/lab6_path_planning/install/path_planning/bin'
[25.441s] Level 1:colcon.colcon_core.environment:checking '/home/racecar/racecar_ws/src/lab6_path_planning/install/path_planning/lib/pkgconfig/path_planning.pc'
[25.443s] Level 1:colcon.colcon_core.environment:checking '/home/racecar/racecar_ws/src/lab6_path_planning/install/path_planning/lib/python3.8/site-packages'
[25.445s] Level 1:colcon.colcon_core.shell:create_environment_hook('path_planning', 'pythonpath')
[25.532s] INFO:colcon.colcon_core.shell:Creating environment hook '/home/racecar/racecar_ws/src/lab6_path_planning/install/path_planning/share/path_planning/hook/pythonpath.ps1'
[25.552s] INFO:colcon.colcon_core.shell:Creating environment descriptor '/home/racecar/racecar_ws/src/lab6_path_planning/install/path_planning/share/path_planning/hook/pythonpath.dsv'
[25.569s] INFO:colcon.colcon_core.shell:Creating environment hook '/home/racecar/racecar_ws/src/lab6_path_planning/install/path_planning/share/path_planning/hook/pythonpath.sh'
[25.584s] Level 1:colcon.colcon_core.environment:checking '/home/racecar/racecar_ws/src/lab6_path_planning/install/path_planning/bin'
[25.586s] Level 1:colcon.colcon_core.environment:create_environment_scripts_only(path_planning)
[25.677s] INFO:colcon.colcon_core.shell:Creating package script '/home/racecar/racecar_ws/src/lab6_path_planning/install/path_planning/share/path_planning/package.ps1'
[25.693s] INFO:colcon.colcon_core.shell:Creating package descriptor '/home/racecar/racecar_ws/src/lab6_path_planning/install/path_planning/share/path_planning/package.dsv'
[25.707s] INFO:colcon.colcon_core.shell:Creating package script '/home/racecar/racecar_ws/src/lab6_path_planning/install/path_planning/share/path_planning/package.sh'
[25.718s] INFO:colcon.colcon_core.shell:Creating package script '/home/racecar/racecar_ws/src/lab6_path_planning/install/path_planning/share/path_planning/package.bash'
[25.733s] INFO:colcon.colcon_core.shell:Creating package script '/home/racecar/racecar_ws/src/lab6_path_planning/install/path_planning/share/path_planning/package.zsh'
[25.748s] Level 1:colcon.colcon_core.environment:create_file_with_runtime_dependencies(/home/racecar/racecar_ws/src/lab6_path_planning/install/path_planning/share/colcon-core/packages/path_planning)
[25.761s] DEBUG:colcon.colcon_parallel_executor.executor.parallel:closing loop
[25.761s] DEBUG:colcon.colcon_parallel_executor.executor.parallel:loop closed
[25.762s] DEBUG:colcon.colcon_parallel_executor.executor.parallel:run_until_complete finished with '0'
[25.762s] DEBUG:colcon.colcon_core.event_reactor:joining thread
[25.952s] INFO:colcon.colcon_core.plugin_system:Skipping extension 'colcon_notification.desktop_notification.notify_send': Could not find 'notify-send'
[25.952s] INFO:colcon.colcon_core.plugin_system:Skipping extension 'colcon_notification.desktop_notification.terminal_notifier': Not used on non-Darwin systems
[25.953s] INFO:colcon.colcon_core.plugin_system:Skipping extension 'colcon_notification.desktop_notification.win32': Not used on non-Windows systems
[25.953s] INFO:colcon.colcon_notification.desktop_notification:Sending desktop notification using 'notify2'
[29.203s] DEBUG:colcon.colcon_notification.desktop_notification.notify2:Failed to initialize notify2: org.freedesktop.DBus.Error.Spawn.ExecFailed: /usr/bin/dbus-launch terminated abnormally with the following error: Autolaunch error: X11 initialization failed.

[29.203s] DEBUG:colcon.colcon_core.event_reactor:joined thread
[29.295s] INFO:colcon.colcon_core.shell:Creating prefix script '/home/racecar/racecar_ws/src/lab6_path_planning/install/local_setup.ps1'
[29.301s] INFO:colcon.colcon_core.shell:Creating prefix util module '/home/racecar/racecar_ws/src/lab6_path_planning/install/_local_setup_util_ps1.py'
[29.309s] INFO:colcon.colcon_core.shell:Creating prefix chain script '/home/racecar/racecar_ws/src/lab6_path_planning/install/setup.ps1'
[29.452s] INFO:colcon.colcon_core.shell:Creating prefix script '/home/racecar/racecar_ws/src/lab6_path_planning/install/local_setup.sh'
[29.457s] INFO:colcon.colcon_core.shell:Creating prefix util module '/home/racecar/racecar_ws/src/lab6_path_planning/install/_local_setup_util_sh.py'
[29.463s] INFO:colcon.colcon_core.shell:Creating prefix chain script '/home/racecar/racecar_ws/src/lab6_path_planning/install/setup.sh'
[29.596s] INFO:colcon.colcon_core.shell:Creating prefix script '/home/racecar/racecar_ws/src/lab6_path_planning/install/local_setup.bash'
[29.602s] INFO:colcon.colcon_core.shell:Creating prefix chain script '/home/racecar/racecar_ws/src/lab6_path_planning/install/setup.bash'
[29.736s] INFO:colcon.colcon_core.shell:Creating prefix script '/home/racecar/racecar_ws/src/lab6_path_planning/install/local_setup.zsh'
[29.741s] INFO:colcon.colcon_core.shell:Creating prefix chain script '/home/racecar/racecar_ws/src/lab6_path_planning/install/setup.zsh'
